{"C:\\Users\\yhbde\\OneDrive\\Desktop\\FreelanceJob\\FLB61\\server\\index.js": {"path":"C:\\Users\\yhbde\\OneDrive\\Desktop\\FreelanceJob\\FLB61\\server\\index.js","statementMap":{"0":{"start":{"line":34,"column":0},"end":{"line":34,"column":16}},"1":{"start":{"line":37,"column":24},"end":{"line":37,"column":53}},"2":{"start":{"line":38,"column":0},"end":{"line":43,"column":1}},"3":{"start":{"line":39,"column":2},"end":{"line":42,"column":3}},"4":{"start":{"line":40,"column":4},"end":{"line":40,"column":63}},"5":{"start":{"line":41,"column":4},"end":{"line":41,"column":20}},"6":{"start":{"line":46,"column":12},"end":{"line":46,"column":21}},"7":{"start":{"line":47,"column":15},"end":{"line":47,"column":37}},"8":{"start":{"line":50,"column":0},"end":{"line":50,"column":13}},"9":{"start":{"line":53,"column":11},"end":{"line":57,"column":2}},"10":{"start":{"line":60,"column":0},"end":{"line":63,"column":1}},"11":{"start":{"line":61,"column":2},"end":{"line":61,"column":45}},"12":{"start":{"line":62,"column":2},"end":{"line":62,"column":18}},"13":{"start":{"line":66,"column":0},"end":{"line":85,"column":1}},"14":{"start":{"line":67,"column":2},"end":{"line":73,"column":7}},"15":{"start":{"line":68,"column":16},"end":{"line":68,"column":51}},"16":{"start":{"line":70,"column":6},"end":{"line":70,"column":72}},"17":{"start":{"line":71,"column":6},"end":{"line":71,"column":54}},"18":{"start":{"line":72,"column":6},"end":{"line":72,"column":22}},"19":{"start":{"line":76,"column":2},"end":{"line":79,"column":5}},"20":{"start":{"line":77,"column":4},"end":{"line":77,"column":70}},"21":{"start":{"line":78,"column":4},"end":{"line":78,"column":52}},"22":{"start":{"line":81,"column":2},"end":{"line":84,"column":5}},"23":{"start":{"line":82,"column":4},"end":{"line":82,"column":40}},"24":{"start":{"line":83,"column":4},"end":{"line":83,"column":40}},"25":{"start":{"line":88,"column":0},"end":{"line":88,"column":26}},"26":{"start":{"line":91,"column":0},"end":{"line":91,"column":41}},"27":{"start":{"line":92,"column":0},"end":{"line":92,"column":63}},"28":{"start":{"line":93,"column":0},"end":{"line":93,"column":26}},"29":{"start":{"line":94,"column":0},"end":{"line":94,"column":51}},"30":{"start":{"line":97,"column":0},"end":{"line":97,"column":80}},"31":{"start":{"line":100,"column":19},"end":{"line":100,"column":61}},"32":{"start":{"line":101,"column":0},"end":{"line":103,"column":1}},"33":{"start":{"line":102,"column":2},"end":{"line":102,"column":48}},"34":{"start":{"line":106,"column":0},"end":{"line":106,"column":22}},"35":{"start":{"line":107,"column":0},"end":{"line":107,"column":27}},"36":{"start":{"line":108,"column":0},"end":{"line":108,"column":25}},"37":{"start":{"line":111,"column":0},"end":{"line":115,"column":1}},"38":{"start":{"line":112,"column":2},"end":{"line":112,"column":23}},"39":{"start":{"line":113,"column":2},"end":{"line":113,"column":36}},"40":{"start":{"line":114,"column":2},"end":{"line":114,"column":30}},"41":{"start":{"line":118,"column":0},"end":{"line":118,"column":33}},"42":{"start":{"line":119,"column":0},"end":{"line":119,"column":32}},"43":{"start":{"line":120,"column":0},"end":{"line":120,"column":35}},"44":{"start":{"line":121,"column":0},"end":{"line":121,"column":40}},"45":{"start":{"line":122,"column":0},"end":{"line":122,"column":34}},"46":{"start":{"line":123,"column":0},"end":{"line":123,"column":55}},"47":{"start":{"line":124,"column":0},"end":{"line":124,"column":38}},"48":{"start":{"line":127,"column":0},"end":{"line":129,"column":3}},"49":{"start":{"line":128,"column":2},"end":{"line":128,"column":29}},"50":{"start":{"line":132,"column":0},"end":{"line":138,"column":3}},"51":{"start":{"line":133,"column":2},"end":{"line":133,"column":40}},"52":{"start":{"line":134,"column":2},"end":{"line":137,"column":5}},"53":{"start":{"line":144,"column":0},"end":{"line":159,"column":1}},"54":{"start":{"line":145,"column":15},"end":{"line":145,"column":39}},"55":{"start":{"line":146,"column":2},"end":{"line":148,"column":5}},"56":{"start":{"line":147,"column":4},"end":{"line":147,"column":50}},"57":{"start":{"line":151,"column":2},"end":{"line":158,"column":5}},"58":{"start":{"line":152,"column":4},"end":{"line":152,"column":36}},"59":{"start":{"line":153,"column":4},"end":{"line":157,"column":7}},"60":{"start":{"line":154,"column":6},"end":{"line":156,"column":9}},"61":{"start":{"line":155,"column":8},"end":{"line":155,"column":24}}},"fnMap":{"0":{"name":"(anonymous_0)","decl":{"start":{"line":68,"column":10},"end":{"line":68,"column":11}},"loc":{"start":{"line":68,"column":16},"end":{"line":68,"column":51}},"line":68},"1":{"name":"(anonymous_1)","decl":{"start":{"line":69,"column":11},"end":{"line":69,"column":12}},"loc":{"start":{"line":69,"column":20},"end":{"line":73,"column":5}},"line":69},"2":{"name":"(anonymous_2)","decl":{"start":{"line":76,"column":34},"end":{"line":76,"column":35}},"loc":{"start":{"line":76,"column":41},"end":{"line":79,"column":3}},"line":76},"3":{"name":"(anonymous_3)","decl":{"start":{"line":81,"column":41},"end":{"line":81,"column":42}},"loc":{"start":{"line":81,"column":47},"end":{"line":84,"column":3}},"line":81},"4":{"name":"(anonymous_4)","decl":{"start":{"line":127,"column":19},"end":{"line":127,"column":20}},"loc":{"start":{"line":127,"column":33},"end":{"line":129,"column":1}},"line":127},"5":{"name":"(anonymous_5)","decl":{"start":{"line":132,"column":8},"end":{"line":132,"column":9}},"loc":{"start":{"line":132,"column":33},"end":{"line":138,"column":1}},"line":132},"6":{"name":"(anonymous_6)","decl":{"start":{"line":146,"column":22},"end":{"line":146,"column":23}},"loc":{"start":{"line":146,"column":28},"end":{"line":148,"column":3}},"line":146},"7":{"name":"(anonymous_7)","decl":{"start":{"line":151,"column":24},"end":{"line":151,"column":25}},"loc":{"start":{"line":151,"column":30},"end":{"line":158,"column":3}},"line":151},"8":{"name":"(anonymous_8)","decl":{"start":{"line":153,"column":17},"end":{"line":153,"column":18}},"loc":{"start":{"line":153,"column":23},"end":{"line":157,"column":5}},"line":153},"9":{"name":"(anonymous_9)","decl":{"start":{"line":154,"column":39},"end":{"line":154,"column":40}},"loc":{"start":{"line":154,"column":45},"end":{"line":156,"column":7}},"line":154}},"branchMap":{"0":{"loc":{"start":{"line":39,"column":2},"end":{"line":42,"column":3}},"type":"if","locations":[{"start":{"line":39,"column":2},"end":{"line":42,"column":3}},{"start":{},"end":{}}],"line":39},"1":{"loc":{"start":{"line":60,"column":0},"end":{"line":63,"column":1}},"type":"if","locations":[{"start":{"line":60,"column":0},"end":{"line":63,"column":1}},{"start":{},"end":{}}],"line":60},"2":{"loc":{"start":{"line":60,"column":4},"end":{"line":60,"column":63}},"type":"binary-expr","locations":[{"start":{"line":60,"column":4},"end":{"line":60,"column":28}},{"start":{"line":60,"column":32},"end":{"line":60,"column":63}}],"line":60},"3":{"loc":{"start":{"line":66,"column":0},"end":{"line":85,"column":1}},"type":"if","locations":[{"start":{"line":66,"column":0},"end":{"line":85,"column":1}},{"start":{},"end":{}}],"line":66},"4":{"loc":{"start":{"line":101,"column":0},"end":{"line":103,"column":1}},"type":"if","locations":[{"start":{"line":101,"column":0},"end":{"line":103,"column":1}},{"start":{},"end":{}}],"line":101},"5":{"loc":{"start":{"line":111,"column":0},"end":{"line":115,"column":1}},"type":"if","locations":[{"start":{"line":111,"column":0},"end":{"line":115,"column":1}},{"start":{},"end":{}}],"line":111},"6":{"loc":{"start":{"line":134,"column":13},"end":{"line":134,"column":30}},"type":"binary-expr","locations":[{"start":{"line":134,"column":13},"end":{"line":134,"column":23}},{"start":{"line":134,"column":27},"end":{"line":134,"column":30}}],"line":134},"7":{"loc":{"start":{"line":135,"column":13},"end":{"line":135,"column":51}},"type":"binary-expr","locations":[{"start":{"line":135,"column":13},"end":{"line":135,"column":24}},{"start":{"line":135,"column":28},"end":{"line":135,"column":51}}],"line":135},"8":{"loc":{"start":{"line":136,"column":8},"end":{"line":136,"column":70}},"type":"binary-expr","locations":[{"start":{"line":136,"column":8},"end":{"line":136,"column":46}},{"start":{"line":136,"column":50},"end":{"line":136,"column":70}}],"line":136},"9":{"loc":{"start":{"line":144,"column":0},"end":{"line":159,"column":1}},"type":"if","locations":[{"start":{"line":144,"column":0},"end":{"line":159,"column":1}},{"start":{},"end":{}}],"line":144},"10":{"loc":{"start":{"line":145,"column":15},"end":{"line":145,"column":39}},"type":"binary-expr","locations":[{"start":{"line":145,"column":15},"end":{"line":145,"column":31}},{"start":{"line":145,"column":35},"end":{"line":145,"column":39}}],"line":145}},"s":{"0":5,"1":5,"2":5,"3":10,"4":0,"5":0,"6":5,"7":5,"8":5,"9":5,"10":5,"11":0,"12":0,"13":5,"14":0,"15":0,"16":0,"17":0,"18":0,"19":0,"20":0,"21":0,"22":0,"23":0,"24":0,"25":5,"26":5,"27":5,"28":5,"29":5,"30":5,"31":5,"32":5,"33":0,"34":5,"35":5,"36":5,"37":5,"38":0,"39":0,"40":0,"41":5,"42":5,"43":5,"44":5,"45":5,"46":5,"47":5,"48":5,"49":0,"50":5,"51":0,"52":0,"53":5,"54":0,"55":0,"56":0,"57":0,"58":0,"59":0,"60":0,"61":0},"f":{"0":0,"1":0,"2":0,"3":0,"4":0,"5":0,"6":0,"7":0,"8":0,"9":0},"b":{"0":[0,10],"1":[0,5],"2":[5,0],"3":[0,5],"4":[0,5],"5":[0,5],"6":[0,0],"7":[0,0],"8":[0,0],"9":[0,5],"10":[0,0]},"_coverageSchema":"1a1c01bbd47fc00a2c39e90264f33305004495a9","hash":"1b8cc1b64bbdfe57e60b1cfc362dc6e9cd6f0fc9"}
,"C:\\Users\\yhbde\\OneDrive\\Desktop\\FreelanceJob\\FLB61\\server\\config\\logger.js": {"path":"C:\\Users\\yhbde\\OneDrive\\Desktop\\FreelanceJob\\FLB61\\server\\config\\logger.js","statementMap":{"0":{"start":{"line":5,"column":19},"end":{"line":11,"column":1}},"1":{"start":{"line":14,"column":21},"end":{"line":48,"column":1}},"2":{"start":{"line":15,"column":20},"end":{"line":21,"column":3}},"3":{"start":{"line":23,"column":17},"end":{"line":30,"column":4}},"4":{"start":{"line":33,"column":2},"end":{"line":45,"column":4}},"5":{"start":{"line":38,"column":10},"end":{"line":40,"column":13}},"6":{"start":{"line":47,"column":2},"end":{"line":47,"column":16}},"7":{"start":{"line":51,"column":15},"end":{"line":51,"column":76}},"8":{"start":{"line":54,"column":25},"end":{"line":66,"column":1}},"9":{"start":{"line":61,"column":8},"end":{"line":61,"column":36}},"10":{"start":{"line":64,"column":24},"end":{"line":64,"column":55}}},"fnMap":{"0":{"name":"(anonymous_0)","decl":{"start":{"line":6,"column":9},"end":{"line":6,"column":10}},"loc":{"start":{"line":6,"column":15},"end":{"line":6,"column":17}},"line":6},"1":{"name":"(anonymous_1)","decl":{"start":{"line":7,"column":8},"end":{"line":7,"column":9}},"loc":{"start":{"line":7,"column":14},"end":{"line":7,"column":16}},"line":7},"2":{"name":"(anonymous_2)","decl":{"start":{"line":8,"column":8},"end":{"line":8,"column":9}},"loc":{"start":{"line":8,"column":14},"end":{"line":8,"column":16}},"line":8},"3":{"name":"(anonymous_3)","decl":{"start":{"line":9,"column":8},"end":{"line":9,"column":9}},"loc":{"start":{"line":9,"column":14},"end":{"line":9,"column":16}},"line":9},"4":{"name":"(anonymous_4)","decl":{"start":{"line":10,"column":9},"end":{"line":10,"column":10}},"loc":{"start":{"line":10,"column":15},"end":{"line":10,"column":17}},"line":10},"5":{"name":"(anonymous_5)","decl":{"start":{"line":14,"column":21},"end":{"line":14,"column":22}},"loc":{"start":{"line":14,"column":27},"end":{"line":48,"column":1}},"line":14},"6":{"name":"(anonymous_6)","decl":{"start":{"line":37,"column":30},"end":{"line":37,"column":31}},"loc":{"start":{"line":37,"column":74},"end":{"line":41,"column":9}},"line":37},"7":{"name":"(anonymous_7)","decl":{"start":{"line":60,"column":13},"end":{"line":60,"column":14}},"loc":{"start":{"line":60,"column":26},"end":{"line":62,"column":7}},"line":60},"8":{"name":"(anonymous_8)","decl":{"start":{"line":64,"column":10},"end":{"line":64,"column":11}},"loc":{"start":{"line":64,"column":24},"end":{"line":64,"column":55}},"line":64}},"branchMap":{"0":{"loc":{"start":{"line":39,"column":12},"end":{"line":39,"column":73}},"type":"cond-expr","locations":[{"start":{"line":39,"column":39},"end":{"line":39,"column":68}},{"start":{"line":39,"column":71},"end":{"line":39,"column":73}}],"line":39},"1":{"loc":{"start":{"line":43,"column":13},"end":{"line":43,"column":64}},"type":"cond-expr","locations":[{"start":{"line":43,"column":47},"end":{"line":43,"column":54}},{"start":{"line":43,"column":57},"end":{"line":43,"column":64}}],"line":43},"2":{"loc":{"start":{"line":51,"column":15},"end":{"line":51,"column":76}},"type":"cond-expr","locations":[{"start":{"line":51,"column":49},"end":{"line":51,"column":59}},{"start":{"line":51,"column":62},"end":{"line":51,"column":76}}],"line":51},"3":{"loc":{"start":{"line":55,"column":2},"end":{"line":57,"column":69}},"type":"cond-expr","locations":[{"start":{"line":56,"column":6},"end":{"line":56,"column":46}},{"start":{"line":57,"column":6},"end":{"line":57,"column":69}}],"line":55}},"s":{"0":5,"1":5,"2":0,"3":0,"4":0,"5":0,"6":0,"7":5,"8":5,"9":0,"10":70},"f":{"0":20,"1":0,"2":6,"3":0,"4":0,"5":0,"6":0,"7":0,"8":70},"b":{"0":[0,0],"1":[0,0],"2":[5,0],"3":[0,5]},"_coverageSchema":"1a1c01bbd47fc00a2c39e90264f33305004495a9","hash":"16de3c21d47d14ff3908c86e71053b2a46031098"}
,"C:\\Users\\yhbde\\OneDrive\\Desktop\\FreelanceJob\\FLB61\\server\\config\\security.js": {"path":"C:\\Users\\yhbde\\OneDrive\\Desktop\\FreelanceJob\\FLB61\\server\\config\\security.js","statementMap":{"0":{"start":{"line":8,"column":27},"end":{"line":15,"column":2}},"1":{"start":{"line":14,"column":14},"end":{"line":14,"column":52}},"2":{"start":{"line":18,"column":27},"end":{"line":23,"column":2}},"3":{"start":{"line":26,"column":26},"end":{"line":30,"column":2}},"4":{"start":{"line":33,"column":28},"end":{"line":49,"column":2}},"5":{"start":{"line":52,"column":33},"end":{"line":61,"column":2}},"6":{"start":{"line":56,"column":4},"end":{"line":58,"column":5}},"7":{"start":{"line":57,"column":6},"end":{"line":57,"column":19}},"8":{"start":{"line":59,"column":4},"end":{"line":59,"column":40}},"9":{"start":{"line":64,"column":26},"end":{"line":84,"column":1}},"10":{"start":{"line":66,"column":27},"end":{"line":66,"column":115}},"11":{"start":{"line":69,"column":4},"end":{"line":71,"column":5}},"12":{"start":{"line":70,"column":6},"end":{"line":70,"column":34}},"13":{"start":{"line":73,"column":4},"end":{"line":77,"column":5}},"14":{"start":{"line":74,"column":6},"end":{"line":74,"column":27}},"15":{"start":{"line":76,"column":6},"end":{"line":76,"column":49}},"16":{"start":{"line":87,"column":31},"end":{"line":101,"column":1}},"17":{"start":{"line":88,"column":18},"end":{"line":92,"column":3}},"18":{"start":{"line":95,"column":2},"end":{"line":97,"column":3}},"19":{"start":{"line":96,"column":4},"end":{"line":96,"column":40}},"20":{"start":{"line":99,"column":2},"end":{"line":99,"column":19}},"21":{"start":{"line":100,"column":2},"end":{"line":100,"column":9}}},"fnMap":{"0":{"name":"(anonymous_0)","decl":{"start":{"line":14,"column":8},"end":{"line":14,"column":9}},"loc":{"start":{"line":14,"column":14},"end":{"line":14,"column":52}},"line":14},"1":{"name":"(anonymous_1)","decl":{"start":{"line":55,"column":10},"end":{"line":55,"column":11}},"loc":{"start":{"line":55,"column":24},"end":{"line":60,"column":3}},"line":55},"2":{"name":"(anonymous_2)","decl":{"start":{"line":65,"column":10},"end":{"line":65,"column":11}},"loc":{"start":{"line":65,"column":37},"end":{"line":78,"column":3}},"line":65},"3":{"name":"(anonymous_3)","decl":{"start":{"line":87,"column":31},"end":{"line":87,"column":32}},"loc":{"start":{"line":87,"column":51},"end":{"line":101,"column":1}},"line":87}},"branchMap":{"0":{"loc":{"start":{"line":9,"column":12},"end":{"line":9,"column":71}},"type":"binary-expr","locations":[{"start":{"line":9,"column":12},"end":{"line":9,"column":53}},{"start":{"line":9,"column":57},"end":{"line":9,"column":71}}],"line":9},"1":{"loc":{"start":{"line":10,"column":7},"end":{"line":10,"column":40}},"type":"binary-expr","locations":[{"start":{"line":10,"column":7},"end":{"line":10,"column":33}},{"start":{"line":10,"column":37},"end":{"line":10,"column":40}}],"line":10},"2":{"loc":{"start":{"line":56,"column":4},"end":{"line":58,"column":5}},"type":"if","locations":[{"start":{"line":56,"column":4},"end":{"line":58,"column":5}},{"start":{},"end":{}}],"line":56},"3":{"loc":{"start":{"line":66,"column":27},"end":{"line":66,"column":115}},"type":"cond-expr","locations":[{"start":{"line":66,"column":53},"end":{"line":66,"column":87}},{"start":{"line":66,"column":90},"end":{"line":66,"column":115}}],"line":66},"4":{"loc":{"start":{"line":69,"column":4},"end":{"line":71,"column":5}},"type":"if","locations":[{"start":{"line":69,"column":4},"end":{"line":71,"column":5}},{"start":{},"end":{}}],"line":69},"5":{"loc":{"start":{"line":73,"column":4},"end":{"line":77,"column":5}},"type":"if","locations":[{"start":{"line":73,"column":4},"end":{"line":77,"column":5}},{"start":{"line":75,"column":11},"end":{"line":77,"column":5}}],"line":73},"6":{"loc":{"start":{"line":73,"column":8},"end":{"line":73,"column":87}},"type":"binary-expr","locations":[{"start":{"line":73,"column":8},"end":{"line":73,"column":45}},{"start":{"line":73,"column":49},"end":{"line":73,"column":87}}],"line":73},"7":{"loc":{"start":{"line":95,"column":2},"end":{"line":97,"column":3}},"type":"if","locations":[{"start":{"line":95,"column":2},"end":{"line":97,"column":3}},{"start":{},"end":{}}],"line":95}},"s":{"0":5,"1":0,"2":5,"3":5,"4":5,"5":5,"6":70,"7":0,"8":70,"9":5,"10":70,"11":70,"12":70,"13":0,"14":0,"15":0,"16":5,"17":70,"18":70,"19":0,"20":70,"21":70},"f":{"0":0,"1":70,"2":70,"3":70},"b":{"0":[5,5],"1":[5,5],"2":[0,70],"3":[70,0],"4":[70,0],"5":[0,0],"6":[0,0],"7":[0,70]},"_coverageSchema":"1a1c01bbd47fc00a2c39e90264f33305004495a9","hash":"72e628dd41ac2d7e32d30cd0cf008553170f0ce9"}
,"C:\\Users\\yhbde\\OneDrive\\Desktop\\FreelanceJob\\FLB61\\server\\config\\sentry.js": {"path":"C:\\Users\\yhbde\\OneDrive\\Desktop\\FreelanceJob\\FLB61\\server\\config\\sentry.js","statementMap":{"0":{"start":{"line":5,"column":26},"end":{"line":33,"column":1}},"1":{"start":{"line":6,"column":2},"end":{"line":32,"column":3}},"2":{"start":{"line":7,"column":4},"end":{"line":29,"column":5}},"3":{"start":{"line":8,"column":6},"end":{"line":24,"column":9}},"4":{"start":{"line":18,"column":10},"end":{"line":21,"column":11}},"5":{"start":{"line":19,"column":12},"end":{"line":19,"column":36}},"6":{"start":{"line":20,"column":12},"end":{"line":20,"column":41}},"7":{"start":{"line":22,"column":10},"end":{"line":22,"column":23}},"8":{"start":{"line":26,"column":6},"end":{"line":26,"column":53}},"9":{"start":{"line":28,"column":6},"end":{"line":28,"column":83}},"10":{"start":{"line":31,"column":4},"end":{"line":31,"column":60}}},"fnMap":{"0":{"name":"(anonymous_0)","decl":{"start":{"line":5,"column":26},"end":{"line":5,"column":27}},"loc":{"start":{"line":5,"column":32},"end":{"line":33,"column":1}},"line":5},"1":{"name":"(anonymous_1)","decl":{"start":{"line":16,"column":8},"end":{"line":16,"column":9}},"loc":{"start":{"line":16,"column":26},"end":{"line":23,"column":9}},"line":16}},"branchMap":{"0":{"loc":{"start":{"line":7,"column":4},"end":{"line":29,"column":5}},"type":"if","locations":[{"start":{"line":7,"column":4},"end":{"line":29,"column":5}},{"start":{"line":27,"column":11},"end":{"line":29,"column":5}}],"line":7},"1":{"loc":{"start":{"line":7,"column":8},"end":{"line":7,"column":71}},"type":"binary-expr","locations":[{"start":{"line":7,"column":8},"end":{"line":7,"column":45}},{"start":{"line":7,"column":49},"end":{"line":7,"column":71}}],"line":7},"2":{"loc":{"start":{"line":18,"column":10},"end":{"line":21,"column":11}},"type":"if","locations":[{"start":{"line":18,"column":10},"end":{"line":21,"column":11}},{"start":{},"end":{}}],"line":18}},"s":{"0":5,"1":5,"2":5,"3":0,"4":0,"5":0,"6":0,"7":0,"8":0,"9":5,"10":0},"f":{"0":5,"1":0},"b":{"0":[0,5],"1":[5,0],"2":[0,0]},"_coverageSchema":"1a1c01bbd47fc00a2c39e90264f33305004495a9","hash":"883e112fa0f97271f4222897a64a93c6be54679b"}
,"C:\\Users\\yhbde\\OneDrive\\Desktop\\FreelanceJob\\FLB61\\server\\config\\swagger.js": {"path":"C:\\Users\\yhbde\\OneDrive\\Desktop\\FreelanceJob\\FLB61\\server\\config\\swagger.js","statementMap":{"0":{"start":{"line":3,"column":23},"end":{"line":127,"column":1}},"1":{"start":{"line":129,"column":21},"end":{"line":129,"column":49}}},"fnMap":{},"branchMap":{"0":{"loc":{"start":{"line":21,"column":13},"end":{"line":23,"column":42}},"type":"cond-expr","locations":[{"start":{"line":22,"column":12},"end":{"line":22,"column":45}},{"start":{"line":23,"column":12},"end":{"line":23,"column":42}}],"line":21},"1":{"loc":{"start":{"line":27,"column":13},"end":{"line":29,"column":42}},"type":"cond-expr","locations":[{"start":{"line":28,"column":12},"end":{"line":28,"column":45}},{"start":{"line":29,"column":12},"end":{"line":29,"column":42}}],"line":27}},"s":{"0":5,"1":5},"f":{},"b":{"0":[0,5],"1":[0,5]},"_coverageSchema":"1a1c01bbd47fc00a2c39e90264f33305004495a9","hash":"e332a6af9698f25a91fefd8cd4f1d52e30430026"}
,"C:\\Users\\yhbde\\OneDrive\\Desktop\\FreelanceJob\\FLB61\\server\\controllers\\adminController.js": {"path":"C:\\Users\\yhbde\\OneDrive\\Desktop\\FreelanceJob\\FLB61\\server\\controllers\\adminController.js","statementMap":{"0":{"start":{"line":10,"column":33},"end":{"line":72,"column":1}},"1":{"start":{"line":11,"column":2},"end":{"line":71,"column":3}},"2":{"start":{"line":12,"column":50},"end":{"line":17,"column":6}},"3":{"start":{"line":20,"column":24},"end":{"line":22,"column":6}},"4":{"start":{"line":24,"column":22},"end":{"line":24,"column":24}},"5":{"start":{"line":25,"column":4},"end":{"line":27,"column":7}},"6":{"start":{"line":26,"column":6},"end":{"line":26,"column":39}},"7":{"start":{"line":30,"column":25},"end":{"line":32,"column":6}},"8":{"start":{"line":34,"column":27},"end":{"line":34,"column":29}},"9":{"start":{"line":35,"column":4},"end":{"line":37,"column":7}},"10":{"start":{"line":36,"column":6},"end":{"line":36,"column":44}},"11":{"start":{"line":40,"column":27},"end":{"line":48,"column":68}},"12":{"start":{"line":48,"column":22},"end":{"line":48,"column":67}},"13":{"start":{"line":50,"column":4},"end":{"line":67,"column":7}},"14":{"start":{"line":69,"column":4},"end":{"line":69,"column":54}},"15":{"start":{"line":70,"column":4},"end":{"line":70,"column":71}},"16":{"start":{"line":75,"column":24},"end":{"line":106,"column":1}},"17":{"start":{"line":76,"column":2},"end":{"line":105,"column":3}},"18":{"start":{"line":77,"column":17},"end":{"line":77,"column":46}},"19":{"start":{"line":78,"column":18},"end":{"line":78,"column":49}},"20":{"start":{"line":80,"column":18},"end":{"line":80,"column":20}},"21":{"start":{"line":81,"column":4},"end":{"line":83,"column":5}},"22":{"start":{"line":82,"column":6},"end":{"line":82,"column":34}},"23":{"start":{"line":85,"column":27},"end":{"line":92,"column":6}},"24":{"start":{"line":94,"column":4},"end":{"line":101,"column":7}},"25":{"start":{"line":103,"column":4},"end":{"line":103,"column":44}},"26":{"start":{"line":104,"column":4},"end":{"line":104,"column":61}},"27":{"start":{"line":108,"column":27},"end":{"line":119,"column":1}},"28":{"start":{"line":109,"column":2},"end":{"line":118,"column":3}},"29":{"start":{"line":110,"column":17},"end":{"line":110,"column":71}},"30":{"start":{"line":111,"column":4},"end":{"line":113,"column":5}},"31":{"start":{"line":112,"column":6},"end":{"line":112,"column":65}},"32":{"start":{"line":114,"column":4},"end":{"line":114,"column":23}},"33":{"start":{"line":116,"column":4},"end":{"line":116,"column":43}},"34":{"start":{"line":117,"column":4},"end":{"line":117,"column":60}},"35":{"start":{"line":121,"column":26},"end":{"line":149,"column":1}},"36":{"start":{"line":122,"column":2},"end":{"line":148,"column":3}},"37":{"start":{"line":124,"column":4},"end":{"line":126,"column":5}},"38":{"start":{"line":125,"column":6},"end":{"line":125,"column":73}},"39":{"start":{"line":128,"column":17},"end":{"line":132,"column":25}},"40":{"start":{"line":134,"column":4},"end":{"line":136,"column":5}},"41":{"start":{"line":135,"column":6},"end":{"line":135,"column":65}},"42":{"start":{"line":138,"column":4},"end":{"line":142,"column":7}},"43":{"start":{"line":144,"column":4},"end":{"line":144,"column":23}},"44":{"start":{"line":146,"column":4},"end":{"line":146,"column":46}},"45":{"start":{"line":147,"column":4},"end":{"line":147,"column":61}},"46":{"start":{"line":151,"column":26},"end":{"line":169,"column":1}},"47":{"start":{"line":152,"column":2},"end":{"line":168,"column":3}},"48":{"start":{"line":153,"column":17},"end":{"line":153,"column":60}},"49":{"start":{"line":154,"column":4},"end":{"line":156,"column":5}},"50":{"start":{"line":155,"column":6},"end":{"line":155,"column":65}},"51":{"start":{"line":158,"column":4},"end":{"line":162,"column":7}},"52":{"start":{"line":164,"column":4},"end":{"line":164,"column":55}},"53":{"start":{"line":166,"column":4},"end":{"line":166,"column":46}},"54":{"start":{"line":167,"column":4},"end":{"line":167,"column":61}},"55":{"start":{"line":172,"column":31},"end":{"line":198,"column":1}},"56":{"start":{"line":173,"column":2},"end":{"line":197,"column":3}},"57":{"start":{"line":174,"column":17},"end":{"line":174,"column":46}},"58":{"start":{"line":175,"column":18},"end":{"line":175,"column":49}},"59":{"start":{"line":177,"column":34},"end":{"line":184,"column":6}},"60":{"start":{"line":186,"column":4},"end":{"line":193,"column":7}},"61":{"start":{"line":195,"column":4},"end":{"line":195,"column":51}},"62":{"start":{"line":196,"column":4},"end":{"line":196,"column":68}},"63":{"start":{"line":201,"column":27},"end":{"line":227,"column":1}},"64":{"start":{"line":202,"column":2},"end":{"line":226,"column":3}},"65":{"start":{"line":203,"column":17},"end":{"line":203,"column":46}},"66":{"start":{"line":204,"column":18},"end":{"line":204,"column":49}},"67":{"start":{"line":206,"column":30},"end":{"line":213,"column":6}},"68":{"start":{"line":215,"column":4},"end":{"line":222,"column":7}},"69":{"start":{"line":224,"column":4},"end":{"line":224,"column":47}},"70":{"start":{"line":225,"column":4},"end":{"line":225,"column":64}},"71":{"start":{"line":229,"column":30},"end":{"line":276,"column":1}},"72":{"start":{"line":230,"column":2},"end":{"line":275,"column":3}},"73":{"start":{"line":231,"column":20},"end":{"line":242,"column":49}},"74":{"start":{"line":244,"column":4},"end":{"line":246,"column":5}},"75":{"start":{"line":245,"column":6},"end":{"line":245,"column":68}},"76":{"start":{"line":249,"column":4},"end":{"line":260,"column":7}},"77":{"start":{"line":262,"column":4},"end":{"line":269,"column":7}},"78":{"start":{"line":271,"column":4},"end":{"line":271,"column":22}},"79":{"start":{"line":273,"column":4},"end":{"line":273,"column":50}},"80":{"start":{"line":274,"column":4},"end":{"line":274,"column":65}},"81":{"start":{"line":279,"column":32},"end":{"line":305,"column":1}},"82":{"start":{"line":280,"column":2},"end":{"line":304,"column":3}},"83":{"start":{"line":281,"column":17},"end":{"line":281,"column":46}},"84":{"start":{"line":282,"column":18},"end":{"line":282,"column":49}},"85":{"start":{"line":284,"column":35},"end":{"line":291,"column":6}},"86":{"start":{"line":293,"column":4},"end":{"line":300,"column":7}},"87":{"start":{"line":302,"column":4},"end":{"line":302,"column":52}},"88":{"start":{"line":303,"column":4},"end":{"line":303,"column":69}},"89":{"start":{"line":307,"column":36},"end":{"line":324,"column":1}},"90":{"start":{"line":308,"column":2},"end":{"line":323,"column":3}},"91":{"start":{"line":309,"column":25},"end":{"line":313,"column":5}},"92":{"start":{"line":315,"column":4},"end":{"line":317,"column":5}},"93":{"start":{"line":316,"column":6},"end":{"line":316,"column":73}},"94":{"start":{"line":319,"column":4},"end":{"line":319,"column":27}},"95":{"start":{"line":321,"column":4},"end":{"line":321,"column":57}},"96":{"start":{"line":322,"column":4},"end":{"line":322,"column":69}},"97":{"start":{"line":327,"column":28},"end":{"line":353,"column":1}},"98":{"start":{"line":328,"column":2},"end":{"line":352,"column":3}},"99":{"start":{"line":329,"column":17},"end":{"line":329,"column":46}},"100":{"start":{"line":330,"column":18},"end":{"line":330,"column":49}},"101":{"start":{"line":332,"column":26},"end":{"line":339,"column":6}},"102":{"start":{"line":341,"column":4},"end":{"line":348,"column":7}},"103":{"start":{"line":350,"column":4},"end":{"line":350,"column":49}},"104":{"start":{"line":351,"column":4},"end":{"line":351,"column":66}}},"fnMap":{"0":{"name":"(anonymous_0)","decl":{"start":{"line":10,"column":33},"end":{"line":10,"column":34}},"loc":{"start":{"line":10,"column":53},"end":{"line":72,"column":1}},"line":10},"1":{"name":"(anonymous_1)","decl":{"start":{"line":25,"column":24},"end":{"line":25,"column":25}},"loc":{"start":{"line":25,"column":32},"end":{"line":27,"column":5}},"line":25},"2":{"name":"(anonymous_2)","decl":{"start":{"line":35,"column":25},"end":{"line":35,"column":26}},"loc":{"start":{"line":35,"column":33},"end":{"line":37,"column":5}},"line":35},"3":{"name":"(anonymous_3)","decl":{"start":{"line":48,"column":12},"end":{"line":48,"column":13}},"loc":{"start":{"line":48,"column":22},"end":{"line":48,"column":67}},"line":48},"4":{"name":"(anonymous_4)","decl":{"start":{"line":75,"column":24},"end":{"line":75,"column":25}},"loc":{"start":{"line":75,"column":44},"end":{"line":106,"column":1}},"line":75},"5":{"name":"(anonymous_5)","decl":{"start":{"line":108,"column":27},"end":{"line":108,"column":28}},"loc":{"start":{"line":108,"column":47},"end":{"line":119,"column":1}},"line":108},"6":{"name":"(anonymous_6)","decl":{"start":{"line":121,"column":26},"end":{"line":121,"column":27}},"loc":{"start":{"line":121,"column":46},"end":{"line":149,"column":1}},"line":121},"7":{"name":"(anonymous_7)","decl":{"start":{"line":151,"column":26},"end":{"line":151,"column":27}},"loc":{"start":{"line":151,"column":46},"end":{"line":169,"column":1}},"line":151},"8":{"name":"(anonymous_8)","decl":{"start":{"line":172,"column":31},"end":{"line":172,"column":32}},"loc":{"start":{"line":172,"column":51},"end":{"line":198,"column":1}},"line":172},"9":{"name":"(anonymous_9)","decl":{"start":{"line":201,"column":27},"end":{"line":201,"column":28}},"loc":{"start":{"line":201,"column":47},"end":{"line":227,"column":1}},"line":201},"10":{"name":"(anonymous_10)","decl":{"start":{"line":229,"column":30},"end":{"line":229,"column":31}},"loc":{"start":{"line":229,"column":50},"end":{"line":276,"column":1}},"line":229},"11":{"name":"(anonymous_11)","decl":{"start":{"line":279,"column":32},"end":{"line":279,"column":33}},"loc":{"start":{"line":279,"column":52},"end":{"line":305,"column":1}},"line":279},"12":{"name":"(anonymous_12)","decl":{"start":{"line":307,"column":36},"end":{"line":307,"column":37}},"loc":{"start":{"line":307,"column":56},"end":{"line":324,"column":1}},"line":307},"13":{"name":"(anonymous_13)","decl":{"start":{"line":327,"column":28},"end":{"line":327,"column":29}},"loc":{"start":{"line":327,"column":48},"end":{"line":353,"column":1}},"line":327}},"branchMap":{"0":{"loc":{"start":{"line":48,"column":22},"end":{"line":48,"column":67}},"type":"binary-expr","locations":[{"start":{"line":48,"column":22},"end":{"line":48,"column":31}},{"start":{"line":48,"column":35},"end":{"line":48,"column":67}}],"line":48},"1":{"loc":{"start":{"line":77,"column":17},"end":{"line":77,"column":46}},"type":"binary-expr","locations":[{"start":{"line":77,"column":17},"end":{"line":77,"column":41}},{"start":{"line":77,"column":45},"end":{"line":77,"column":46}}],"line":77},"2":{"loc":{"start":{"line":78,"column":18},"end":{"line":78,"column":49}},"type":"binary-expr","locations":[{"start":{"line":78,"column":18},"end":{"line":78,"column":43}},{"start":{"line":78,"column":47},"end":{"line":78,"column":49}}],"line":78},"3":{"loc":{"start":{"line":81,"column":4},"end":{"line":83,"column":5}},"type":"if","locations":[{"start":{"line":81,"column":4},"end":{"line":83,"column":5}},{"start":{},"end":{}}],"line":81},"4":{"loc":{"start":{"line":111,"column":4},"end":{"line":113,"column":5}},"type":"if","locations":[{"start":{"line":111,"column":4},"end":{"line":113,"column":5}},{"start":{},"end":{}}],"line":111},"5":{"loc":{"start":{"line":124,"column":4},"end":{"line":126,"column":5}},"type":"if","locations":[{"start":{"line":124,"column":4},"end":{"line":126,"column":5}},{"start":{},"end":{}}],"line":124},"6":{"loc":{"start":{"line":124,"column":8},"end":{"line":124,"column":83}},"type":"binary-expr","locations":[{"start":{"line":124,"column":8},"end":{"line":124,"column":21}},{"start":{"line":124,"column":25},"end":{"line":124,"column":83}}],"line":124},"7":{"loc":{"start":{"line":134,"column":4},"end":{"line":136,"column":5}},"type":"if","locations":[{"start":{"line":134,"column":4},"end":{"line":136,"column":5}},{"start":{},"end":{}}],"line":134},"8":{"loc":{"start":{"line":154,"column":4},"end":{"line":156,"column":5}},"type":"if","locations":[{"start":{"line":154,"column":4},"end":{"line":156,"column":5}},{"start":{},"end":{}}],"line":154},"9":{"loc":{"start":{"line":174,"column":17},"end":{"line":174,"column":46}},"type":"binary-expr","locations":[{"start":{"line":174,"column":17},"end":{"line":174,"column":41}},{"start":{"line":174,"column":45},"end":{"line":174,"column":46}}],"line":174},"10":{"loc":{"start":{"line":175,"column":18},"end":{"line":175,"column":49}},"type":"binary-expr","locations":[{"start":{"line":175,"column":18},"end":{"line":175,"column":43}},{"start":{"line":175,"column":47},"end":{"line":175,"column":49}}],"line":175},"11":{"loc":{"start":{"line":203,"column":17},"end":{"line":203,"column":46}},"type":"binary-expr","locations":[{"start":{"line":203,"column":17},"end":{"line":203,"column":41}},{"start":{"line":203,"column":45},"end":{"line":203,"column":46}}],"line":203},"12":{"loc":{"start":{"line":204,"column":18},"end":{"line":204,"column":49}},"type":"binary-expr","locations":[{"start":{"line":204,"column":18},"end":{"line":204,"column":43}},{"start":{"line":204,"column":47},"end":{"line":204,"column":49}}],"line":204},"13":{"loc":{"start":{"line":244,"column":4},"end":{"line":246,"column":5}},"type":"if","locations":[{"start":{"line":244,"column":4},"end":{"line":246,"column":5}},{"start":{},"end":{}}],"line":244},"14":{"loc":{"start":{"line":281,"column":17},"end":{"line":281,"column":46}},"type":"binary-expr","locations":[{"start":{"line":281,"column":17},"end":{"line":281,"column":41}},{"start":{"line":281,"column":45},"end":{"line":281,"column":46}}],"line":281},"15":{"loc":{"start":{"line":282,"column":18},"end":{"line":282,"column":49}},"type":"binary-expr","locations":[{"start":{"line":282,"column":18},"end":{"line":282,"column":43}},{"start":{"line":282,"column":47},"end":{"line":282,"column":49}}],"line":282},"16":{"loc":{"start":{"line":315,"column":4},"end":{"line":317,"column":5}},"type":"if","locations":[{"start":{"line":315,"column":4},"end":{"line":317,"column":5}},{"start":{},"end":{}}],"line":315},"17":{"loc":{"start":{"line":329,"column":17},"end":{"line":329,"column":46}},"type":"binary-expr","locations":[{"start":{"line":329,"column":17},"end":{"line":329,"column":41}},{"start":{"line":329,"column":45},"end":{"line":329,"column":46}}],"line":329},"18":{"loc":{"start":{"line":330,"column":18},"end":{"line":330,"column":49}},"type":"binary-expr","locations":[{"start":{"line":330,"column":18},"end":{"line":330,"column":43}},{"start":{"line":330,"column":47},"end":{"line":330,"column":49}}],"line":330}},"s":{"0":5,"1":1,"2":1,"3":1,"4":1,"5":1,"6":3,"7":1,"8":1,"9":1,"10":0,"11":1,"12":1,"13":1,"14":0,"15":0,"16":5,"17":2,"18":2,"19":2,"20":2,"21":2,"22":1,"23":2,"24":2,"25":0,"26":0,"27":5,"28":2,"29":2,"30":1,"31":1,"32":0,"33":1,"34":1,"35":5,"36":2,"37":2,"38":1,"39":1,"40":0,"41":0,"42":0,"43":0,"44":1,"45":1,"46":5,"47":2,"48":2,"49":1,"50":1,"51":0,"52":0,"53":1,"54":1,"55":5,"56":1,"57":1,"58":1,"59":1,"60":0,"61":1,"62":1,"63":5,"64":1,"65":1,"66":1,"67":1,"68":1,"69":0,"70":0,"71":5,"72":1,"73":1,"74":1,"75":1,"76":0,"77":0,"78":0,"79":0,"80":0,"81":5,"82":1,"83":1,"84":1,"85":1,"86":1,"87":0,"88":0,"89":5,"90":1,"91":1,"92":1,"93":1,"94":0,"95":0,"96":0,"97":5,"98":1,"99":1,"100":1,"101":1,"102":1,"103":0,"104":0},"f":{"0":1,"1":3,"2":0,"3":1,"4":2,"5":2,"6":2,"7":2,"8":1,"9":1,"10":1,"11":1,"12":1,"13":1},"b":{"0":[1,0],"1":[2,2],"2":[2,2],"3":[1,1],"4":[1,0],"5":[1,1],"6":[2,2],"7":[0,0],"8":[1,0],"9":[1,1],"10":[1,1],"11":[1,1],"12":[1,1],"13":[1,0],"14":[1,1],"15":[1,1],"16":[1,0],"17":[1,1],"18":[1,1]},"_coverageSchema":"1a1c01bbd47fc00a2c39e90264f33305004495a9","hash":"61a90830565bf159778b2c53622f47fd7680da50"}
,"C:\\Users\\yhbde\\OneDrive\\Desktop\\FreelanceJob\\FLB61\\server\\controllers\\authController.js": {"path":"C:\\Users\\yhbde\\OneDrive\\Desktop\\FreelanceJob\\FLB61\\server\\controllers\\authController.js","statementMap":{"0":{"start":{"line":6,"column":22},"end":{"line":12,"column":1}},"1":{"start":{"line":7,"column":2},"end":{"line":11,"column":4}},"2":{"start":{"line":15,"column":17},"end":{"line":70,"column":1}},"3":{"start":{"line":16,"column":2},"end":{"line":69,"column":3}},"4":{"start":{"line":17,"column":44},"end":{"line":17,"column":52}},"5":{"start":{"line":20,"column":4},"end":{"line":22,"column":5}},"6":{"start":{"line":21,"column":6},"end":{"line":21,"column":74}},"7":{"start":{"line":25,"column":25},"end":{"line":25,"column":54}},"8":{"start":{"line":26,"column":4},"end":{"line":28,"column":5}},"9":{"start":{"line":27,"column":6},"end":{"line":27,"column":75}},"10":{"start":{"line":31,"column":17},"end":{"line":50,"column":6}},"11":{"start":{"line":52,"column":4},"end":{"line":52,"column":22}},"12":{"start":{"line":55,"column":18},"end":{"line":55,"column":48}},"13":{"start":{"line":58,"column":21},"end":{"line":58,"column":36}},"14":{"start":{"line":59,"column":4},"end":{"line":59,"column":29}},"15":{"start":{"line":60,"column":4},"end":{"line":60,"column":29}},"16":{"start":{"line":62,"column":4},"end":{"line":65,"column":7}},"17":{"start":{"line":67,"column":4},"end":{"line":67,"column":48}},"18":{"start":{"line":68,"column":4},"end":{"line":68,"column":61}},"19":{"start":{"line":73,"column":14},"end":{"line":109,"column":1}},"20":{"start":{"line":74,"column":2},"end":{"line":108,"column":3}},"21":{"start":{"line":75,"column":32},"end":{"line":75,"column":40}},"22":{"start":{"line":78,"column":17},"end":{"line":78,"column":76}},"23":{"start":{"line":79,"column":4},"end":{"line":81,"column":5}},"24":{"start":{"line":80,"column":6},"end":{"line":80,"column":70}},"25":{"start":{"line":84,"column":20},"end":{"line":84,"column":56}},"26":{"start":{"line":85,"column":4},"end":{"line":87,"column":5}},"27":{"start":{"line":86,"column":6},"end":{"line":86,"column":70}},"28":{"start":{"line":90,"column":4},"end":{"line":90,"column":41}},"29":{"start":{"line":91,"column":4},"end":{"line":91,"column":22}},"30":{"start":{"line":94,"column":18},"end":{"line":94,"column":48}},"31":{"start":{"line":97,"column":21},"end":{"line":97,"column":36}},"32":{"start":{"line":98,"column":4},"end":{"line":98,"column":29}},"33":{"start":{"line":99,"column":4},"end":{"line":99,"column":29}},"34":{"start":{"line":101,"column":4},"end":{"line":104,"column":7}},"35":{"start":{"line":106,"column":4},"end":{"line":106,"column":41}},"36":{"start":{"line":107,"column":4},"end":{"line":107,"column":54}},"37":{"start":{"line":112,"column":15},"end":{"line":121,"column":1}},"38":{"start":{"line":113,"column":2},"end":{"line":120,"column":3}},"39":{"start":{"line":116,"column":4},"end":{"line":116,"column":53}},"40":{"start":{"line":118,"column":4},"end":{"line":118,"column":42}},"41":{"start":{"line":119,"column":4},"end":{"line":119,"column":55}},"42":{"start":{"line":124,"column":23},"end":{"line":135,"column":1}},"43":{"start":{"line":125,"column":2},"end":{"line":134,"column":3}},"44":{"start":{"line":126,"column":17},"end":{"line":126,"column":83}},"45":{"start":{"line":127,"column":4},"end":{"line":129,"column":5}},"46":{"start":{"line":128,"column":6},"end":{"line":128,"column":65}},"47":{"start":{"line":130,"column":4},"end":{"line":130,"column":19}},"48":{"start":{"line":132,"column":4},"end":{"line":132,"column":52}},"49":{"start":{"line":133,"column":4},"end":{"line":133,"column":65}},"50":{"start":{"line":138,"column":23},"end":{"line":159,"column":1}},"51":{"start":{"line":139,"column":2},"end":{"line":158,"column":3}},"52":{"start":{"line":140,"column":22},"end":{"line":140,"column":30}},"53":{"start":{"line":144,"column":4},"end":{"line":144,"column":78}},"54":{"start":{"line":147,"column":17},"end":{"line":147,"column":46}},"55":{"start":{"line":148,"column":4},"end":{"line":148,"column":22}},"56":{"start":{"line":148,"column":15},"end":{"line":148,"column":22}},"57":{"start":{"line":155,"column":4},"end":{"line":155,"column":51}},"58":{"start":{"line":157,"column":4},"end":{"line":157,"column":78}},"59":{"start":{"line":162,"column":22},"end":{"line":193,"column":1}},"60":{"start":{"line":163,"column":2},"end":{"line":192,"column":3}},"61":{"start":{"line":164,"column":32},"end":{"line":164,"column":40}},"62":{"start":{"line":166,"column":4},"end":{"line":168,"column":5}},"63":{"start":{"line":167,"column":6},"end":{"line":167,"column":86}},"64":{"start":{"line":172,"column":4},"end":{"line":176,"column":5}},"65":{"start":{"line":173,"column":6},"end":{"line":173,"column":75}},"66":{"start":{"line":175,"column":6},"end":{"line":175,"column":81}},"67":{"start":{"line":179,"column":17},"end":{"line":179,"column":52}},"68":{"start":{"line":180,"column":4},"end":{"line":182,"column":5}},"69":{"start":{"line":181,"column":6},"end":{"line":181,"column":81}},"70":{"start":{"line":185,"column":4},"end":{"line":185,"column":29}},"71":{"start":{"line":186,"column":4},"end":{"line":186,"column":22}},"72":{"start":{"line":188,"column":4},"end":{"line":188,"column":55}},"73":{"start":{"line":190,"column":4},"end":{"line":190,"column":50}},"74":{"start":{"line":191,"column":4},"end":{"line":191,"column":63}},"75":{"start":{"line":196,"column":23},"end":{"line":218,"column":1}},"76":{"start":{"line":197,"column":2},"end":{"line":217,"column":3}},"77":{"start":{"line":198,"column":45},"end":{"line":198,"column":53}},"78":{"start":{"line":201,"column":17},"end":{"line":201,"column":73}},"79":{"start":{"line":204,"column":20},"end":{"line":204,"column":63}},"80":{"start":{"line":205,"column":4},"end":{"line":207,"column":5}},"81":{"start":{"line":206,"column":6},"end":{"line":206,"column":80}},"82":{"start":{"line":210,"column":4},"end":{"line":210,"column":32}},"83":{"start":{"line":211,"column":4},"end":{"line":211,"column":22}},"84":{"start":{"line":213,"column":4},"end":{"line":213,"column":59}},"85":{"start":{"line":215,"column":4},"end":{"line":215,"column":51}},"86":{"start":{"line":216,"column":4},"end":{"line":216,"column":67}}},"fnMap":{"0":{"name":"(anonymous_0)","decl":{"start":{"line":6,"column":22},"end":{"line":6,"column":23}},"loc":{"start":{"line":6,"column":40},"end":{"line":12,"column":1}},"line":6},"1":{"name":"(anonymous_1)","decl":{"start":{"line":15,"column":17},"end":{"line":15,"column":18}},"loc":{"start":{"line":15,"column":37},"end":{"line":70,"column":1}},"line":15},"2":{"name":"(anonymous_2)","decl":{"start":{"line":73,"column":14},"end":{"line":73,"column":15}},"loc":{"start":{"line":73,"column":34},"end":{"line":109,"column":1}},"line":73},"3":{"name":"(anonymous_3)","decl":{"start":{"line":112,"column":15},"end":{"line":112,"column":16}},"loc":{"start":{"line":112,"column":35},"end":{"line":121,"column":1}},"line":112},"4":{"name":"(anonymous_4)","decl":{"start":{"line":124,"column":23},"end":{"line":124,"column":24}},"loc":{"start":{"line":124,"column":43},"end":{"line":135,"column":1}},"line":124},"5":{"name":"(anonymous_5)","decl":{"start":{"line":138,"column":23},"end":{"line":138,"column":24}},"loc":{"start":{"line":138,"column":43},"end":{"line":159,"column":1}},"line":138},"6":{"name":"(anonymous_6)","decl":{"start":{"line":162,"column":22},"end":{"line":162,"column":23}},"loc":{"start":{"line":162,"column":42},"end":{"line":193,"column":1}},"line":162},"7":{"name":"(anonymous_7)","decl":{"start":{"line":196,"column":23},"end":{"line":196,"column":24}},"loc":{"start":{"line":196,"column":43},"end":{"line":218,"column":1}},"line":196}},"branchMap":{"0":{"loc":{"start":{"line":9,"column":4},"end":{"line":9,"column":43}},"type":"binary-expr","locations":[{"start":{"line":9,"column":4},"end":{"line":9,"column":26}},{"start":{"line":9,"column":30},"end":{"line":9,"column":43}}],"line":9},"1":{"loc":{"start":{"line":20,"column":4},"end":{"line":22,"column":5}},"type":"if","locations":[{"start":{"line":20,"column":4},"end":{"line":22,"column":5}},{"start":{},"end":{}}],"line":20},"2":{"loc":{"start":{"line":20,"column":8},"end":{"line":20,"column":45}},"type":"binary-expr","locations":[{"start":{"line":20,"column":8},"end":{"line":20,"column":14}},{"start":{"line":20,"column":18},"end":{"line":20,"column":27}},{"start":{"line":20,"column":31},"end":{"line":20,"column":36}},{"start":{"line":20,"column":40},"end":{"line":20,"column":45}}],"line":20},"3":{"loc":{"start":{"line":26,"column":4},"end":{"line":28,"column":5}},"type":"if","locations":[{"start":{"line":26,"column":4},"end":{"line":28,"column":5}},{"start":{},"end":{}}],"line":26},"4":{"loc":{"start":{"line":79,"column":4},"end":{"line":81,"column":5}},"type":"if","locations":[{"start":{"line":79,"column":4},"end":{"line":81,"column":5}},{"start":{},"end":{}}],"line":79},"5":{"loc":{"start":{"line":85,"column":4},"end":{"line":87,"column":5}},"type":"if","locations":[{"start":{"line":85,"column":4},"end":{"line":87,"column":5}},{"start":{},"end":{}}],"line":85},"6":{"loc":{"start":{"line":127,"column":4},"end":{"line":129,"column":5}},"type":"if","locations":[{"start":{"line":127,"column":4},"end":{"line":129,"column":5}},{"start":{},"end":{}}],"line":127},"7":{"loc":{"start":{"line":148,"column":4},"end":{"line":148,"column":22}},"type":"if","locations":[{"start":{"line":148,"column":4},"end":{"line":148,"column":22}},{"start":{},"end":{}}],"line":148},"8":{"loc":{"start":{"line":166,"column":4},"end":{"line":168,"column":5}},"type":"if","locations":[{"start":{"line":166,"column":4},"end":{"line":168,"column":5}},{"start":{},"end":{}}],"line":166},"9":{"loc":{"start":{"line":166,"column":8},"end":{"line":166,"column":27}},"type":"binary-expr","locations":[{"start":{"line":166,"column":8},"end":{"line":166,"column":14}},{"start":{"line":166,"column":18},"end":{"line":166,"column":27}}],"line":166},"10":{"loc":{"start":{"line":173,"column":34},"end":{"line":173,"column":73}},"type":"binary-expr","locations":[{"start":{"line":173,"column":34},"end":{"line":173,"column":56}},{"start":{"line":173,"column":60},"end":{"line":173,"column":73}}],"line":173},"11":{"loc":{"start":{"line":180,"column":4},"end":{"line":182,"column":5}},"type":"if","locations":[{"start":{"line":180,"column":4},"end":{"line":182,"column":5}},{"start":{},"end":{}}],"line":180},"12":{"loc":{"start":{"line":205,"column":4},"end":{"line":207,"column":5}},"type":"if","locations":[{"start":{"line":205,"column":4},"end":{"line":207,"column":5}},{"start":{},"end":{}}],"line":205}},"s":{"0":5,"1":0,"2":5,"3":3,"4":3,"5":3,"6":1,"7":2,"8":2,"9":1,"10":1,"11":1,"12":1,"13":1,"14":1,"15":1,"16":1,"17":0,"18":0,"19":5,"20":3,"21":3,"22":3,"23":3,"24":1,"25":2,"26":2,"27":1,"28":1,"29":1,"30":1,"31":1,"32":1,"33":1,"34":1,"35":0,"36":0,"37":5,"38":1,"39":1,"40":0,"41":0,"42":5,"43":1,"44":1,"45":1,"46":0,"47":1,"48":0,"49":0,"50":5,"51":2,"52":2,"53":2,"54":2,"55":2,"56":1,"57":0,"58":0,"59":5,"60":2,"61":2,"62":2,"63":0,"64":2,"65":2,"66":1,"67":1,"68":1,"69":0,"70":1,"71":1,"72":1,"73":0,"74":0,"75":5,"76":0,"77":0,"78":0,"79":0,"80":0,"81":0,"82":0,"83":0,"84":0,"85":0,"86":0},"f":{"0":0,"1":3,"2":3,"3":1,"4":1,"5":2,"6":2,"7":0},"b":{"0":[0,0],"1":[1,2],"2":[3,2,2,2],"3":[1,1],"4":[1,2],"5":[1,1],"6":[0,1],"7":[1,1],"8":[0,2],"9":[2,2],"10":[2,0],"11":[0,1],"12":[0,0]},"_coverageSchema":"1a1c01bbd47fc00a2c39e90264f33305004495a9","hash":"cd798162a9c9327a4c084e7b29a7f40d8a30bb35"}
,"C:\\Users\\yhbde\\OneDrive\\Desktop\\FreelanceJob\\FLB61\\server\\controllers\\clientController.js": {"path":"C:\\Users\\yhbde\\OneDrive\\Desktop\\FreelanceJob\\FLB61\\server\\controllers\\clientController.js","statementMap":{"0":{"start":{"line":4,"column":32},"end":{"line":14,"column":1}},"1":{"start":{"line":5,"column":2},"end":{"line":13,"column":3}},"2":{"start":{"line":6,"column":19},"end":{"line":6,"column":51}},"3":{"start":{"line":7,"column":20},"end":{"line":7,"column":62}},"4":{"start":{"line":8,"column":4},"end":{"line":8,"column":22}},"5":{"start":{"line":10,"column":4},"end":{"line":10,"column":53}},"6":{"start":{"line":11,"column":4},"end":{"line":12,"column":58}},"7":{"start":{"line":16,"column":35},"end":{"line":55,"column":1}},"8":{"start":{"line":17,"column":2},"end":{"line":54,"column":3}},"9":{"start":{"line":18,"column":19},"end":{"line":18,"column":34}},"10":{"start":{"line":19,"column":4},"end":{"line":19,"column":63}},"11":{"start":{"line":22,"column":19},"end":{"line":22,"column":50}},"12":{"start":{"line":23,"column":4},"end":{"line":25,"column":5}},"13":{"start":{"line":24,"column":6},"end":{"line":24,"column":58}},"14":{"start":{"line":27,"column":18},"end":{"line":27,"column":60}},"15":{"start":{"line":30,"column":4},"end":{"line":30,"column":50}},"16":{"start":{"line":33,"column":19},"end":{"line":33,"column":88}},"17":{"start":{"line":34,"column":4},"end":{"line":39,"column":7}},"18":{"start":{"line":35,"column":6},"end":{"line":38,"column":7}},"19":{"start":{"line":36,"column":8},"end":{"line":36,"column":41}},"20":{"start":{"line":37,"column":8},"end":{"line":37,"column":62}},"21":{"start":{"line":41,"column":4},"end":{"line":41,"column":25}},"22":{"start":{"line":43,"column":27},"end":{"line":43,"column":69}},"23":{"start":{"line":44,"column":4},"end":{"line":47,"column":7}},"24":{"start":{"line":49,"column":4},"end":{"line":49,"column":56}},"25":{"start":{"line":50,"column":4},"end":{"line":53,"column":9}},"26":{"start":{"line":58,"column":36},"end":{"line":82,"column":1}},"27":{"start":{"line":59,"column":17},"end":{"line":59,"column":19}},"28":{"start":{"line":61,"column":2},"end":{"line":63,"column":3}},"29":{"start":{"line":62,"column":4},"end":{"line":62,"column":67}},"30":{"start":{"line":65,"column":2},"end":{"line":67,"column":3}},"31":{"start":{"line":66,"column":4},"end":{"line":66,"column":51}},"32":{"start":{"line":69,"column":2},"end":{"line":71,"column":3}},"33":{"start":{"line":70,"column":4},"end":{"line":70,"column":55}},"34":{"start":{"line":73,"column":2},"end":{"line":79,"column":3}},"35":{"start":{"line":74,"column":4},"end":{"line":78,"column":5}},"36":{"start":{"line":75,"column":6},"end":{"line":75,"column":23}},"37":{"start":{"line":77,"column":6},"end":{"line":77,"column":41}},"38":{"start":{"line":81,"column":2},"end":{"line":81,"column":16}},"39":{"start":{"line":85,"column":38},"end":{"line":104,"column":1}},"40":{"start":{"line":86,"column":2},"end":{"line":103,"column":3}},"41":{"start":{"line":87,"column":20},"end":{"line":87,"column":88}},"42":{"start":{"line":91,"column":4},"end":{"line":98,"column":7}},"43":{"start":{"line":100,"column":4},"end":{"line":100,"column":60}},"44":{"start":{"line":101,"column":4},"end":{"line":102,"column":58}},"45":{"start":{"line":107,"column":30},"end":{"line":123,"column":1}},"46":{"start":{"line":108,"column":2},"end":{"line":122,"column":3}},"47":{"start":{"line":109,"column":20},"end":{"line":109,"column":88}},"48":{"start":{"line":112,"column":4},"end":{"line":117,"column":7}},"49":{"start":{"line":119,"column":4},"end":{"line":119,"column":51}},"50":{"start":{"line":120,"column":4},"end":{"line":121,"column":58}}},"fnMap":{"0":{"name":"(anonymous_0)","decl":{"start":{"line":4,"column":32},"end":{"line":4,"column":33}},"loc":{"start":{"line":4,"column":52},"end":{"line":14,"column":1}},"line":4},"1":{"name":"(anonymous_1)","decl":{"start":{"line":16,"column":35},"end":{"line":16,"column":36}},"loc":{"start":{"line":16,"column":55},"end":{"line":55,"column":1}},"line":16},"2":{"name":"(anonymous_2)","decl":{"start":{"line":34,"column":19},"end":{"line":34,"column":20}},"loc":{"start":{"line":34,"column":28},"end":{"line":39,"column":5}},"line":34},"3":{"name":"(anonymous_3)","decl":{"start":{"line":58,"column":36},"end":{"line":58,"column":37}},"loc":{"start":{"line":58,"column":89},"end":{"line":82,"column":1}},"line":58},"4":{"name":"(anonymous_4)","decl":{"start":{"line":85,"column":38},"end":{"line":85,"column":39}},"loc":{"start":{"line":85,"column":58},"end":{"line":104,"column":1}},"line":85},"5":{"name":"(anonymous_5)","decl":{"start":{"line":107,"column":30},"end":{"line":107,"column":31}},"loc":{"start":{"line":107,"column":50},"end":{"line":123,"column":1}},"line":107}},"branchMap":{"0":{"loc":{"start":{"line":6,"column":19},"end":{"line":6,"column":51}},"type":"binary-expr","locations":[{"start":{"line":6,"column":19},"end":{"line":6,"column":32}},{"start":{"line":6,"column":36},"end":{"line":6,"column":51}}],"line":6},"1":{"loc":{"start":{"line":11,"column":15},"end":{"line":11,"column":61}},"type":"cond-expr","locations":[{"start":{"line":11,"column":52},"end":{"line":11,"column":55}},{"start":{"line":11,"column":58},"end":{"line":11,"column":61}}],"line":11},"2":{"loc":{"start":{"line":12,"column":23},"end":{"line":12,"column":54}},"type":"binary-expr","locations":[{"start":{"line":12,"column":23},"end":{"line":12,"column":36}},{"start":{"line":12,"column":40},"end":{"line":12,"column":54}}],"line":12},"3":{"loc":{"start":{"line":23,"column":4},"end":{"line":25,"column":5}},"type":"if","locations":[{"start":{"line":23,"column":4},"end":{"line":25,"column":5}},{"start":{},"end":{}}],"line":23},"4":{"loc":{"start":{"line":35,"column":6},"end":{"line":38,"column":7}},"type":"if","locations":[{"start":{"line":35,"column":6},"end":{"line":38,"column":7}},{"start":{},"end":{}}],"line":35},"5":{"loc":{"start":{"line":50,"column":15},"end":{"line":50,"column":61}},"type":"cond-expr","locations":[{"start":{"line":50,"column":52},"end":{"line":50,"column":55}},{"start":{"line":50,"column":58},"end":{"line":50,"column":61}}],"line":50},"6":{"loc":{"start":{"line":52,"column":17},"end":{"line":52,"column":48}},"type":"binary-expr","locations":[{"start":{"line":52,"column":17},"end":{"line":52,"column":30}},{"start":{"line":52,"column":34},"end":{"line":52,"column":48}}],"line":52},"7":{"loc":{"start":{"line":61,"column":2},"end":{"line":63,"column":3}},"type":"if","locations":[{"start":{"line":61,"column":2},"end":{"line":63,"column":3}},{"start":{},"end":{}}],"line":61},"8":{"loc":{"start":{"line":61,"column":6},"end":{"line":61,"column":80}},"type":"binary-expr","locations":[{"start":{"line":61,"column":6},"end":{"line":61,"column":17}},{"start":{"line":61,"column":22},"end":{"line":61,"column":53}},{"start":{"line":61,"column":57},"end":{"line":61,"column":79}}],"line":61},"9":{"loc":{"start":{"line":65,"column":2},"end":{"line":67,"column":3}},"type":"if","locations":[{"start":{"line":65,"column":2},"end":{"line":67,"column":3}},{"start":{},"end":{}}],"line":65},"10":{"loc":{"start":{"line":65,"column":6},"end":{"line":65,"column":46}},"type":"binary-expr","locations":[{"start":{"line":65,"column":6},"end":{"line":65,"column":14}},{"start":{"line":65,"column":18},"end":{"line":65,"column":46}}],"line":65},"11":{"loc":{"start":{"line":69,"column":2},"end":{"line":71,"column":3}},"type":"if","locations":[{"start":{"line":69,"column":2},"end":{"line":71,"column":3}},{"start":{},"end":{}}],"line":69},"12":{"loc":{"start":{"line":69,"column":6},"end":{"line":69,"column":52}},"type":"binary-expr","locations":[{"start":{"line":69,"column":6},"end":{"line":69,"column":17}},{"start":{"line":69,"column":21},"end":{"line":69,"column":52}}],"line":69},"13":{"loc":{"start":{"line":73,"column":2},"end":{"line":79,"column":3}},"type":"if","locations":[{"start":{"line":73,"column":2},"end":{"line":79,"column":3}},{"start":{},"end":{}}],"line":73},"14":{"loc":{"start":{"line":87,"column":45},"end":{"line":87,"column":77}},"type":"binary-expr","locations":[{"start":{"line":87,"column":45},"end":{"line":87,"column":58}},{"start":{"line":87,"column":62},"end":{"line":87,"column":77}}],"line":87},"15":{"loc":{"start":{"line":101,"column":15},"end":{"line":101,"column":61}},"type":"cond-expr","locations":[{"start":{"line":101,"column":52},"end":{"line":101,"column":55}},{"start":{"line":101,"column":58},"end":{"line":101,"column":61}}],"line":101},"16":{"loc":{"start":{"line":102,"column":23},"end":{"line":102,"column":54}},"type":"binary-expr","locations":[{"start":{"line":102,"column":23},"end":{"line":102,"column":36}},{"start":{"line":102,"column":40},"end":{"line":102,"column":54}}],"line":102},"17":{"loc":{"start":{"line":109,"column":45},"end":{"line":109,"column":77}},"type":"binary-expr","locations":[{"start":{"line":109,"column":45},"end":{"line":109,"column":58}},{"start":{"line":109,"column":62},"end":{"line":109,"column":77}}],"line":109},"18":{"loc":{"start":{"line":120,"column":15},"end":{"line":120,"column":61}},"type":"cond-expr","locations":[{"start":{"line":120,"column":52},"end":{"line":120,"column":55}},{"start":{"line":120,"column":58},"end":{"line":120,"column":61}}],"line":120},"19":{"loc":{"start":{"line":121,"column":23},"end":{"line":121,"column":54}},"type":"binary-expr","locations":[{"start":{"line":121,"column":23},"end":{"line":121,"column":36}},{"start":{"line":121,"column":40},"end":{"line":121,"column":54}}],"line":121}},"s":{"0":5,"1":0,"2":0,"3":0,"4":0,"5":0,"6":0,"7":5,"8":0,"9":0,"10":0,"11":0,"12":0,"13":0,"14":0,"15":0,"16":0,"17":0,"18":0,"19":0,"20":0,"21":0,"22":0,"23":0,"24":0,"25":0,"26":5,"27":0,"28":0,"29":0,"30":0,"31":0,"32":0,"33":0,"34":0,"35":0,"36":0,"37":0,"38":0,"39":5,"40":0,"41":0,"42":0,"43":0,"44":0,"45":5,"46":0,"47":0,"48":0,"49":0,"50":0},"f":{"0":0,"1":0,"2":0,"3":0,"4":0,"5":0},"b":{"0":[0,0],"1":[0,0],"2":[0,0],"3":[0,0],"4":[0,0],"5":[0,0],"6":[0,0],"7":[0,0],"8":[0,0,0],"9":[0,0],"10":[0,0],"11":[0,0],"12":[0,0],"13":[0,0],"14":[0,0],"15":[0,0],"16":[0,0],"17":[0,0],"18":[0,0],"19":[0,0]},"_coverageSchema":"1a1c01bbd47fc00a2c39e90264f33305004495a9","hash":"dd6b95ea45e8523a27e95bee71b0e57fe8720cf9"}
,"C:\\Users\\yhbde\\OneDrive\\Desktop\\FreelanceJob\\FLB61\\server\\controllers\\directContractController.js": {"path":"C:\\Users\\yhbde\\OneDrive\\Desktop\\FreelanceJob\\FLB61\\server\\controllers\\directContractController.js","statementMap":{"0":{"start":{"line":6,"column":2},"end":{"line":39,"column":3}},"1":{"start":{"line":7,"column":4},"end":{"line":10,"column":5}},"2":{"start":{"line":8,"column":6},"end":{"line":8,"column":51}},"3":{"start":{"line":9,"column":6},"end":{"line":9,"column":74}},"4":{"start":{"line":12,"column":4},"end":{"line":12,"column":64}},"5":{"start":{"line":15,"column":17},"end":{"line":15,"column":53}},"6":{"start":{"line":16,"column":4},"end":{"line":19,"column":5}},"7":{"start":{"line":17,"column":6},"end":{"line":17,"column":55}},"8":{"start":{"line":18,"column":6},"end":{"line":18,"column":65}},"9":{"start":{"line":21,"column":4},"end":{"line":21,"column":55}},"10":{"start":{"line":22,"column":22},"end":{"line":30,"column":28}},"11":{"start":{"line":32,"column":4},"end":{"line":32,"column":24}},"12":{"start":{"line":34,"column":4},"end":{"line":37,"column":7}},"13":{"start":{"line":38,"column":4},"end":{"line":38,"column":66}},"14":{"start":{"line":43,"column":2},"end":{"line":70,"column":3}},"15":{"start":{"line":44,"column":81},"end":{"line":44,"column":89}},"16":{"start":{"line":47,"column":4},"end":{"line":49,"column":5}},"17":{"start":{"line":48,"column":6},"end":{"line":48,"column":84}},"18":{"start":{"line":51,"column":21},"end":{"line":60,"column":6}},"19":{"start":{"line":62,"column":30},"end":{"line":64,"column":58}},"20":{"start":{"line":66,"column":4},"end":{"line":66,"column":44}},"21":{"start":{"line":68,"column":4},"end":{"line":68,"column":50}},"22":{"start":{"line":69,"column":4},"end":{"line":69,"column":65}},"23":{"start":{"line":74,"column":2},"end":{"line":93,"column":3}},"24":{"start":{"line":75,"column":21},"end":{"line":77,"column":58}},"25":{"start":{"line":79,"column":4},"end":{"line":81,"column":5}},"26":{"start":{"line":80,"column":6},"end":{"line":80,"column":69}},"27":{"start":{"line":84,"column":4},"end":{"line":87,"column":5}},"28":{"start":{"line":86,"column":6},"end":{"line":86,"column":64}},"29":{"start":{"line":89,"column":4},"end":{"line":89,"column":23}},"30":{"start":{"line":91,"column":4},"end":{"line":91,"column":47}},"31":{"start":{"line":92,"column":4},"end":{"line":92,"column":65}},"32":{"start":{"line":97,"column":2},"end":{"line":122,"column":3}},"33":{"start":{"line":98,"column":23},"end":{"line":98,"column":31}},"34":{"start":{"line":99,"column":21},"end":{"line":99,"column":65}},"35":{"start":{"line":101,"column":4},"end":{"line":103,"column":5}},"36":{"start":{"line":102,"column":6},"end":{"line":102,"column":69}},"37":{"start":{"line":106,"column":4},"end":{"line":109,"column":5}},"38":{"start":{"line":108,"column":6},"end":{"line":108,"column":64}},"39":{"start":{"line":111,"column":4},"end":{"line":111,"column":29}},"40":{"start":{"line":112,"column":4},"end":{"line":112,"column":26}},"41":{"start":{"line":114,"column":28},"end":{"line":116,"column":58}},"42":{"start":{"line":118,"column":4},"end":{"line":118,"column":30}},"43":{"start":{"line":120,"column":4},"end":{"line":120,"column":57}},"44":{"start":{"line":121,"column":4},"end":{"line":121,"column":72}}},"fnMap":{"0":{"name":"getUserContracts","decl":{"start":{"line":5,"column":22},"end":{"line":5,"column":38}},"loc":{"start":{"line":5,"column":49},"end":{"line":40,"column":1}},"line":5},"1":{"name":"createContract","decl":{"start":{"line":42,"column":22},"end":{"line":42,"column":36}},"loc":{"start":{"line":42,"column":47},"end":{"line":71,"column":1}},"line":42},"2":{"name":"getContract","decl":{"start":{"line":73,"column":22},"end":{"line":73,"column":33}},"loc":{"start":{"line":73,"column":44},"end":{"line":94,"column":1}},"line":73},"3":{"name":"updateContractStatus","decl":{"start":{"line":96,"column":22},"end":{"line":96,"column":42}},"loc":{"start":{"line":96,"column":53},"end":{"line":123,"column":1}},"line":96}},"branchMap":{"0":{"loc":{"start":{"line":7,"column":4},"end":{"line":10,"column":5}},"type":"if","locations":[{"start":{"line":7,"column":4},"end":{"line":10,"column":5}},{"start":{},"end":{}}],"line":7},"1":{"loc":{"start":{"line":7,"column":8},"end":{"line":7,"column":37}},"type":"binary-expr","locations":[{"start":{"line":7,"column":8},"end":{"line":7,"column":17}},{"start":{"line":7,"column":21},"end":{"line":7,"column":37}}],"line":7},"2":{"loc":{"start":{"line":16,"column":4},"end":{"line":19,"column":5}},"type":"if","locations":[{"start":{"line":16,"column":4},"end":{"line":19,"column":5}},{"start":{},"end":{}}],"line":16},"3":{"loc":{"start":{"line":47,"column":4},"end":{"line":49,"column":5}},"type":"if","locations":[{"start":{"line":47,"column":4},"end":{"line":49,"column":5}},{"start":{},"end":{}}],"line":47},"4":{"loc":{"start":{"line":79,"column":4},"end":{"line":81,"column":5}},"type":"if","locations":[{"start":{"line":79,"column":4},"end":{"line":81,"column":5}},{"start":{},"end":{}}],"line":79},"5":{"loc":{"start":{"line":84,"column":4},"end":{"line":87,"column":5}},"type":"if","locations":[{"start":{"line":84,"column":4},"end":{"line":87,"column":5}},{"start":{},"end":{}}],"line":84},"6":{"loc":{"start":{"line":84,"column":8},"end":{"line":85,"column":58}},"type":"binary-expr","locations":[{"start":{"line":84,"column":8},"end":{"line":84,"column":54}},{"start":{"line":85,"column":8},"end":{"line":85,"column":58}}],"line":84},"7":{"loc":{"start":{"line":101,"column":4},"end":{"line":103,"column":5}},"type":"if","locations":[{"start":{"line":101,"column":4},"end":{"line":103,"column":5}},{"start":{},"end":{}}],"line":101},"8":{"loc":{"start":{"line":106,"column":4},"end":{"line":109,"column":5}},"type":"if","locations":[{"start":{"line":106,"column":4},"end":{"line":109,"column":5}},{"start":{},"end":{}}],"line":106},"9":{"loc":{"start":{"line":106,"column":8},"end":{"line":107,"column":58}},"type":"binary-expr","locations":[{"start":{"line":106,"column":8},"end":{"line":106,"column":54}},{"start":{"line":107,"column":8},"end":{"line":107,"column":58}}],"line":106}},"s":{"0":0,"1":0,"2":0,"3":0,"4":0,"5":0,"6":0,"7":0,"8":0,"9":0,"10":0,"11":0,"12":0,"13":0,"14":0,"15":0,"16":0,"17":0,"18":0,"19":0,"20":0,"21":0,"22":0,"23":0,"24":0,"25":0,"26":0,"27":0,"28":0,"29":0,"30":0,"31":0,"32":0,"33":0,"34":0,"35":0,"36":0,"37":0,"38":0,"39":0,"40":0,"41":0,"42":0,"43":0,"44":0},"f":{"0":0,"1":0,"2":0,"3":0},"b":{"0":[0,0],"1":[0,0],"2":[0,0],"3":[0,0],"4":[0,0],"5":[0,0],"6":[0,0],"7":[0,0],"8":[0,0],"9":[0,0]},"_coverageSchema":"1a1c01bbd47fc00a2c39e90264f33305004495a9","hash":"b5b80fabb839b82559696f22ab19608ad5c9b23a"}
,"C:\\Users\\yhbde\\OneDrive\\Desktop\\FreelanceJob\\FLB61\\server\\controllers\\freelancerController.js": {"path":"C:\\Users\\yhbde\\OneDrive\\Desktop\\FreelanceJob\\FLB61\\server\\controllers\\freelancerController.js","statementMap":{"0":{"start":{"line":5,"column":30},"end":{"line":24,"column":1}},"1":{"start":{"line":6,"column":17},"end":{"line":6,"column":19}},"2":{"start":{"line":8,"column":2},"end":{"line":10,"column":3}},"3":{"start":{"line":9,"column":4},"end":{"line":9,"column":60}},"4":{"start":{"line":12,"column":2},"end":{"line":14,"column":3}},"5":{"start":{"line":13,"column":4},"end":{"line":13,"column":59}},"6":{"start":{"line":16,"column":2},"end":{"line":21,"column":3}},"7":{"start":{"line":17,"column":17},"end":{"line":17,"column":44}},"8":{"start":{"line":18,"column":4},"end":{"line":20,"column":5}},"9":{"start":{"line":19,"column":6},"end":{"line":19,"column":41}},"10":{"start":{"line":23,"column":2},"end":{"line":23,"column":16}},"11":{"start":{"line":26,"column":36},"end":{"line":59,"column":1}},"12":{"start":{"line":27,"column":2},"end":{"line":58,"column":3}},"13":{"start":{"line":28,"column":19},"end":{"line":28,"column":51}},"14":{"start":{"line":29,"column":20},"end":{"line":30,"column":70}},"15":{"start":{"line":32,"column":4},"end":{"line":52,"column":5}},"16":{"start":{"line":34,"column":19},"end":{"line":34,"column":46}},"17":{"start":{"line":35,"column":6},"end":{"line":37,"column":7}},"18":{"start":{"line":36,"column":8},"end":{"line":36,"column":67}},"19":{"start":{"line":39,"column":25},"end":{"line":46,"column":8}},"20":{"start":{"line":48,"column":31},"end":{"line":49,"column":72}},"21":{"start":{"line":51,"column":6},"end":{"line":51,"column":40}},"22":{"start":{"line":54,"column":4},"end":{"line":54,"column":22}},"23":{"start":{"line":56,"column":4},"end":{"line":56,"column":57}},"24":{"start":{"line":57,"column":4},"end":{"line":57,"column":54}},"25":{"start":{"line":61,"column":39},"end":{"line":124,"column":1}},"26":{"start":{"line":62,"column":2},"end":{"line":123,"column":3}},"27":{"start":{"line":64,"column":19},"end":{"line":64,"column":50}},"28":{"start":{"line":65,"column":4},"end":{"line":67,"column":5}},"29":{"start":{"line":66,"column":6},"end":{"line":66,"column":58}},"30":{"start":{"line":69,"column":18},"end":{"line":69,"column":93}},"31":{"start":{"line":70,"column":4},"end":{"line":79,"column":5}},"32":{"start":{"line":71,"column":6},"end":{"line":78,"column":9}},"33":{"start":{"line":82,"column":4},"end":{"line":84,"column":5}},"34":{"start":{"line":83,"column":6},"end":{"line":83,"column":63}},"35":{"start":{"line":87,"column":19},"end":{"line":87,"column":77}},"36":{"start":{"line":88,"column":4},"end":{"line":92,"column":7}},"37":{"start":{"line":89,"column":6},"end":{"line":91,"column":7}},"38":{"start":{"line":90,"column":8},"end":{"line":90,"column":41}},"39":{"start":{"line":95,"column":24},"end":{"line":95,"column":74}},"40":{"start":{"line":96,"column":4},"end":{"line":106,"column":7}},"41":{"start":{"line":97,"column":6},"end":{"line":105,"column":7}},"42":{"start":{"line":98,"column":8},"end":{"line":104,"column":9}},"43":{"start":{"line":99,"column":10},"end":{"line":101,"column":30}},"44":{"start":{"line":103,"column":10},"end":{"line":103,"column":58}},"45":{"start":{"line":108,"column":4},"end":{"line":108,"column":25}},"46":{"start":{"line":110,"column":27},"end":{"line":111,"column":70}},"47":{"start":{"line":113,"column":4},"end":{"line":116,"column":7}},"48":{"start":{"line":118,"column":4},"end":{"line":118,"column":60}},"49":{"start":{"line":119,"column":4},"end":{"line":121,"column":5}},"50":{"start":{"line":120,"column":6},"end":{"line":120,"column":62}},"51":{"start":{"line":122,"column":4},"end":{"line":122,"column":54}},"52":{"start":{"line":126,"column":35},"end":{"line":169,"column":1}},"53":{"start":{"line":127,"column":2},"end":{"line":168,"column":3}},"54":{"start":{"line":128,"column":20},"end":{"line":128,"column":93}},"55":{"start":{"line":129,"column":4},"end":{"line":131,"column":5}},"56":{"start":{"line":130,"column":6},"end":{"line":130,"column":79}},"57":{"start":{"line":133,"column":22},"end":{"line":133,"column":30}},"58":{"start":{"line":134,"column":4},"end":{"line":136,"column":5}},"59":{"start":{"line":135,"column":6},"end":{"line":135,"column":68}},"60":{"start":{"line":138,"column":4},"end":{"line":140,"column":5}},"61":{"start":{"line":139,"column":6},"end":{"line":139,"column":26}},"62":{"start":{"line":142,"column":23},"end":{"line":142,"column":65}},"63":{"start":{"line":142,"column":48},"end":{"line":142,"column":64}},"64":{"start":{"line":143,"column":4},"end":{"line":145,"column":5}},"65":{"start":{"line":143,"column":56},"end":{"line":143,"column":99}},"66":{"start":{"line":144,"column":6},"end":{"line":144,"column":78}},"67":{"start":{"line":147,"column":4},"end":{"line":154,"column":5}},"68":{"start":{"line":148,"column":6},"end":{"line":148,"column":68}},"69":{"start":{"line":150,"column":6},"end":{"line":153,"column":9}},"70":{"start":{"line":156,"column":4},"end":{"line":156,"column":25}},"71":{"start":{"line":158,"column":27},"end":{"line":159,"column":72}},"72":{"start":{"line":161,"column":4},"end":{"line":164,"column":7}},"73":{"start":{"line":166,"column":4},"end":{"line":166,"column":56}},"74":{"start":{"line":167,"column":4},"end":{"line":167,"column":54}},"75":{"start":{"line":171,"column":36},"end":{"line":192,"column":1}},"76":{"start":{"line":172,"column":2},"end":{"line":191,"column":3}},"77":{"start":{"line":173,"column":20},"end":{"line":174,"column":72}},"78":{"start":{"line":176,"column":4},"end":{"line":178,"column":5}},"79":{"start":{"line":177,"column":6},"end":{"line":177,"column":79}},"80":{"start":{"line":180,"column":4},"end":{"line":187,"column":7}},"81":{"start":{"line":189,"column":4},"end":{"line":189,"column":57}},"82":{"start":{"line":190,"column":4},"end":{"line":190,"column":54}},"83":{"start":{"line":194,"column":30},"end":{"line":233,"column":1}},"84":{"start":{"line":195,"column":2},"end":{"line":232,"column":3}},"85":{"start":{"line":196,"column":20},"end":{"line":196,"column":93}},"86":{"start":{"line":197,"column":4},"end":{"line":199,"column":5}},"87":{"start":{"line":198,"column":6},"end":{"line":198,"column":79}},"88":{"start":{"line":201,"column":21},"end":{"line":201,"column":29}},"89":{"start":{"line":202,"column":4},"end":{"line":204,"column":5}},"90":{"start":{"line":203,"column":6},"end":{"line":203,"column":98}},"91":{"start":{"line":206,"column":4},"end":{"line":208,"column":5}},"92":{"start":{"line":207,"column":6},"end":{"line":207,"column":32}},"93":{"start":{"line":210,"column":4},"end":{"line":212,"column":5}},"94":{"start":{"line":210,"column":39},"end":{"line":210,"column":79}},"95":{"start":{"line":211,"column":6},"end":{"line":211,"column":87}},"96":{"start":{"line":214,"column":4},"end":{"line":218,"column":7}},"97":{"start":{"line":220,"column":4},"end":{"line":220,"column":25}},"98":{"start":{"line":222,"column":27},"end":{"line":223,"column":62}},"99":{"start":{"line":225,"column":4},"end":{"line":228,"column":7}},"100":{"start":{"line":230,"column":4},"end":{"line":230,"column":50}},"101":{"start":{"line":231,"column":4},"end":{"line":231,"column":54}},"102":{"start":{"line":235,"column":31},"end":{"line":256,"column":1}},"103":{"start":{"line":236,"column":2},"end":{"line":255,"column":3}},"104":{"start":{"line":237,"column":20},"end":{"line":238,"column":62}},"105":{"start":{"line":240,"column":4},"end":{"line":242,"column":5}},"106":{"start":{"line":241,"column":6},"end":{"line":241,"column":79}},"107":{"start":{"line":244,"column":4},"end":{"line":251,"column":7}},"108":{"start":{"line":253,"column":4},"end":{"line":253,"column":51}},"109":{"start":{"line":254,"column":4},"end":{"line":254,"column":54}}},"fnMap":{"0":{"name":"(anonymous_0)","decl":{"start":{"line":5,"column":30},"end":{"line":5,"column":31}},"loc":{"start":{"line":5,"column":40},"end":{"line":24,"column":1}},"line":5},"1":{"name":"(anonymous_1)","decl":{"start":{"line":26,"column":36},"end":{"line":26,"column":37}},"loc":{"start":{"line":26,"column":56},"end":{"line":59,"column":1}},"line":26},"2":{"name":"(anonymous_2)","decl":{"start":{"line":61,"column":39},"end":{"line":61,"column":40}},"loc":{"start":{"line":61,"column":59},"end":{"line":124,"column":1}},"line":61},"3":{"name":"(anonymous_3)","decl":{"start":{"line":88,"column":19},"end":{"line":88,"column":20}},"loc":{"start":{"line":88,"column":28},"end":{"line":92,"column":5}},"line":88},"4":{"name":"(anonymous_4)","decl":{"start":{"line":96,"column":24},"end":{"line":96,"column":25}},"loc":{"start":{"line":96,"column":33},"end":{"line":106,"column":5}},"line":96},"5":{"name":"(anonymous_5)","decl":{"start":{"line":126,"column":35},"end":{"line":126,"column":36}},"loc":{"start":{"line":126,"column":55},"end":{"line":169,"column":1}},"line":126},"6":{"name":"(anonymous_6)","decl":{"start":{"line":142,"column":43},"end":{"line":142,"column":44}},"loc":{"start":{"line":142,"column":48},"end":{"line":142,"column":64}},"line":142},"7":{"name":"(anonymous_7)","decl":{"start":{"line":143,"column":51},"end":{"line":143,"column":52}},"loc":{"start":{"line":143,"column":56},"end":{"line":143,"column":99}},"line":143},"8":{"name":"(anonymous_8)","decl":{"start":{"line":171,"column":36},"end":{"line":171,"column":37}},"loc":{"start":{"line":171,"column":56},"end":{"line":192,"column":1}},"line":171},"9":{"name":"(anonymous_9)","decl":{"start":{"line":194,"column":30},"end":{"line":194,"column":31}},"loc":{"start":{"line":194,"column":50},"end":{"line":233,"column":1}},"line":194},"10":{"name":"(anonymous_10)","decl":{"start":{"line":210,"column":34},"end":{"line":210,"column":35}},"loc":{"start":{"line":210,"column":39},"end":{"line":210,"column":79}},"line":210},"11":{"name":"(anonymous_11)","decl":{"start":{"line":235,"column":31},"end":{"line":235,"column":32}},"loc":{"start":{"line":235,"column":51},"end":{"line":256,"column":1}},"line":235}},"branchMap":{"0":{"loc":{"start":{"line":8,"column":2},"end":{"line":10,"column":3}},"type":"if","locations":[{"start":{"line":8,"column":2},"end":{"line":10,"column":3}},{"start":{},"end":{}}],"line":8},"1":{"loc":{"start":{"line":8,"column":6},"end":{"line":8,"column":77}},"type":"binary-expr","locations":[{"start":{"line":8,"column":6},"end":{"line":8,"column":16}},{"start":{"line":8,"column":21},"end":{"line":8,"column":51}},{"start":{"line":8,"column":55},"end":{"line":8,"column":76}}],"line":8},"2":{"loc":{"start":{"line":12,"column":2},"end":{"line":14,"column":3}},"type":"if","locations":[{"start":{"line":12,"column":2},"end":{"line":14,"column":3}},{"start":{},"end":{}}],"line":12},"3":{"loc":{"start":{"line":12,"column":6},"end":{"line":12,"column":72}},"type":"binary-expr","locations":[{"start":{"line":12,"column":6},"end":{"line":12,"column":14}},{"start":{"line":12,"column":19},"end":{"line":12,"column":47}},{"start":{"line":12,"column":51},"end":{"line":12,"column":71}}],"line":12},"4":{"loc":{"start":{"line":16,"column":2},"end":{"line":21,"column":3}},"type":"if","locations":[{"start":{"line":16,"column":2},"end":{"line":21,"column":3}},{"start":{},"end":{}}],"line":16},"5":{"loc":{"start":{"line":18,"column":4},"end":{"line":20,"column":5}},"type":"if","locations":[{"start":{"line":18,"column":4},"end":{"line":20,"column":5}},{"start":{},"end":{}}],"line":18},"6":{"loc":{"start":{"line":18,"column":8},"end":{"line":18,"column":31}},"type":"binary-expr","locations":[{"start":{"line":18,"column":8},"end":{"line":18,"column":19}},{"start":{"line":18,"column":23},"end":{"line":18,"column":31}}],"line":18},"7":{"loc":{"start":{"line":28,"column":19},"end":{"line":28,"column":51}},"type":"binary-expr","locations":[{"start":{"line":28,"column":19},"end":{"line":28,"column":32}},{"start":{"line":28,"column":36},"end":{"line":28,"column":51}}],"line":28},"8":{"loc":{"start":{"line":32,"column":4},"end":{"line":52,"column":5}},"type":"if","locations":[{"start":{"line":32,"column":4},"end":{"line":52,"column":5}},{"start":{},"end":{}}],"line":32},"9":{"loc":{"start":{"line":35,"column":6},"end":{"line":37,"column":7}},"type":"if","locations":[{"start":{"line":35,"column":6},"end":{"line":37,"column":7}},{"start":{},"end":{}}],"line":35},"10":{"loc":{"start":{"line":65,"column":4},"end":{"line":67,"column":5}},"type":"if","locations":[{"start":{"line":65,"column":4},"end":{"line":67,"column":5}},{"start":{},"end":{}}],"line":65},"11":{"loc":{"start":{"line":70,"column":4},"end":{"line":79,"column":5}},"type":"if","locations":[{"start":{"line":70,"column":4},"end":{"line":79,"column":5}},{"start":{},"end":{}}],"line":70},"12":{"loc":{"start":{"line":82,"column":4},"end":{"line":84,"column":5}},"type":"if","locations":[{"start":{"line":82,"column":4},"end":{"line":84,"column":5}},{"start":{},"end":{}}],"line":82},"13":{"loc":{"start":{"line":89,"column":6},"end":{"line":91,"column":7}},"type":"if","locations":[{"start":{"line":89,"column":6},"end":{"line":91,"column":7}},{"start":{},"end":{}}],"line":89},"14":{"loc":{"start":{"line":97,"column":6},"end":{"line":105,"column":7}},"type":"if","locations":[{"start":{"line":97,"column":6},"end":{"line":105,"column":7}},{"start":{},"end":{}}],"line":97},"15":{"loc":{"start":{"line":99,"column":27},"end":{"line":101,"column":29}},"type":"cond-expr","locations":[{"start":{"line":100,"column":14},"end":{"line":100,"column":41}},{"start":{"line":101,"column":14},"end":{"line":101,"column":29}}],"line":99},"16":{"loc":{"start":{"line":119,"column":4},"end":{"line":121,"column":5}},"type":"if","locations":[{"start":{"line":119,"column":4},"end":{"line":121,"column":5}},{"start":{},"end":{}}],"line":119},"17":{"loc":{"start":{"line":129,"column":4},"end":{"line":131,"column":5}},"type":"if","locations":[{"start":{"line":129,"column":4},"end":{"line":131,"column":5}},{"start":{},"end":{}}],"line":129},"18":{"loc":{"start":{"line":134,"column":4},"end":{"line":136,"column":5}},"type":"if","locations":[{"start":{"line":134,"column":4},"end":{"line":136,"column":5}},{"start":{},"end":{}}],"line":134},"19":{"loc":{"start":{"line":138,"column":4},"end":{"line":140,"column":5}},"type":"if","locations":[{"start":{"line":138,"column":4},"end":{"line":140,"column":5}},{"start":{},"end":{}}],"line":138},"20":{"loc":{"start":{"line":143,"column":4},"end":{"line":145,"column":5}},"type":"if","locations":[{"start":{"line":143,"column":4},"end":{"line":145,"column":5}},{"start":{},"end":{}}],"line":143},"21":{"loc":{"start":{"line":143,"column":8},"end":{"line":143,"column":100}},"type":"binary-expr","locations":[{"
[...]
},"27":{"start":{"line":134,"column":2},"end":{"line":134,"column":39}},"28":{"start":{"line":135,"column":2},"end":{"line":135,"column":41}},"29":{"start":{"line":136,"column":2},"end":{"line":136,"column":29}},"30":{"start":{"line":138,"column":2},"end":{"line":138,"column":20}},"31":{"start":{"line":142,"column":0},"end":{"line":142,"column":31}},"32":{"start":{"line":143,"column":0},"end":{"line":143,"column":30}},"33":{"start":{"line":144,"column":0},"end":{"line":144,"column":40}},"34":{"start":{"line":146,"column":20},"end":{"line":146,"column":54}}},"fnMap":{"0":{"name":"(anonymous_0)","decl":{"start":{"line":88,"column":23},"end":{"line":88,"column":24}},"loc":{"start":{"line":88,"column":44},"end":{"line":94,"column":1}},"line":88},"1":{"name":"(anonymous_1)","decl":{"start":{"line":97,"column":39},"end":{"line":97,"column":40}},"loc":{"start":{"line":97,"column":56},"end":{"line":107,"column":1}},"line":97},"2":{"name":"(anonymous_2)","decl":{"start":{"line":110,"column":37},"end":{"line":110,"column":38}},"loc":{"start":{"line":110,"column":71},"end":{"line":112,"column":1}},"line":110},"3":{"name":"(anonymous_3)","decl":{"start":{"line":115,"column":39},"end":{"line":115,"column":40}},"loc":{"start":{"line":115,"column":66},"end":{"line":125,"column":1}},"line":115},"4":{"name":"(anonymous_4)","decl":{"start":{"line":128,"column":28},"end":{"line":128,"column":29}},"loc":{"start":{"line":128,"column":39},"end":{"line":139,"column":1}},"line":128}},"branchMap":{"0":{"loc":{"start":{"line":90,"column":2},"end":{"line":92,"column":3}},"type":"if","locations":[{"start":{"line":90,"column":2},"end":{"line":92,"column":3}},{"start":{},"end":{}}],"line":90},"1":{"loc":{"start":{"line":101,"column":4},"end":{"line":101,"column":43}},"type":"binary-expr","locations":[{"start":{"line":101,"column":4},"end":{"line":101,"column":26}},{"start":{"line":101,"column":30},"end":{"line":101,"column":43}}],"line":101},"2":{"loc":{"start":{"line":117,"column":2},"end":{"line":119,"column":3}},"type":"if","locations":[{"start":{"line":117,"column":2},"end":{"line":119,"column":3}},{"start":{},"end":{}}],"line":117},"3":{"loc":{"start":{"line":121,"column":2},"end":{"line":123,"column":3}},"type":"if","locations":[{"start":{"line":121,"column":2},"end":{"line":123,"column":3}},{"start":{},"end":{}}],"line":121}},"s":{"0":5,"1":5,"2":319,"3":319,"4":164,"5":319,"6":5,"7":152,"8":152,"9":152,"10":152,"11":152,"12":5,"13":2,"14":5,"15":0,"16":0,"17":0,"18":0,"19":0,"20":0,"21":0,"22":5,"23":21,"24":21,"25":21,"26":21,"27":21,"28":21,"29":21,"30":21,"31":5,"32":5,"33":5,"34":5},"f":{"0":319,"1":152,"2":2,"3":0,"4":21},"b":{"0":[164,155],"1":[152,0],"2":[0,0],"3":[0,0]},"_coverageSchema":"1a1c01bbd47fc00a2c39e90264f33305004495a9","hash":"7003c5d3bd4b2a85a18d0b29ecd5c0dbc8a001af"}
,"C:\\Users\\yhbde\\OneDrive\\Desktop\\FreelanceJob\\FLB61\\server\\routes\\admin.js": {"path":"C:\\Users\\yhbde\\OneDrive\\Desktop\\FreelanceJob\\FLB61\\server\\routes\\admin.js","statementMap":{"0":{"start":{"line":17,"column":15},"end":{"line":17,"column":31}},"1":{"start":{"line":20,"column":18},"end":{"line":25,"column":1}},"2":{"start":{"line":21,"column":2},"end":{"line":23,"column":3}},"3":{"start":{"line":22,"column":4},"end":{"line":22,"column":70}},"4":{"start":{"line":24,"column":2},"end":{"line":24,"column":9}},"5":{"start":{"line":28,"column":0},"end":{"line":28,"column":67}},"6":{"start":{"line":31,"column":0},"end":{"line":31,"column":48}},"7":{"start":{"line":32,"column":0},"end":{"line":32,"column":55}},"8":{"start":{"line":33,"column":0},"end":{"line":33,"column":54}},"9":{"start":{"line":34,"column":0},"end":{"line":34,"column":57}},"10":{"start":{"line":37,"column":0},"end":{"line":37,"column":62}},"11":{"start":{"line":40,"column":0},"end":{"line":40,"column":54}},"12":{"start":{"line":41,"column":0},"end":{"line":41,"column":70}},"13":{"start":{"line":44,"column":0},"end":{"line":44,"column":64}},"14":{"start":{"line":45,"column":0},"end":{"line":45,"column":77}},"15":{"start":{"line":48,"column":0},"end":{"line":48,"column":57}}},"fnMap":{"0":{"name":"(anonymous_0)","decl":{"start":{"line":20,"column":18},"end":{"line":20,"column":19}},"loc":{"start":{"line":20,"column":38},"end":{"line":25,"column":1}},"line":20}},"branchMap":{"0":{"loc":{"start":{"line":21,"column":2},"end":{"line":23,"column":3}},"type":"if","locations":[{"start":{"line":21,"column":2},"end":{"line":23,"column":3}},{"start":{},"end":{}}],"line":21}},"s":{"0":5,"1":5,"2":17,"3":2,"4":15,"5":5,"6":5,"7":5,"8":5,"9":5,"10":5,"11":5,"12":5,"13":5,"14":5,"15":5},"f":{"0":17},"b":{"0":[2,15]},"_coverageSchema":"1a1c01bbd47fc00a2c39e90264f33305004495a9","hash":"e22b79bd01c562e2f8f53a9527f29222fe9bdb51"}
,"C:\\Users\\yhbde\\OneDrive\\Desktop\\FreelanceJob\\FLB61\\server\\routes\\auth.js": {"path":"C:\\Users\\yhbde\\OneDrive\\Desktop\\FreelanceJob\\FLB61\\server\\routes\\auth.js","statementMap":{"0":{"start":{"line":13,"column":15},"end":{"line":13,"column":31}},"1":{"start":{"line":16,"column":0},"end":{"line":16,"column":35}},"2":{"start":{"line":17,"column":0},"end":{"line":17,"column":29}},"3":{"start":{"line":18,"column":0},"end":{"line":18,"column":48}},"4":{"start":{"line":19,"column":0},"end":{"line":19,"column":46}},"5":{"start":{"line":22,"column":0},"end":{"line":22,"column":40}},"6":{"start":{"line":23,"column":0},"end":{"line":23,"column":37}},"7":{"start":{"line":24,"column":0},"end":{"line":24,"column":54}}},"fnMap":{},"branchMap":{},"s":{"0":5,"1":5,"2":5,"3":5,"4":5,"5":5,"6":5,"7":5},"f":{},"b":{},"_coverageSchema":"1a1c01bbd47fc00a2c39e90264f33305004495a9","hash":"49f489232960cce4e4cbbf7c897f39426540ac5d"}
,"C:\\Users\\yhbde\\OneDrive\\Desktop\\FreelanceJob\\FLB61\\server\\routes\\directContract.js": {"path":"C:\\Users\\yhbde\\OneDrive\\Desktop\\FreelanceJob\\FLB61\\server\\routes\\directContract.js","statementMap":{"0":{"start":{"line":5,"column":15},"end":{"line":5,"column":31}},"1":{"start":{"line":8,"column":0},"end":{"line":8,"column":65}},"2":{"start":{"line":11,"column":0},"end":{"line":11,"column":64}},"3":{"start":{"line":14,"column":0},"end":{"line":14,"column":63}},"4":{"start":{"line":17,"column":0},"end":{"line":17,"column":81}}},"fnMap":{},"branchMap":{},"s":{"0":5,"1":5,"2":5,"3":5,"4":5},"f":{},"b":{},"_coverageSchema":"1a1c01bbd47fc00a2c39e90264f33305004495a9","hash":"af3482356c67557ea43bcd0220ab4446f05c6de7"}
,"C:\\Users\\yhbde\\OneDrive\\Desktop\\FreelanceJob\\FLB61\\server\\routes\\job.js": {"path":"C:\\Users\\yhbde\\OneDrive\\Desktop\\FreelanceJob\\FLB61\\server\\routes\\job.js","statementMap":{"0":{"start":{"line":18,"column":15},"end":{"line":18,"column":31}},"1":{"start":{"line":21,"column":0},"end":{"line":21,"column":40}},"2":{"start":{"line":22,"column":0},"end":{"line":22,"column":53}},"3":{"start":{"line":23,"column":0},"end":{"line":23,"column":40}},"4":{"start":{"line":24,"column":0},"end":{"line":63,"column":3}},"5":{"start":{"line":25,"column":2},"end":{"line":62,"column":3}},"6":{"start":{"line":26,"column":4},"end":{"line":29,"column":5}},"7":{"start":{"line":27,"column":6},"end":{"line":27,"column":51}},"8":{"start":{"line":28,"column":6},"end":{"line":28,"column":74}},"9":{"start":{"line":31,"column":4},"end":{"line":31,"column":40}},"10":{"start":{"line":32,"column":4},"end":{"line":32,"column":66}},"11":{"start":{"line":35,"column":4},"end":{"line":41,"column":5}},"12":{"start":{"line":36,"column":6},"end":{"line":36,"column":62}},"13":{"start":{"line":37,"column":6},"end":{"line":37,"column":52}},"14":{"start":{"line":39,"column":6},"end":{"line":39,"column":52}},"15":{"start":{"line":40,"column":6},"end":{"line":40,"column":73}},"16":{"start":{"line":44,"column":20},"end":{"line":44,"column":38}},"17":{"start":{"line":45,"column":4},"end":{"line":45,"column":108}},"18":{"start":{"line":48,"column":23},"end":{"line":51,"column":13}},"19":{"start":{"line":53,"column":4},"end":{"line":53,"column":111}},"20":{"start":{"line":55,"column":4},"end":{"line":55,"column":35}},"21":{"start":{"line":57,"column":4},"end":{"line":57,"column":56}},"22":{"start":{"line":58,"column":4},"end":{"line":60,"column":5}},"23":{"start":{"line":59,"column":6},"end":{"line":59,"column":68}},"24":{"start":{"line":61,"column":4},"end":{"line":61,"column":68}},"25":{"start":{"line":66,"column":0},"end":{"line":66,"column":34}},"26":{"start":{"line":67,"column":0},"end":{"line":67,"column":34}},"27":{"start":{"line":68,"column":0},"end":{"line":68,"column":37}},"28":{"start":{"line":69,"column":0},"end":{"line":69,"column":36}},"29":{"start":{"line":70,"column":0},"end":{"line":70,"column":39}},"30":{"start":{"line":73,"column":0},"end":{"line":73,"column":44}},"31":{"start":{"line":74,"column":0},"end":{"line":74,"column":51}}},"fnMap":{"0":{"name":"(anonymous_0)","decl":{"start":{"line":24,"column":40},"end":{"line":24,"column":41}},"loc":{"start":{"line":24,"column":60},"end":{"line":63,"column":1}},"line":24}},"branchMap":{"0":{"loc":{"start":{"line":26,"column":4},"end":{"line":29,"column":5}},"type":"if","locations":[{"start":{"line":26,"column":4},"end":{"line":29,"column":5}},{"start":{},"end":{}}],"line":26},"1":{"loc":{"start":{"line":26,"column":8},"end":{"line":26,"column":37}},"type":"binary-expr","locations":[{"start":{"line":26,"column":8},"end":{"line":26,"column":17}},{"start":{"line":26,"column":21},"end":{"line":26,"column":37}}],"line":26},"2":{"loc":{"start":{"line":45,"column":41},"end":{"line":45,"column":106}},"type":"cond-expr","locations":[{"start":{"line":45,"column":58},"end":{"line":45,"column":88}},{"start":{"line":45,"column":91},"end":{"line":45,"column":106}}],"line":45},"3":{"loc":{"start":{"line":53,"column":38},"end":{"line":53,"column":109}},"type":"cond-expr","locations":[{"start":{"line":53,"column":58},"end":{"line":53,"column":91}},{"start":{"line":53,"column":94},"end":{"line":53,"column":109}}],"line":53},"4":{"loc":{"start":{"line":58,"column":4},"end":{"line":60,"column":5}},"type":"if","locations":[{"start":{"line":58,"column":4},"end":{"line":60,"column":5}},{"start":{},"end":{}}],"line":58}},"s":{"0":5,"1":5,"2":5,"3":5,"4":5,"5":0,"6":0,"7":0,"8":0,"9":0,"10":0,"11":0,"12":0,"13":0,"14":0,"15":0,"16":0,"17":0,"18":0,"19":0,"20":0,"21":0,"22":0,"23":0,"24":0,"25":5,"26":5,"27":5,"28":5,"29":5,"30":5,"31":5},"f":{"0":0},"b":{"0":[0,0],"1":[0,0],"2":[0,0],"3":[0,0],"4":[0,0]},"_coverageSchema":"1a1c01bbd47fc00a2c39e90264f33305004495a9","hash":"bace7cd89bf78a917e3e226b2aefc7b26ad77f26"}
,"C:\\Users\\yhbde\\OneDrive\\Desktop\\FreelanceJob\\FLB61\\server\\routes\\payment.js": {"path":"C:\\Users\\yhbde\\OneDrive\\Desktop\\FreelanceJob\\FLB61\\server\\routes\\payment.js","statementMap":{"0":{"start":{"line":13,"column":15},"end":{"line":13,"column":31}},"1":{"start":{"line":16,"column":0},"end":{"line":16,"column":48}},"2":{"start":{"line":17,"column":0},"end":{"line":17,"column":48}},"3":{"start":{"line":18,"column":0},"end":{"line":18,"column":57}},"4":{"start":{"line":21,"column":0},"end":{"line":21,"column":50}},"5":{"start":{"line":22,"column":0},"end":{"line":22,"column":60}},"6":{"start":{"line":25,"column":0},"end":{"line":25,"column":51}},"7":{"start":{"line":26,"column":0},"end":{"line":26,"column":48}}},"fnMap":{},"branchMap":{},"s":{"0":5,"1":5,"2":5,"3":5,"4":5,"5":5,"6":5,"7":5},"f":{},"b":{},"_coverageSchema":"1a1c01bbd47fc00a2c39e90264f33305004495a9","hash":"26cbda1864864be4e2ee8cc9c47dda71afdfd3ec"}
,"C:\\Users\\yhbde\\OneDrive\\Desktop\\FreelanceJob\\FLB61\\server\\routes\\review.js": {"path":"C:\\Users\\yhbde\\OneDrive\\Desktop\\FreelanceJob\\FLB61\\server\\routes\\review.js","statementMap":{"0":{"start":{"line":12,"column":15},"end":{"line":12,"column":31}},"1":{"start":{"line":15,"column":0},"end":{"line":15,"column":37}},"2":{"start":{"line":16,"column":0},"end":{"line":16,"column":34}},"3":{"start":{"line":17,"column":0},"end":{"line":17,"column":43}},"4":{"start":{"line":18,"column":0},"end":{"line":18,"column":40}},"5":{"start":{"line":19,"column":0},"end":{"line":19,"column":39}},"6":{"start":{"line":20,"column":0},"end":{"line":20,"column":42}}},"fnMap":{},"branchMap":{},"s":{"0":5,"1":5,"2":5,"3":5,"4":5,"5":5,"6":5},"f":{},"b":{},"_coverageSchema":"1a1c01bbd47fc00a2c39e90264f33305004495a9","hash":"d5dcd751df36664cd3699f253c0e6a1a158a2d8e"}
,"C:\\Users\\yhbde\\OneDrive\\Desktop\\FreelanceJob\\FLB61\\server\\routes\\user.js": {"path":"C:\\Users\\yhbde\\OneDrive\\Desktop\\FreelanceJob\\FLB61\\server\\routes\\user.js","statementMap":{"0":{"start":{"line":8,"column":15},"end":{"line":8,"column":31}},"1":{"start":{"line":11,"column":0},"end":{"line":11,"column":56}},"2":{"start":{"line":12,"column":0},"end":{"line":12,"column":59}},"3":{"start":{"line":13,"column":0},"end":{"line":13,"column":53}},"4":{"start":{"line":14,"column":0},"end":{"line":14,"column":50}},"5":{"start":{"line":15,"column":0},"end":{"line":15,"column":55}},"6":{"start":{"line":18,"column":0},"end":{"line":18,"column":76}},"7":{"start":{"line":19,"column":0},"end":{"line":19,"column":107}},"8":{"start":{"line":20,"column":0},"end":{"line":20,"column":81}},"9":{"start":{"line":21,"column":0},"end":{"line":21,"column":71}},"10":{"start":{"line":24,"column":0},"end":{"line":24,"column":80}},"11":{"start":{"line":25,"column":0},"end":{"line":25,"column":119}},"12":{"start":{"line":26,"column":0},"end":{"line":26,"column":92}},"13":{"start":{"line":27,"column":0},"end":{"line":27,"column":92}},"14":{"start":{"line":28,"column":0},"end":{"line":28,"column":87}},"15":{"start":{"line":29,"column":0},"end":{"line":29,"column":87}}},"fnMap":{},"branchMap":{},"s":{"0":5,"1":5,"2":5,"3":5,"4":5,"5":5,"6":5,"7":5,"8":5,"9":5,"10":5,"11":5,"12":5,"13":5,"14":5,"15":5},"f":{},"b":{},"_coverageSchema":"1a1c01bbd47fc00a2c39e90264f33305004495a9","hash":"46d2974bc4545de41747b9b0fca674bd45484551"}
,"C:\\Users\\yhbde\\OneDrive\\Desktop\\FreelanceJob\\FLB61\\server\\services\\monitoringService.js": {"path":"C:\\Users\\yhbde\\OneDrive\\Desktop\\FreelanceJob\\FLB61\\server\\services\\monitoringService.js","statementMap":{"0":{"start":{"line":6,"column":4},"end":{"line":23,"column":6}},"1":{"start":{"line":28,"column":4},"end":{"line":33,"column":6}},"2":{"start":{"line":29,"column":35},"end":{"line":29,"column":61}},"3":{"start":{"line":29,"column":55},"end":{"line":29,"column":61}},"4":{"start":{"line":31,"column":25},"end":{"line":31,"column":27}},"5":{"start":{"line":37,"column":4},"end":{"line":70,"column":6}},"6":{"start":{"line":38,"column":6},"end":{"line":40,"column":7}},"7":{"start":{"line":39,"column":8},"end":{"line":39,"column":22}},"8":{"start":{"line":42,"column":20},"end":{"line":42,"column":30}},"9":{"start":{"line":45,"column":6},"end":{"line":67,"column":9}},"10":{"start":{"line":46,"column":25},"end":{"line":46,"column":43}},"11":{"start":{"line":47,"column":8},"end":{"line":47,"column":63}},"12":{"start":{"line":48,"column":8},"end":{"line":48,"column":37}},"13":{"start":{"line":49,"column":8},"end":{"line":50,"column":82}},"14":{"start":{"line":53,"column":25},"end":{"line":53,"column":71}},"15":{"start":{"line":54,"column":8},"end":{"line":60,"column":9}},"16":{"start":{"line":55,"column":10},"end":{"line":59,"column":12}},"17":{"start":{"line":62,"column":30},"end":{"line":62,"column":72}},"18":{"start":{"line":63,"column":8},"end":{"line":63,"column":30}},"19":{"start":{"line":64,"column":8},"end":{"line":64,"column":52}},"20":{"start":{"line":65,"column":8},"end":{"line":66,"column":64}},"21":{"start":{"line":69,"column":6},"end":{"line":69,"column":13}},"22":{"start":{"line":74,"column":4},"end":{"line":80,"column":5}},"23":{"start":{"line":77,"column":6},"end":{"line":77,"column":64}},"24":{"start":{"line":79,"column":6},"end":{"line":79,"column":53}},"25":{"start":{"line":84,"column":4},"end":{"line":87,"column":6}},"26":{"start":{"line":91,"column":26},"end":{"line":98,"column":5}},"27":{"start":{"line":100,"column":4},"end":{"line":100,"column":40}},"28":{"start":{"line":101,"column":4},"end":{"line":101,"column":25}},"29":{"start":{"line":106,"column":33},"end":{"line":108,"column":27}}},"fnMap":{"0":{"name":"(anonymous_0)","decl":{"start":{"line":5,"column":2},"end":{"line":5,"column":3}},"loc":{"start":{"line":5,"column":16},"end":{"line":24,"column":3}},"line":5},"1":{"name":"(anonymous_1)","decl":{"start":{"line":27,"column":2},"end":{"line":27,"column":3}},"loc":{"start":{"line":27,"column":30},"end":{"line":34,"column":3}},"line":27},"2":{"name":"(anonymous_2)","decl":{"start":{"line":29,"column":29},"end":{"line":29,"column":30}},"loc":{"start":{"line":29,"column":35},"end":{"line":29,"column":61}},"line":29},"3":{"name":"(anonymous_3)","decl":{"start":{"line":29,"column":35},"end":{"line":29,"column":36}},"loc":{"start":{"line":29,"column":55},"end":{"line":29,"column":61}},"line":29},"4":{"name":"(anonymous_4)","decl":{"start":{"line":30,"column":20},"end":{"line":30,"column":21}},"loc":{"start":{"line":30,"column":26},"end":{"line":30,"column":28}},"line":30},"5":{"name":"(anonymous_5)","decl":{"start":{"line":31,"column":18},"end":{"line":31,"column":19}},"loc":{"start":{"line":31,"column":25},"end":{"line":31,"column":27}},"line":31},"6":{"name":"(anonymous_6)","decl":{"start":{"line":32,"column":19},"end":{"line":32,"column":20}},"loc":{"start":{"line":32,"column":25},"end":{"line":32,"column":27}},"line":32},"7":{"name":"(anonymous_7)","decl":{"start":{"line":36,"column":2},"end":{"line":36,"column":3}},"loc":{"start":{"line":36,"column":26},"end":{"line":71,"column":3}},"line":36},"8":{"name":"(anonymous_8)","decl":{"start":{"line":37,"column":11},"end":{"line":37,"column":12}},"loc":{"start":{"line":37,"column":31},"end":{"line":70,"column":5}},"line":37},"9":{"name":"(anonymous_9)","decl":{"start":{"line":45,"column":23},"end":{"line":45,"column":24}},"loc":{"start":{"line":45,"column":29},"end":{"line":67,"column":7}},"line":45},"10":{"name":"(anonymous_10)","decl":{"start":{"line":73,"column":2},"end":{"line":73,"column":3}},"loc":{"start":{"line":73,"column":43},"end":{"line":81,"column":3}},"line":73},"11":{"name":"(anonymous_11)","decl":{"start":{"line":83,"column":2},"end":{"line":83,"column":3}},"loc":{"start":{"line":83,"column":15},"end":{"line":88,"column":3}},"line":83},"12":{"name":"(anonymous_12)","decl":{"start":{"line":90,"column":2},"end":{"line":90,"column":3}},"loc":{"start":{"line":90,"column":16},"end":{"line":102,"column":3}},"line":90}},"branchMap":{"0":{"loc":{"start":{"line":38,"column":6},"end":{"line":40,"column":7}},"type":"if","locations":[{"start":{"line":38,"column":6},"end":{"line":40,"column":7}},{"start":{},"end":{}}],"line":38},"1":{"loc":{"start":{"line":53,"column":42},"end":{"line":53,"column":69}},"type":"binary-expr","locations":[{"start":{"line":53,"column":42},"end":{"line":53,"column":57}},{"start":{"line":53,"column":61},"end":{"line":53,"column":69}}],"line":53},"2":{"loc":{"start":{"line":54,"column":8},"end":{"line":60,"column":9}},"type":"if","locations":[{"start":{"line":54,"column":8},"end":{"line":60,"column":9}},{"start":{},"end":{}}],"line":54},"3":{"loc":{"start":{"line":73,"column":28},"end":{"line":73,"column":41}},"type":"default-arg","locations":[{"start":{"line":73,"column":39},"end":{"line":73,"column":41}}],"line":73},"4":{"loc":{"start":{"line":106,"column":33},"end":{"line":108,"column":27}},"type":"cond-expr","locations":[{"start":{"line":107,"column":4},"end":{"line":107,"column":42}},{"start":{"line":108,"column":4},"end":{"line":108,"column":27}}],"line":106}},"s":{"0":0,"1":5,"2":5,"3":70,"4":0,"5":0,"6":0,"7":0,"8":0,"9":0,"10":0,"11":0,"12":0,"13":0,"14":0,"15":0,"16":0,"17":0,"18":0,"19":0,"20":0,"21":0,"22":0,"23":0,"24":0,"25":0,"26":0,"27":0,"28":0,"29":5},"f":{"0":0,"1":5,"2":5,"3":70,"4":0,"5":0,"6":0,"7":0,"8":0,"9":0,"10":0,"11":0,"12":0},"b":{"0":[0,0],"1":[0,0],"2":[0,0],"3":[0],"4":[5,0]},"_coverageSchema":"1a1c01bbd47fc00a2c39e90264f33305004495a9","hash":"f87b518f7d9b13e4922838a09f532c4290d336c0"}
}
