TN:
SF:server\index.js
FN:71,(anonymous_0)
FN:95,(anonymous_1)
FN:107,(anonymous_2)
FN:112,(anonymous_3)
FN:115,(anonymous_4)
FNF:5
FNH:1
FNDA:0,(anonymous_0)
FNDA:3,(anonymous_1)
FNDA:0,(anonymous_2)
FNDA:0,(anonymous_3)
FNDA:0,(anonymous_4)
DA:25,1
DA:26,1
DA:28,0
DA:32,1
DA:35,1
DA:38,1
DA:39,0
DA:51,0
DA:53,0
DA:58,1
DA:59,1
DA:60,1
DA:61,1
DA:64,1
DA:65,0
DA:67,1
DA:71,1
DA:72,0
DA:76,1
DA:77,1
DA:78,1
DA:79,1
DA:80,1
DA:81,1
DA:82,1
DA:85,1
DA:86,0
DA:88,1
DA:91,1
DA:94,1
DA:95,3
DA:97,1
DA:107,1
DA:109,0
DA:112,1
DA:113,0
DA:115,0
DA:116,0
DA:121,1
LF:39
LH:28
BRDA:25,0,0,1
BRDA:25,0,1,0
BRDA:32,1,0,1
BRDA:32,1,1,0
BRDA:38,2,0,0
BRDA:38,2,1,1
BRDA:47,3,0,0
BRDA:47,3,1,0
BRDA:64,4,0,0
BRDA:64,4,1,1
BRDA:85,5,0,0
BRDA:85,5,1,1
BRDA:94,6,0,1
BRDA:94,6,1,0
BRF:14
BRH:6
end_of_record
TN:
SF:server\server.js
FN:5,(anonymous_0)
FN:12,(anonymous_1)
FN:17,(anonymous_2)
FN:19,(anonymous_3)
FN:26,(anonymous_4)
FN:30,(anonymous_5)
FN:37,(anonymous_6)
FN:41,(anonymous_7)
FNF:8
FNH:0
FNDA:0,(anonymous_0)
FNDA:0,(anonymous_1)
FNDA:0,(anonymous_2)
FNDA:0,(anonymous_3)
FNDA:0,(anonymous_4)
FNDA:0,(anonymous_5)
FNDA:0,(anonymous_6)
FNDA:0,(anonymous_7)
DA:5,0
DA:6,0
DA:8,0
DA:11,0
DA:12,0
DA:13,0
DA:17,0
DA:18,0
DA:19,0
DA:20,0
DA:21,0
DA:26,0
DA:27,0
DA:29,0
DA:30,0
DA:31,0
DA:37,0
DA:38,0
DA:40,0
DA:41,0
DA:42,0
DA:47,0
DA:48,0
DA:52,0
LF:24
LH:0
BRDA:11,0,0,0
BRDA:11,0,1,0
BRDA:29,1,0,0
BRDA:29,1,1,0
BRDA:40,2,0,0
BRDA:40,2,1,0
BRF:6
BRH:0
end_of_record
TN:
SF:server\controllers\adminController.js
FN:11,(anonymous_0)
FN:26,(anonymous_1)
FN:36,(anonymous_2)
FN:49,(anonymous_3)
FN:76,(anonymous_4)
FN:109,(anonymous_5)
FN:122,(anonymous_6)
FN:163,(anonymous_7)
FN:194,(anonymous_8)
FN:223,(anonymous_9)
FN:251,(anonymous_10)
FN:324,(anonymous_11)
FN:352,(anonymous_12)
FN:372,(anonymous_13)
FNF:14
FNH:0
FNDA:0,(anonymous_0)
FNDA:0,(anonymous_1)
FNDA:0,(anonymous_2)
FNDA:0,(anonymous_3)
FNDA:0,(anonymous_4)
FNDA:0,(anonymous_5)
FNDA:0,(anonymous_6)
FNDA:0,(anonymous_7)
FNDA:0,(anonymous_8)
FNDA:0,(anonymous_9)
FNDA:0,(anonymous_10)
FNDA:0,(anonymous_11)
FNDA:0,(anonymous_12)
FNDA:0,(anonymous_13)
DA:11,1
DA:12,0
DA:13,0
DA:21,0
DA:25,0
DA:26,0
DA:27,0
DA:31,0
DA:35,0
DA:36,0
DA:37,0
DA:41,0
DA:49,0
DA:51,0
DA:70,0
DA:71,0
DA:76,1
DA:77,0
DA:78,0
DA:79,0
DA:81,0
DA:82,0
DA:83,0
DA:86,0
DA:95,0
DA:104,0
DA:105,0
DA:109,1
DA:110,0
DA:111,0
DA:112,0
DA:113,0
DA:115,0
DA:117,0
DA:118,0
DA:122,1
DA:123,0
DA:125,0
DA:126,0
DA:129,0
DA:135,0
DA:136,0
DA:139,0
DA:156,0
DA:158,0
DA:159,0
DA:163,1
DA:164,0
DA:165,0
DA:166,0
DA:167,0
DA:170,0
DA:186,0
DA:188,0
DA:189,0
DA:194,1
DA:195,0
DA:196,0
DA:197,0
DA:199,0
DA:208,0
DA:217,0
DA:218,0
DA:223,1
DA:224,0
DA:225,0
DA:226,0
DA:228,0
DA:237,0
DA:246,0
DA:247,0
DA:251,1
DA:252,0
DA:253,0
DA:267,0
DA:268,0
DA:272,0
DA:299,0
DA:316,0
DA:318,0
DA:319,0
DA:324,1
DA:325,0
DA:326,0
DA:327,0
DA:329,0
DA:338,0
DA:347,0
DA:348,0
DA:352,1
DA:353,0
DA:354,0
DA:360,0
DA:361,0
DA:364,0
DA:366,0
DA:367,0
DA:372,1
DA:373,0
DA:374,0
DA:375,0
DA:377,0
DA:386,0
DA:395,0
DA:396,0
LF:105
LH:11
BRDA:49,0,0,0
BRDA:49,0,1,0
BRDA:78,1,0,0
BRDA:78,1,1,0
BRDA:79,2,0,0
BRDA:79,2,1,0
BRDA:82,3,0,0
BRDA:82,3,1,0
BRDA:112,4,0,0
BRDA:112,4,1,0
BRDA:125,5,0,0
BRDA:125,5,1,0
BRDA:125,6,0,0
BRDA:125,6,1,0
BRDA:135,7,0,0
BRDA:135,7,1,0
BRDA:166,8,0,0
BRDA:166,8,1,0
BRDA:196,9,0,0
BRDA:196,9,1,0
BRDA:197,10,0,0
BRDA:197,10,1,0
BRDA:225,11,0,0
BRDA:225,11,1,0
BRDA:226,12,0,0
BRDA:226,12,1,0
BRDA:267,13,0,0
BRDA:267,13,1,0
BRDA:326,14,0,0
BRDA:326,14,1,0
BRDA:327,15,0,0
BRDA:327,15,1,0
BRDA:360,16,0,0
BRDA:360,16,1,0
BRDA:374,17,0,0
BRDA:374,17,1,0
BRDA:375,18,0,0
BRDA:375,18,1,0
BRF:38
BRH:0
end_of_record
TN:
SF:server\controllers\authController.js
FN:10,(anonymous_0)
FN:90,(anonymous_1)
FN:136,(anonymous_2)
FN:195,(anonymous_3)
FN:209,(anonymous_4)
FN:262,(anonymous_5)
FN:276,(anonymous_6)
FN:328,(anonymous_7)
FN:368,(anonymous_8)
FN:411,(anonymous_9)
FNF:10
FNH:0
FNDA:0,(anonymous_0)
FNDA:0,(anonymous_1)
FNDA:0,(anonymous_2)
FNDA:0,(anonymous_3)
FNDA:0,(anonymous_4)
FNDA:0,(anonymous_5)
FNDA:0,(anonymous_6)
FNDA:0,(anonymous_7)
FNDA:0,(anonymous_8)
FNDA:0,(anonymous_9)
DA:10,1
DA:11,0
DA:12,0
DA:15,0
DA:16,0
DA:20,0
DA:21,0
DA:22,0
DA:26,0
DA:33,0
DA:36,0
DA:43,0
DA:46,0
DA:47,0
DA:50,0
DA:53,0
DA:70,0
DA:74,0
DA:85,0
DA:86,0
DA:90,1
DA:91,0
DA:92,0
DA:95,0
DA:96,0
DA:100,0
DA:101,0
DA:102,0
DA:106,0
DA:107,0
DA:108,0
DA:109,0
DA:112,0
DA:126,0
DA:131,0
DA:132,0
DA:136,1
DA:137,0
DA:138,0
DA:141,0
DA:142,0
DA:146,0
DA:147,0
DA:148,0
DA:149,0
DA:153,0
DA:154,0
DA:155,0
DA:156,0
DA:160,0
DA:163,0
DA:179,0
DA:190,0
DA:191,0
DA:195,1
DA:196,0
DA:197,0
DA:198,0
DA:199,0
DA:202,0
DA:204,0
DA:205,0
DA:209,1
DA:210,0
DA:211,0
DA:214,0
DA:215,0
DA:219,0
DA:220,0
DA:221,0
DA:225,0
DA:226,0
DA:227,0
DA:231,0
DA:232,0
DA:233,0
DA:236,0
DA:251,0
DA:256,0
DA:257,0
DA:262,1
DA:263,0
DA:264,0
DA:276,1
DA:277,0
DA:278,0
DA:279,0
DA:282,0
DA:283,0
DA:287,0
DA:292,0
DA:293,0
DA:297,0
DA:298,0
DA:299,0
DA:300,0
DA:301,0
DA:304,0
DA:318,0
DA:323,0
DA:324,0
DA:328,1
DA:329,0
DA:330,0
DA:333,0
DA:334,0
DA:335,0
DA:339,0
DA:340,0
DA:341,0
DA:344,0
DA:358,0
DA:363,0
DA:364,0
DA:368,1
DA:369,0
DA:371,0
DA:372,0
DA:373,0
DA:377,0
DA:378,0
DA:382,0
DA:383,0
DA:384,0
DA:387,0
DA:401,0
DA:406,0
DA:407,0
DA:411,1
DA:412,0
DA:413,0
DA:429,0
DA:431,0
LF:133
LH:10
BRDA:15,0,0,0
BRDA:15,0,1,0
BRDA:15,1,0,0
BRDA:15,1,1,0
BRDA:15,1,2,0
BRDA:15,1,3,0
BRDA:21,2,0,0
BRDA:21,2,1,0
BRDA:95,3,0,0
BRDA:95,3,1,0
BRDA:101,4,0,0
BRDA:101,4,1,0
BRDA:141,5,0,0
BRDA:141,5,1,0
BRDA:141,6,0,0
BRDA:141,6,1,0
BRDA:147,7,0,0
BRDA:147,7,1,0
BRDA:154,8,0,0
BRDA:154,8,1,0
BRDA:198,9,0,0
BRDA:198,9,1,0
BRDA:214,10,0,0
BRDA:214,10,1,0
BRDA:214,11,0,0
BRDA:214,11,1,0
BRDA:220,12,0,0
BRDA:220,12,1,0
BRDA:226,13,0,0
BRDA:226,13,1,0
BRDA:263,14,0,0
BRDA:263,14,1,0
BRDA:269,15,0,0
BRDA:269,15,1,0
BRDA:282,16,0,0
BRDA:282,16,1,0
BRDA:292,17,0,0
BRDA:292,17,1,0
BRDA:334,18,0,0
BRDA:334,18,1,0
BRDA:372,19,0,0
BRDA:372,19,1,0
BRDA:377,20,0,0
BRDA:377,20,1,0
BRDA:411,21,0,0
BRDA:418,22,0,0
BRDA:418,22,1,0
BRF:47
BRH:0
end_of_record
TN:
SF:server\controllers\chatController.js
FN:7,(anonymous_0)
FN:10,(anonymous_1)
FN:18,(anonymous_2)
FN:25,(anonymous_3)
FN:51,(anonymous_4)
FN:61,(anonymous_5)
FNF:6
FNH:0
FNDA:0,(anonymous_0)
FNDA:0,(anonymous_1)
FNDA:0,(anonymous_2)
FNDA:0,(anonymous_3)
FNDA:0,(anonymous_4)
FNDA:0,(anonymous_5)
DA:6,0
DA:8,0
DA:11,0
DA:12,0
DA:16,0
DA:18,0
DA:19,0
DA:20,0
DA:21,0
DA:22,0
DA:24,0
DA:25,0
DA:28,0
DA:36,0
DA:39,0
DA:45,0
DA:47,0
DA:51,0
DA:52,0
DA:53,0
DA:54,0
DA:55,0
DA:57,0
DA:61,0
DA:62,0
DA:63,0
DA:64,0
DA:66,0
DA:71,0
DA:73,0
LF:30
LH:0
BRDA:24,0,0,0
BRDA:24,0,1,0
BRDA:24,1,0,0
BRDA:24,1,1,0
BRF:4
BRH:0
end_of_record
TN:
SF:server\controllers\clientController.js
FN:5,(anonymous_0)
FN:20,(anonymous_1)
FN:38,(anonymous_2)
FN:63,(anonymous_3)
FN:90,(anonymous_4)
FN:115,(anonymous_5)
FNF:6
FNH:0
FNDA:0,(anonymous_0)
FNDA:0,(anonymous_1)
FNDA:0,(anonymous_2)
FNDA:0,(anonymous_3)
FNDA:0,(anonymous_4)
FNDA:0,(anonymous_5)
DA:5,1
DA:6,0
DA:7,0
DA:8,0
DA:9,0
DA:11,0
DA:12,0
DA:20,1
DA:21,0
DA:22,0
DA:23,0
DA:26,0
DA:27,0
DA:28,0
DA:31,0
DA:34,0
DA:37,0
DA:38,0
DA:39,0
DA:40,0
DA:41,0
DA:45,0
DA:47,0
DA:48,0
DA:53,0
DA:54,0
DA:63,1
DA:64,0
DA:66,0
DA:67,0
DA:70,0
DA:71,0
DA:74,0
DA:75,0
DA:78,0
DA:79,0
DA:80,0
DA:82,0
DA:86,0
DA:90,1
DA:91,0
DA:92,0
DA:96,0
DA:105,0
DA:106,0
DA:115,1
DA:116,0
DA:117,0
DA:120,0
DA:127,0
DA:128,0
LF:51
LH:5
BRDA:7,0,0,0
BRDA:7,0,1,0
BRDA:14,1,0,0
BRDA:14,1,1,0
BRDA:15,2,0,0
BRDA:15,2,1,0
BRDA:27,3,0,0
BRDA:27,3,1,0
BRDA:39,4,0,0
BRDA:39,4,1,0
BRDA:56,5,0,0
BRDA:56,5,1,0
BRDA:57,6,0,0
BRDA:57,6,1,0
BRDA:66,7,0,0
BRDA:66,7,1,0
BRDA:66,8,0,0
BRDA:66,8,1,0
BRDA:66,8,2,0
BRDA:70,9,0,0
BRDA:70,9,1,0
BRDA:70,10,0,0
BRDA:70,10,1,0
BRDA:74,11,0,0
BRDA:74,11,1,0
BRDA:74,12,0,0
BRDA:74,12,1,0
BRDA:78,13,0,0
BRDA:78,13,1,0
BRDA:92,14,0,0
BRDA:92,14,1,0
BRDA:108,15,0,0
BRDA:108,15,1,0
BRDA:109,16,0,0
BRDA:109,16,1,0
BRDA:117,17,0,0
BRDA:117,17,1,0
BRDA:130,18,0,0
BRDA:130,18,1,0
BRDA:131,19,0,0
BRDA:131,19,1,0
BRF:41
BRH:0
end_of_record
TN:
SF:server\controllers\directContractController.js
FN:6,getUserContracts
FN:43,createContract
FN:74,getContract
FN:97,updateContractStatus
FNF:4
FNH:0
FNDA:0,getUserContracts
FNDA:0,createContract
FNDA:0,getContract
FNDA:0,updateContractStatus
DA:7,0
DA:8,0
DA:9,0
DA:10,0
DA:13,0
DA:16,0
DA:17,0
DA:18,0
DA:19,0
DA:22,0
DA:23,0
DA:33,0
DA:35,0
DA:39,0
DA:44,0
DA:45,0
DA:48,0
DA:49,0
DA:52,0
DA:63,0
DA:67,0
DA:69,0
DA:70,0
DA:75,0
DA:76,0
DA:80,0
DA:81,0
DA:85,0
DA:87,0
DA:90,0
DA:92,0
DA:93,0
DA:98,0
DA:99,0
DA:100,0
DA:102,0
DA:103,0
DA:107,0
DA:109,0
DA:112,0
DA:113,0
DA:115,0
DA:119,0
DA:121,0
DA:122,0
LF:45
LH:0
BRDA:8,0,0,0
BRDA:8,0,1,0
BRDA:8,1,0,0
BRDA:8,1,1,0
BRDA:17,2,0,0
BRDA:17,2,1,0
BRDA:48,3,0,0
BRDA:48,3,1,0
BRDA:80,4,0,0
BRDA:80,4,1,0
BRDA:85,5,0,0
BRDA:85,5,1,0
BRDA:85,6,0,0
BRDA:85,6,1,0
BRDA:102,7,0,0
BRDA:102,7,1,0
BRDA:107,8,0,0
BRDA:107,8,1,0
BRDA:107,9,0,0
BRDA:107,9,1,0
BRF:20
BRH:0
end_of_record
TN:
SF:server\controllers\directMessageController.js
FN:7,(anonymous_0)
FN:10,(anonymous_1)
FN:18,(anonymous_2)
FN:25,(anonymous_3)
FN:49,(anonymous_4)
FN:61,(anonymous_5)
FNF:6
FNH:0
FNDA:0,(anonymous_0)
FNDA:0,(anonymous_1)
FNDA:0,(anonymous_2)
FNDA:0,(anonymous_3)
FNDA:0,(anonymous_4)
FNDA:0,(anonymous_5)
DA:6,0
DA:8,0
DA:11,0
DA:12,0
DA:16,0
DA:18,0
DA:19,0
DA:20,0
DA:21,0
DA:22,0
DA:24,0
DA:25,0
DA:28,0
DA:35,0
DA:38,0
DA:43,0
DA:45,0
DA:49,0
DA:50,0
DA:51,0
DA:52,0
DA:55,0
DA:57,0
DA:61,0
DA:62,0
DA:63,0
DA:64,0
DA:66,0
DA:71,0
DA:73,0
LF:30
LH:0
BRDA:24,0,0,0
BRDA:24,0,1,0
BRDA:24,1,0,0
BRDA:24,1,1,0
BRF:4
BRH:0
end_of_record
TN:
SF:server\controllers\endorsementController.js
FN:3,(anonymous_0)
FN:15,(anonymous_1)
FN:30,(anonymous_2)
FN:43,(anonymous_3)
FN:55,(anonymous_4)
FNF:5
FNH:0
FNDA:0,(anonymous_0)
FNDA:0,(anonymous_1)
FNDA:0,(anonymous_2)
FNDA:0,(anonymous_3)
FNDA:0,(anonymous_4)
DA:3,0
DA:4,0
DA:5,0
DA:6,0
DA:7,0
DA:9,0
DA:10,0
DA:11,0
DA:14,0
DA:15,0
DA:18,0
DA:19,0
DA:22,0
DA:23,0
DA:24,0
DA:26,0
DA:30,0
DA:31,0
DA:32,0
DA:33,0
DA:34,0
DA:35,0
DA:37,0
DA:39,0
DA:43,0
DA:44,0
DA:45,0
DA:46,0
DA:47,0
DA:49,0
DA:50,0
DA:51,0
DA:54,0
DA:55,0
DA:58,0
DA:59,0
DA:61,0
LF:37
LH:0
BRDA:10,0,0,0
BRDA:10,0,1,0
BRDA:15,1,0,0
BRDA:15,1,1,0
BRDA:18,2,0,0
BRDA:18,2,1,0
BRDA:34,3,0,0
BRDA:34,3,1,0
BRDA:50,4,0,0
BRDA:50,4,1,0
BRDA:55,5,0,0
BRDA:55,5,1,0
BRF:12
BRH:0
end_of_record
TN:
SF:server\controllers\freelancerController.js
FN:6,(anonymous_0)
FN:27,(anonymous_1)
FN:63,(anonymous_2)
FN:91,(anonymous_3)
FN:104,(anonymous_4)
FN:115,(anonymous_5)
FN:158,(anonymous_6)
FN:174,(anonymous_7)
FN:175,(anonymous_8)
FN:203,(anonymous_9)
FN:226,(anonymous_10)
FN:242,(anonymous_11)
FN:267,(anonymous_12)
FNF:13
FNH:0
FNDA:0,(anonymous_0)
FNDA:0,(anonymous_1)
FNDA:0,(anonymous_2)
FNDA:0,(anonymous_3)
FNDA:0,(anonymous_4)
FNDA:0,(anonymous_5)
FNDA:0,(anonymous_6)
FNDA:0,(anonymous_7)
FNDA:0,(anonymous_8)
FNDA:0,(anonymous_9)
FNDA:0,(anonymous_10)
FNDA:0,(anonymous_11)
FNDA:0,(anonymous_12)
DA:6,1
DA:7,0
DA:9,0
DA:10,0
DA:13,0
DA:14,0
DA:17,0
DA:18,0
DA:19,0
DA:20,0
DA:24,0
DA:27,1
DA:28,0
DA:29,0
DA:30,0
DA:33,0
DA:35,0
DA:36,0
DA:37,0
DA:40,0
DA:50,0
DA:53,0
DA:56,0
DA:58,0
DA:59,0
DA:63,1
DA:64,0
DA:66,0
DA:67,0
DA:68,0
DA:71,0
DA:72,0
DA:73,0
DA:85,0
DA:86,0
DA:90,0
DA:91,0
DA:92,0
DA:93,0
DA:98,0
DA:99,0
DA:100,0
DA:104,0
DA:105,0
DA:110,0
DA:115,0
DA:116,0
DA:117,0
DA:118,0
DA:122,0
DA:128,0
DA:129,0
DA:130,0
DA:134,0
DA:138,0
DA:140,0
DA:145,0
DA:150,0
DA:151,0
DA:152,0
DA:154,0
DA:158,1
DA:159,0
DA:160,0
DA:161,0
DA:162,0
DA:165,0
DA:166,0
DA:167,0
DA:170,0
DA:171,0
DA:174,0
DA:175,0
DA:176,0
DA:179,0
DA:180,0
DA:182,0
DA:188,0
DA:190,0
DA:193,0
DA:198,0
DA:199,0
DA:203,1
DA:204,0
DA:205,0
DA:208,0
DA:209,0
DA:212,0
DA:221,0
DA:222,0
DA:226,1
DA:227,0
DA:228,0
DA:229,0
DA:230,0
DA:233,0
DA:234,0
DA:235,0
DA:238,0
DA:239,0
DA:242,0
DA:243,0
DA:246,0
DA:252,0
DA:254,0
DA:257,0
DA:262,0
DA:263,0
DA:267,1
DA:268,0
DA:269,0
DA:272,0
DA:273,0
DA:276,0
DA:285,0
DA:286,0
LF:116
LH:7
BRDA:9,0,0,0
BRDA:9,0,1,0
BRDA:9,1,0,0
BRDA:9,1,1,0
BRDA:9,1,2,0
BRDA:13,2,0,0
BRDA:13,2,1,0
BRDA:13,3,0,0
BRDA:13,3,1,0
BRDA:13,3,2,0
BRDA:17,4,0,0
BRDA:17,4,1,0
BRDA:19,5,0,0
BRDA:19,5,1,0
BRDA:19,6,0,0
BRDA:19,6,1,0
BRDA:29,7,0,0
BRDA:29,7,1,0
BRDA:33,8,0,0
BRDA:33,8,1,0
BRDA:36,9,0,0
BRDA:36,9,1,0
BRDA:67,10,0,0
BRDA:67,10,1,0
BRDA:72,11,0,0
BRDA:72,11,1,0
BRDA:75,12,0,0
BRDA:75,12,1,0
BRDA:76,13,0,0
BRDA:76,13,1,0
BRDA:85,14,0,0
BRDA:85,14,1,0
BRDA:92,15,0,0
BRDA:92,15,1,0
BRDA:98,16,0,0
BRDA:98,16,1,0
BRDA:100,17,0,0
BRDA:100,17,1,0
BRDA:105,18,0,0
BRDA:105,18,1,0
BRDA:116,19,0,0
BRDA:116,19,1,0
BRDA:118,20,0,0
BRDA:118,20,1,0
BRDA:128,21,0,0
BRDA:128,21,1,0
BRDA:130,22,0,0
BRDA:130,22,1,0
BRDA:151,23,0,0
BRDA:151,23,1,0
BRDA:161,24,0,0
BRDA:161,24,1,0
BRDA:166,25,0,0
BRDA:166,25,1,0
BRDA:170,26,0,0
BRDA:170,26,1,0
BRDA:175,27,0,0
BRDA:175,27,1,0
BRDA:175,28,0,0
BRDA:175,28,1,0
BRDA:179,29,0,0
BRDA:179,29,1,0
BRDA:208,30,0,0
BRDA:208,30,1,0
BRDA:213,31,0,0
BRDA:213,31,1,0
BRDA:215,32,0,0
BRDA:215,32,1,0
BRDA:229,33,0,0
BRDA:229,33,1,0
BRDA:234,34,0,0
BRDA:234,34,1,0
BRDA:234,35,0,0
BRDA:234,35,1,0
BRDA:234,35,2,0
BRDA:238,36,0,0
BRDA:238,36,1,0
BRDA:242,37,0,0
BRDA:242,37,1,0
BRDA:272,38,0,0
BRDA:272,38,1,0
BRDA:277,39,0,0
BRDA:277,39,1,0
BRDA:279,40,0,0
BRDA:279,40,1,0
BRF:85
BRH:0
end_of_record
TN:
SF:server\controllers\jobAlertController.js
FN:4,(anonymous_0)
FN:25,(anonymous_1)
FN:42,(anonymous_2)
FN:52,(anonymous_3)
FN:62,(anonymous_4)
FN:65,(anonymous_5)
FN:66,(anonymous_6)
FN:78,(anonymous_7)
FN:79,(anonymous_8)
FNF:9
FNH:0
FNDA:0,(anonymous_0)
FNDA:0,(anonymous_1)
FNDA:0,(anonymous_2)
FNDA:0,(anonymous_3)
FNDA:0,(anonymous_4)
FNDA:0,(anonymous_5)
FNDA:0,(anonymous_6)
FNDA:0,(anonymous_7)
FNDA:0,(anonymous_8)
DA:4,0
DA:5,0
DA:6,0
DA:7,0
DA:9,0
DA:18,0
DA:19,0
DA:21,0
DA:25,0
DA:26,0
DA:27,0
DA:28,0
DA:30,0
DA:36,0
DA:38,0
DA:42,0
DA:43,0
DA:44,0
DA:45,0
DA:46,0
DA:48,0
DA:52,0
DA:53,0
DA:54,0
DA:55,0
DA:56,0
DA:58,0
DA:62,0
DA:63,0
DA:64,0
DA:65,0
DA:66,0
DA:67,0
DA:68,0
DA:69,0
DA:71,0
DA:73,0
DA:74,0
DA:78,0
DA:79,0
DA:80,0
LF:41
LH:0
BRDA:66,0,0,0
BRDA:66,0,1,0
BRDA:66,1,0,0
BRDA:66,1,1,0
BRDA:67,2,0,0
BRDA:67,2,1,0
BRDA:68,3,0,0
BRDA:68,3,1,0
BRDA:68,3,2,0
BRDA:68,3,3,0
BRDA:69,4,0,0
BRDA:69,4,1,0
BRDA:69,4,2,0
BRF:13
BRH:0
end_of_record
TN:
SF:server\controllers\jobController.js
FN:7,(anonymous_0)
FN:22,(anonymous_1)
FN:34,(anonymous_2)
FN:63,(anonymous_3)
FN:79,(anonymous_4)
FN:103,(anonymous_5)
FN:122,(anonymous_6)
FN:139,(anonymous_7)
FN:159,(anonymous_8)
FN:180,(anonymous_9)
FN:202,(anonymous_10)
FN:238,(anonymous_11)
FN:264,(anonymous_12)
FNF:13
FNH:0
FNDA:0,(anonymous_0)
FNDA:0,(anonymous_1)
FNDA:0,(anonymous_2)
FNDA:0,(anonymous_3)
FNDA:0,(anonymous_4)
FNDA:0,(anonymous_5)
FNDA:0,(anonymous_6)
FNDA:0,(anonymous_7)
FNDA:0,(anonymous_8)
FNDA:0,(anonymous_9)
FNDA:0,(anonymous_10)
FNDA:0,(anonymous_11)
FNDA:0,(anonymous_12)
DA:7,1
DA:8,0
DA:9,0
DA:10,0
DA:13,0
DA:20,0
DA:24,0
DA:27,0
DA:29,0
DA:30,0
DA:34,1
DA:35,0
DA:36,0
DA:37,0
DA:38,0
DA:40,0
DA:49,0
DA:58,0
DA:59,0
DA:63,1
DA:64,0
DA:65,0
DA:68,0
DA:69,0
DA:72,0
DA:74,0
DA:75,0
DA:79,1
DA:80,0
DA:81,0
DA:82,0
DA:83,0
DA:86,0
DA:87,0
DA:90,0
DA:96,0
DA:98,0
DA:99,0
DA:103,1
DA:104,0
DA:105,0
DA:106,0
DA:107,0
DA:110,0
DA:111,0
DA:114,0
DA:115,0
DA:117,0
DA:118,0
DA:122,1
DA:123,0
DA:124,0
DA:125,0
DA:128,0
DA:129,0
DA:130,0
DA:133,0
DA:134,0
DA:138,0
DA:139,0
DA:141,0
DA:142,0
DA:145,0
DA:151,0
DA:152,0
DA:154,0
DA:155,0
DA:159,1
DA:160,0
DA:161,0
DA:165,0
DA:166,0
DA:169,0
DA:170,0
DA:173,0
DA:175,0
DA:176,0
DA:180,1
DA:181,0
DA:190,0
DA:192,0
DA:194,0
DA:195,0
DA:201,0
DA:202,0
DA:205,0
DA:206,0
DA:207,0
DA:208,0
DA:211,0
DA:212,0
DA:215,0
DA:224,0
DA:233,0
DA:234,0
DA:238,1
DA:239,0
DA:240,0
DA:241,0
DA:244,0
DA:245,0
DA:246,0
DA:249,0
DA:257,0
DA:259,0
DA:260,0
DA:264,1
DA:265,0
DA:266,0
DA:276,0
DA:286,0
DA:291,0
DA:292,0
LF:113
LH:10
BRDA:9,0,0,0
BRDA:9,0,1,0
BRDA:36,1,0,0
BRDA:36,1,1,0
BRDA:37,2,0,0
BRDA:37,2,1,0
BRDA:38,3,0,0
BRDA:38,3,1,0
BRDA:68,4,0,0
BRDA:68,4,1,0
BRDA:82,5,0,0
BRDA:82,5,1,0
BRDA:86,6,0,0
BRDA:86,6,1,0
BRDA:106,7,0,0
BRDA:106,7,1,0
BRDA:110,8,0,0
BRDA:110,8,1,0
BRDA:124,9,0,0
BRDA:124,9,1,0
BRDA:129,10,0,0
BRDA:129,10,1,0
BRDA:133,11,0,0
BRDA:133,11,1,0
BRDA:141,12,0,0
BRDA:141,12,1,0
BRDA:165,13,0,0
BRDA:165,13,1,0
BRDA:169,14,0,0
BRDA:169,14,1,0
BRDA:188,15,0,0
BRDA:189,16,0,0
BRDA:194,17,0,0
BRDA:194,17,1,0
BRDA:201,18,0,0
BRDA:201,18,1,0
BRDA:205,19,0,0
BRDA:205,19,1,0
BRDA:205,20,0,0
BRDA:205,20,1,0
BRDA:207,21,0,0
BRDA:207,21,1,0
BRDA:208,22,0,0
BRDA:208,22,1,0
BRDA:211,23,0,0
BRDA:211,23,1,0
BRDA:240,24,0,0
BRDA:240,24,1,0
BRDA:245,25,0,0
BRDA:245,25,1,0
BRDA:245,26,0,0
BRDA:245,26,1,0
BRF:52
BRH:0
end_of_record
TN:
SF:server\controllers\jobMatchController.js
FN:6,(anonymous_0)
FN:38,(anonymous_1)
FN:62,(anonymous_2)
FN:72,(anonymous_3)
FN:93,(anonymous_4)
FN:118,(anonymous_5)
FN:153,(anonymous_6)
FN:184,(anonymous_7)
FN:196,(anonymous_8)
FN:199,(anonymous_9)
FN:204,(anonymous_10)
FN:205,(anonymous_11)
FN:206,(anonymous_12)
FN:207,(anonymous_13)
FNF:14
FNH:0
FNDA:0,(anonymous_0)
FNDA:0,(anonymous_1)
FNDA:0,(anonymous_2)
FNDA:0,(anonymous_3)
FNDA:0,(anonymous_4)
FNDA:0,(anonymous_5)
FNDA:0,(anonymous_6)
FNDA:0,(anonymous_7)
FNDA:0,(anonymous_8)
FNDA:0,(anonymous_9)
FNDA:0,(anonymous_10)
FNDA:0,(anonymous_11)
FNDA:0,(anonymous_12)
FNDA:0,(anonymous_13)
DA:6,0
DA:7,0
DA:8,0
DA:11,0
DA:12,0
DA:13,0
DA:17,0
DA:18,0
DA:21,0
DA:23,0
DA:29,0
DA:30,0
DA:38,0
DA:39,0
DA:40,0
DA:41,0
DA:43,0
DA:48,0
DA:53,0
DA:54,0
DA:62,0
DA:63,0
DA:64,0
DA:66,0
DA:67,0
DA:68,0
DA:71,0
DA:72,0
DA:75,0
DA:76,0
DA:79,0
DA:84,0
DA:85,0
DA:93,0
DA:94,0
DA:95,0
DA:97,0
DA:98,0
DA:99,0
DA:104,0
DA:109,0
DA:110,0
DA:118,0
DA:119,0
DA:120,0
DA:122,0
DA:123,0
DA:128,0
DA:133,0
DA:134,0
DA:139,0
DA:144,0
DA:145,0
DA:153,0
DA:154,0
DA:155,0
DA:158,0
DA:159,0
DA:160,0
DA:163,0
DA:164,0
DA:167,0
DA:169,0
DA:175,0
DA:176,0
DA:184,0
DA:185,0
DA:186,0
DA:188,0
DA:191,0
DA:192,0
DA:196,0
DA:197,0
DA:199,0
DA:204,0
DA:205,0
DA:206,0
DA:207,0
DA:211,0
DA:216,0
DA:217,0
LF:81
LH:0
BRDA:12,0,0,0
BRDA:12,0,1,0
BRDA:17,1,0,0
BRDA:17,1,1,0
BRDA:17,2,0,0
BRDA:17,2,1,0
BRDA:32,3,0,0
BRDA:32,3,1,0
BRDA:41,4,0,0
BRDA:56,5,0,0
BRDA:56,5,1,0
BRDA:67,6,0,0
BRDA:67,6,1,0
BRDA:75,7,0,0
BRDA:75,7,1,0
BRDA:87,8,0,0
BRDA:87,8,1,0
BRDA:98,9,0,0
BRDA:98,9,1,0
BRDA:112,10,0,0
BRDA:112,10,1,0
BRDA:122,11,0,0
BRDA:122,11,1,0
BRDA:122,12,0,0
BRDA:122,12,1,0
BRDA:122,12,2,0
BRDA:133,13,0,0
BRDA:133,13,1,0
BRDA:147,14,0,0
BRDA:147,14,1,0
BRDA:159,15,0,0
BRDA:159,15,1,0
BRDA:163,16,0,0
BRDA:163,16,1,0
BRDA:163,17,0,0
BRDA:163,17,1,0
BRDA:178,18,0,0
BRDA:178,18,1,0
BRDA:191,19,0,0
BRDA:191,19,1,0
BRDA:205,20,0,0
BRDA:205,20,1,0
BRDA:206,21,0,0
BRDA:206,21,1,0
BRDA:219,22,0,0
BRDA:219,22,1,0
BRF:46
BRH:0
end_of_record
TN:
SF:server\controllers\meetingController.js
FN:7,(anonymous_0)
FN:56,(anonymous_1)
FN:109,(anonymous_2)
FN:129,(anonymous_3)
FN:145,(anonymous_4)
FN:179,(anonymous_5)
FN:193,(anonymous_6)
FN:196,(anonymous_7)
FN:230,(anonymous_8)
FN:244,(anonymous_9)
FN:265,(anonymous_10)
FN:291,(anonymous_11)
FNF:12
FNH:0
FNDA:0,(anonymous_0)
FNDA:0,(anonymous_1)
FNDA:0,(anonymous_2)
FNDA:0,(anonymous_3)
FNDA:0,(anonymous_4)
FNDA:0,(anonymous_5)
FNDA:0,(anonymous_6)
FNDA:0,(anonymous_7)
FNDA:0,(anonymous_8)
FNDA:0,(anonymous_9)
FNDA:0,(anonymous_10)
FNDA:0,(anonymous_11)
DA:7,0
DA:8,0
DA:17,0
DA:19,0
DA:32,0
DA:35,0
DA:39,0
DA:47,0
DA:48,0
DA:56,0
DA:57,0
DA:58,0
DA:59,0
DA:61,0
DA:62,0
DA:63,0
DA:66,0
DA:67,0
DA:71,0
DA:72,0
DA:76,0
DA:79,0
DA:80,0
DA:81,0
DA:85,0
DA:86,0
DA:92,0
DA:100,0
DA:101,0
DA:109,0
DA:110,0
DA:111,0
DA:112,0
DA:114,0
DA:115,0
DA:116,0
DA:119,0
DA:122,0
DA:123,0
DA:129,0
DA:130,0
DA:131,0
DA:134,0
DA:136,0
DA:137,0
DA:145,0
DA:146,0
DA:147,0
DA:148,0
DA:150,0
DA:151,0
DA:152,0
DA:155,0
DA:156,0
DA:159,0
DA:162,0
DA:163,0
DA:168,0
DA:170,0
DA:171,0
DA:179,0
DA:180,0
DA:181,0
DA:182,0
DA:184,0
DA:185,0
DA:186,0
DA:189,0
DA:190,0
DA:193,0
DA:194,0
DA:196,0
DA:197,0
DA:198,0
DA:199,0
DA:202,0
DA:209,0
DA:212,0
DA:213,0
DA:217,0
DA:221,0
DA:222,0
DA:230,0
DA:231,0
DA:232,0
DA:233,0
DA:235,0
DA:239,0
DA:240,0
DA:244,0
DA:245,0
DA:247,0
DA:248,0
DA:251,0
DA:256,0
DA:257,0
DA:265,0
DA:266,0
DA:267,0
DA:268,0
DA:270,0
DA:277,0
DA:278,0
DA:280,0
DA:290,0
DA:291,0
DA:299,0
DA:300,0
LF:108
LH:0
BRDA:13,0,0,0
BRDA:23,1,0,0
BRDA:23,1,1,0
BRDA:28,2,0,0
BRDA:28,2,1,0
BRDA:29,3,0,0
BRDA:29,3,1,0
BRDA:35,4,0,0
BRDA:35,4,1,0
BRDA:35,5,0,0
BRDA:35,5,1,0
BRDA:50,6,0,0
BRDA:50,6,1,0
BRDA:62,7,0,0
BRDA:62,7,1,0
BRDA:66,8,0,0
BRDA:66,8,1,0
BRDA:66,9,0,0
BRDA:66,9,1,0
BRDA:71,10,0,0
BRDA:71,10,1,0
BRDA:71,11,0,0
BRDA:71,11,1,0
BRDA:79,12,0,0
BRDA:79,12,1,0
BRDA:79,13,0,0
BRDA:79,13,1,0
BRDA:89,14,0,0
BRDA:89,14,1,0
BRDA:103,15,0,0
BRDA:103,15,1,0
BRDA:115,16,0,0
BRDA:115,16,1,0
BRDA:130,17,0,0
BRDA:130,17,1,0
BRDA:139,18,0,0
BRDA:139,18,1,0
BRDA:151,19,0,0
BRDA:151,19,1,0
BRDA:155,20,0,0
BRDA:155,20,1,0
BRDA:173,21,0,0
BRDA:173,21,1,0
BRDA:185,22,0,0
BRDA:185,22,1,0
BRDA:189,23,0,0
BRDA:189,23,1,0
BRDA:194,24,0,0
BRDA:194,24,1,0
BRDA:218,25,0,0
BRDA:218,25,1,0
BRDA:224,26,0,0
BRDA:224,26,1,0
BRDA:239,27,0,0
BRDA:239,27,1,0
BRDA:247,28,0,0
BRDA:247,28,1,0
BRDA:247,29,0,0
BRDA:247,29,1,0
BRDA:259,30,0,0
BRDA:259,30,1,0
BRDA:268,31,0,0
BRDA:268,32,0,0
BRDA:277,33,0,0
BRDA:277,33,1,0
BRDA:278,34,0,0
BRDA:278,34,1,0
BRDA:302,35,0,0
BRDA:302,35,1,0
BRF:69
BRH:0
end_of_record
TN:
SF:server\controllers\milestoneController.js
FN:5,(anonymous_0)
FN:32,(anonymous_1)
FN:54,(anonymous_2)
FN:87,(anonymous_3)
FN:104,(anonymous_4)
FN:129,(anonymous_5)
FN:145,(anonymous_6)
FN:178,(anonymous_7)
FN:215,(anonymous_8)
FN:239,(anonymous_9)
FNF:10
FNH:0
FNDA:0,(anonymous_0)
FNDA:0,(anonymous_1)
FNDA:0,(anonymous_2)
FNDA:0,(anonymous_3)
FNDA:0,(anonymous_4)
FNDA:0,(anonymous_5)
FNDA:0,(anonymous_6)
FNDA:0,(anonymous_7)
FNDA:0,(anonymous_8)
FNDA:0,(anonymous_9)
DA:5,0
DA:6,0
DA:7,0
DA:8,0
DA:10,0
DA:11,0
DA:12,0
DA:16,0
DA:17,0
DA:20,0
DA:28,0
DA:29,0
DA:32,0
DA:33,0
DA:34,0
DA:40,0
DA:45,0
DA:46,0
DA:54,0
DA:55,0
DA:56,0
DA:57,0
DA:59,0
DA:60,0
DA:61,0
DA:64,0
DA:65,0
DA:66,0
DA:70,0
DA:77,0
DA:78,0
DA:83,0
DA:86,0
DA:87,0
DA:88,0
DA:89,0
DA:90,0
DA:96,0
DA:97,0
DA:100,0
DA:103,0
DA:104,0
DA:107,0
DA:108,0
DA:115,0
DA:120,0
DA:121,0
DA:129,0
DA:130,0
DA:131,0
DA:132,0
DA:134,0
DA:135,0
DA:136,0
DA:139,0
DA:140,0
DA:141,0
DA:145,0
DA:146,0
DA:147,0
DA:150,0
DA:156,0
DA:159,0
DA:164,0
DA:169,0
DA:170,0
DA:178,0
DA:179,0
DA:180,0
DA:181,0
DA:183,0
DA:184,0
DA:185,0
DA:188,0
DA:189,0
DA:190,0
DA:193,0
DA:194,0
DA:195,0
DA:199,0
DA:200,0
DA:203,0
DA:204,0
DA:207,0
DA:208,0
DA:209,0
DA:212,0
DA:215,0
DA:216,0
DA:217,0
DA:225,0
DA:230,0
DA:231,0
DA:239,0
DA:240,0
DA:241,0
DA:243,0
DA:244,0
DA:245,0
DA:248,0
DA:249,0
DA:250,0
DA:253,0
DA:255,0
DA:256,0
LF:105
LH:0
BRDA:11,0,0,0
BRDA:11,0,1,0
BRDA:16,1,0,0
BRDA:16,1,1,0
BRDA:25,2,0,0
BRDA:25,2,1,0
BRDA:33,3,0,0
BRDA:33,3,1,0
BRDA:48,4,0,0
BRDA:48,4,1,0
BRDA:60,5,0,0
BRDA:60,5,1,0
BRDA:65,6,0,0
BRDA:65,6,1,0
BRDA:77,7,0,0
BRDA:77,7,1,0
BRDA:86,8,0,0
BRDA:86,8,1,0
BRDA:89,9,0,0
BRDA:89,9,1,0
BRDA:96,10,0,0
BRDA:96,10,1,0
BRDA:103,11,0,0
BRDA:103,11,1,0
BRDA:107,12,0,0
BRDA:107,12,1,0
BRDA:123,13,0,0
BRDA:123,13,1,0
BRDA:135,14,0,0
BRDA:135,14,1,0
BRDA:140,15,0,0
BRDA:140,15,1,0
BRDA:146,16,0,0
BRDA:146,16,1,0
BRDA:172,17,0,0
BRDA:172,17,1,0
BRDA:184,18,0,0
BRDA:184,18,1,0
BRDA:189,19,0,0
BRDA:189,19,1,0
BRDA:194,20,0,0
BRDA:194,20,1,0
BRDA:199,21,0,0
BRDA:199,21,1,0
BRDA:207,22,0,0
BRDA:207,22,1,0
BRDA:216,23,0,0
BRDA:216,23,1,0
BRDA:233,24,0,0
BRDA:233,24,1,0
BRDA:244,25,0,0
BRDA:244,25,1,0
BRDA:249,26,0,0
BRDA:249,26,1,0
BRDA:258,27,0,0
BRDA:258,27,1,0
BRF:56
BRH:0
end_of_record
TN:
SF:server\controllers\mlController.js
FN:5,(anonymous_0)
FN:31,(anonymous_1)
FN:56,(anonymous_2)
FN:90,(anonymous_3)
FN:119,(anonymous_4)
FN:145,(anonymous_5)
FN:174,(anonymous_6)
FNF:7
FNH:0
FNDA:0,(anonymous_0)
FNDA:0,(anonymous_1)
FNDA:0,(anonymous_2)
FNDA:0,(anonymous_3)
FNDA:0,(anonymous_4)
FNDA:0,(anonymous_5)
FNDA:0,(anonymous_6)
DA:5,0
DA:6,0
DA:7,0
DA:8,0
DA:10,0
DA:11,0
DA:16,0
DA:17,0
DA:22,0
DA:23,0
DA:31,0
DA:32,0
DA:33,0
DA:35,0
DA:36,0
DA:37,0
DA:42,0
DA:47,0
DA:48,0
DA:56,0
DA:57,0
DA:58,0
DA:60,0
DA:61,0
DA:62,0
DA:65,0
DA:70,0
DA:71,0
DA:76,0
DA:81,0
DA:82,0
DA:90,0
DA:91,0
DA:92,0
DA:94,0
DA:95,0
DA:96,0
DA:99,0
DA:105,0
DA:110,0
DA:111,0
DA:119,0
DA:120,0
DA:121,0
DA:123,0
DA:124,0
DA:129,0
DA:131,0
DA:136,0
DA:137,0
DA:145,0
DA:146,0
DA:147,0
DA:149,0
DA:150,0
DA:155,0
DA:160,0
DA:165,0
DA:166,0
DA:174,0
DA:175,0
DA:176,0
DA:177,0
DA:179,0
DA:180,0
DA:185,0
DA:186,0
DA:187,0
DA:190,0
DA:195,0
DA:205,0
DA:206,0
LF:72
LH:0
BRDA:8,0,0,0
BRDA:8,0,1,0
BRDA:10,1,0,0
BRDA:10,1,1,0
BRDA:25,2,0,0
BRDA:25,2,1,0
BRDA:36,3,0,0
BRDA:36,3,1,0
BRDA:50,4,0,0
BRDA:50,4,1,0
BRDA:61,5,0,0
BRDA:61,5,1,0
BRDA:70,6,0,0
BRDA:70,6,1,0
BRDA:84,7,0,0
BRDA:84,7,1,0
BRDA:95,8,0,0
BRDA:95,8,1,0
BRDA:113,9,0,0
BRDA:113,9,1,0
BRDA:123,10,0,0
BRDA:123,10,1,0
BRDA:123,11,0,0
BRDA:123,11,1,0
BRDA:139,12,0,0
BRDA:139,12,1,0
BRDA:149,13,0,0
BRDA:149,13,1,0
BRDA:157,14,0,0
BRDA:157,14,1,0
BRDA:168,15,0,0
BRDA:168,15,1,0
BRDA:179,16,0,0
BRDA:179,16,1,0
BRDA:186,17,0,0
BRDA:186,17,1,0
BRDA:208,18,0,0
BRDA:208,18,1,0
BRF:38
BRH:0
end_of_record
TN:
SF:server\controllers\paymentController.js
FN:15,(anonymous_0)
FN:78,(anonymous_1)
FN:134,(anonymous_2)
FN:205,(anonymous_3)
FN:245,(anonymous_4)
FN:274,(anonymous_5)
FN:305,handlePaymentSuccess
FN:335,handlePaymentFailure
FN:365,handleRefund
FNF:9
FNH:0
FNDA:0,(anonymous_0)
FNDA:0,(anonymous_1)
FNDA:0,(anonymous_2)
FNDA:0,(anonymous_3)
FNDA:0,(anonymous_4)
FNDA:0,(anonymous_5)
FNDA:0,handlePaymentSuccess
FNDA:0,handlePaymentFailure
FNDA:0,handleRefund
DA:9,1
DA:15,1
DA:16,0
DA:17,0
DA:20,0
DA:21,0
DA:25,0
DA:36,0
DA:48,0
DA:63,0
DA:69,0
DA:70,0
DA:78,1
DA:79,0
DA:80,0
DA:81,0
DA:83,0
DA:84,0
DA:85,0
DA:89,0
DA:90,0
DA:91,0
DA:95,0
DA:96,0
DA:97,0
DA:102,0
DA:105,0
DA:120,0
DA:125,0
DA:126,0
DA:134,1
DA:135,0
DA:136,0
DA:137,0
DA:139,0
DA:140,0
DA:141,0
DA:144,0
DA:145,0
DA:149,0
DA:156,0
DA:169,0
DA:170,0
DA:171,0
DA:172,0
DA:175,0
DA:191,0
DA:196,0
DA:197,0
DA:205,1
DA:206,0
DA:207,0
DA:208,0
DA:209,0
DA:210,0
DA:212,0
DA:213,0
DA:214,0
DA:217,0
DA:223,0
DA:225,0
DA:236,0
DA:237,0
DA:245,1
DA:246,0
DA:247,0
DA:251,0
DA:252,0
DA:256,0
DA:257,0
DA:260,0
DA:265,0
DA:266,0
DA:274,1
DA:275,0
DA:276,0
DA:277,0
DA:284,0
DA:286,0
DA:287,0
DA:289,0
DA:290,0
DA:292,0
DA:293,0
DA:297,0
DA:299,0
DA:300,0
DA:306,0
DA:307,0
DA:311,0
DA:312,0
DA:313,0
DA:314,0
DA:317,0
DA:331,0
DA:336,0
DA:337,0
DA:341,0
DA:342,0
DA:343,0
DA:344,0
DA:347,0
DA:361,0
DA:366,0
DA:367,0
DA:371,0
DA:372,0
DA:373,0
DA:374,0
DA:377,0
DA:391,0
LF:111
LH:7
BRDA:17,0,0,0
BRDA:20,1,0,0
BRDA:20,1,1,0
BRDA:20,2,0,0
BRDA:20,2,1,0
BRDA:84,3,0,0
BRDA:84,3,1,0
BRDA:90,4,0,0
BRDA:90,4,1,0
BRDA:140,5,0,0
BRDA:140,5,1,0
BRDA:144,6,0,0
BRDA:144,6,1,0
BRDA:151,7,0,0
BRDA:151,7,1,0
BRDA:170,8,0,0
BRDA:170,8,1,0
BRDA:207,9,0,0
BRDA:207,9,1,0
BRDA:208,10,0,0
BRDA:208,10,1,0
BRDA:209,11,0,0
BRDA:209,11,1,0
BRDA:210,12,0,0
BRDA:210,12,1,0
BRDA:213,13,0,0
BRDA:213,13,1,0
BRDA:213,14,0,0
BRDA:213,14,1,0
BRDA:251,15,0,0
BRDA:251,15,1,0
BRDA:256,16,0,0
BRDA:256,16,1,0
BRDA:256,17,0,0
BRDA:256,17,1,0
BRDA:284,18,0,0
BRDA:284,18,1,0
BRDA:284,18,2,0
BRDA:311,19,0,0
BRDA:311,19,1,0
BRDA:341,20,0,0
BRDA:341,20,1,0
BRDA:371,21,0,0
BRDA:371,21,1,0
BRDA:372,22,0,0
BRDA:372,22,1,0
BRF:46
BRH:0
end_of_record
TN:
SF:server\controllers\profileController.js
FN:5,(anonymous_0)
FN:39,(anonymous_1)
FN:46,(anonymous_2)
FN:48,(anonymous_3)
FN:63,(anonymous_4)
FN:84,(anonymous_5)
FNF:6
FNH:0
FNDA:0,(anonymous_0)
FNDA:0,(anonymous_1)
FNDA:0,(anonymous_2)
FNDA:0,(anonymous_3)
FNDA:0,(anonymous_4)
FNDA:0,(anonymous_5)
DA:5,1
DA:6,0
DA:7,0
DA:12,0
DA:13,0
DA:16,0
DA:17,0
DA:27,0
DA:28,0
DA:31,0
DA:34,0
DA:35,0
DA:39,1
DA:40,0
DA:41,0
DA:43,0
DA:46,1
DA:47,0
DA:48,0
DA:49,0
DA:50,0
DA:51,0
DA:55,0
DA:56,0
DA:60,0
DA:63,1
DA:64,0
DA:66,0
DA:67,0
DA:70,0
DA:71,0
DA:74,0
DA:75,0
DA:76,0
DA:77,0
DA:81,0
DA:84,1
DA:85,0
DA:86,0
DA:89,0
DA:90,0
DA:91,0
DA:92,0
DA:95,0
DA:104,0
DA:108,0
DA:110,0
DA:111,0
LF:48
LH:5
BRDA:5,0,0,0
BRDA:12,1,0,0
BRDA:12,1,1,0
BRDA:16,2,0,0
BRDA:16,2,1,0
BRDA:40,3,0,0
BRDA:40,3,1,0
BRDA:49,4,0,0
BRDA:49,4,1,0
BRDA:51,5,0,0
BRDA:51,5,1,0
BRDA:66,6,0,0
BRDA:66,6,1,0
BRDA:66,7,0,0
BRDA:66,7,1,0
BRDA:66,7,2,0
BRDA:70,8,0,0
BRDA:70,8,1,0
BRDA:70,9,0,0
BRDA:70,9,1,0
BRDA:70,9,2,0
BRDA:74,10,0,0
BRDA:74,10,1,0
BRDA:76,11,0,0
BRDA:76,11,1,0
BRDA:76,12,0,0
BRDA:76,12,1,0
BRDA:89,13,0,0
BRDA:89,13,1,0
BRDA:91,14,0,0
BRDA:91,14,1,0
BRF:31
BRH:0
end_of_record
TN:
SF:server\controllers\projectTemplateController.js
FN:3,(anonymous_0)
FN:22,(anonymous_1)
FN:31,(anonymous_2)
FN:43,(anonymous_3)
FN:60,(anonymous_4)
FNF:5
FNH:0
FNDA:0,(anonymous_0)
FNDA:0,(anonymous_1)
FNDA:0,(anonymous_2)
FNDA:0,(anonymous_3)
FNDA:0,(anonymous_4)
DA:3,0
DA:4,0
DA:5,0
DA:7,0
DA:15,0
DA:16,0
DA:18,0
DA:22,0
DA:23,0
DA:24,0
DA:25,0
DA:27,0
DA:31,0
DA:32,0
DA:33,0
DA:34,0
DA:35,0
DA:37,0
DA:39,0
DA:43,0
DA:44,0
DA:45,0
DA:46,0
DA:51,0
DA:52,0
DA:54,0
DA:56,0
DA:60,0
DA:61,0
DA:62,0
DA:63,0
DA:64,0
DA:66,0
DA:68,0
LF:34
LH:0
BRDA:34,0,0,0
BRDA:34,0,1,0
BRDA:51,1,0,0
BRDA:51,1,1,0
BRDA:63,2,0,0
BRDA:63,2,1,0
BRF:6
BRH:0
end_of_record
TN:
SF:server\controllers\reviewController.js
FN:13,(anonymous_0)
FN:108,(anonymous_1)
FN:175,(anonymous_2)
FN:223,(anonymous_3)
FN:271,(anonymous_4)
FN:294,(anonymous_5)
FN:342,updateUserRating
FN:371,(anonymous_7)
FN:372,(anonymous_8)
FN:381,(anonymous_9)
FNF:10
FNH:0
FNDA:0,(anonymous_0)
FNDA:0,(anonymous_1)
FNDA:0,(anonymous_2)
FNDA:0,(anonymous_3)
FNDA:0,(anonymous_4)
FNDA:0,(anonymous_5)
FNDA:0,updateUserRating
FNDA:0,(anonymous_7)
FNDA:0,(anonymous_8)
FNDA:0,(anonymous_9)
DA:13,1
DA:14,0
DA:15,0
DA:20,0
DA:21,0
DA:22,0
DA:26,0
DA:29,0
DA:30,0
DA:31,0
DA:32,0
DA:34,0
DA:35,0
DA:39,0
DA:42,0
DA:43,0
DA:47,0
DA:51,0
DA:52,0
DA:57,0
DA:71,0
DA:74,0
DA:77,0
DA:94,0
DA:99,0
DA:100,0
DA:108,1
DA:109,0
DA:110,0
DA:111,0
DA:113,0
DA:114,0
DA:118,0
DA:119,0
DA:123,0
DA:124,0
DA:125,0
DA:129,0
DA:130,0
DA:131,0
DA:132,0
DA:133,0
DA:134,0
DA:137,0
DA:138,0
DA:142,0
DA:145,0
DA:161,0
DA:166,0
DA:167,0
DA:175,1
DA:176,0
DA:177,0
DA:179,0
DA:180,0
DA:184,0
DA:185,0
DA:188,0
DA:191,0
DA:194,0
DA:197,0
DA:209,0
DA:214,0
DA:215,0
DA:223,1
DA:224,0
DA:225,0
DA:226,0
DA:227,0
DA:228,0
DA:231,0
DA:232,0
DA:233,0
DA:237,0
DA:238,0
DA:239,0
DA:242,0
DA:249,0
DA:251,0
DA:262,0
DA:263,0
DA:271,1
DA:272,0
DA:273,0
DA:275,0
DA:280,0
DA:285,0
DA:286,0
DA:294,1
DA:295,0
DA:296,0
DA:297,0
DA:299,0
DA:300,0
DA:304,0
DA:310,0
DA:313,0
DA:329,0
DA:334,0
DA:335,0
DA:343,0
DA:344,0
DA:346,0
DA:349,0
DA:360,0
DA:371,0
DA:372,0
DA:373,0
DA:374,0
DA:375,0
DA:380,0
DA:381,0
DA:382,0
DA:383,0
DA:388,0
DA:396,0
DA:397,0
LF:117
LH:6
BRDA:21,0,0,0
BRDA:21,0,1,0
BRDA:29,1,0,0
BRDA:29,1,1,0
BRDA:31,2,0,0
BRDA:31,2,1,0
BRDA:34,3,0,0
BRDA:34,3,1,0
BRDA:39,4,0,0
BRDA:39,4,1,0
BRDA:40,5,0,0
BRDA:40,5,1,0
BRDA:42,6,0,0
BRDA:42,6,1,0
BRDA:51,7,0,0
BRDA:51,7,1,0
BRDA:113,8,0,0
BRDA:113,8,1,0
BRDA:118,9,0,0
BRDA:118,9,1,0
BRDA:118,10,0,0
BRDA:118,10,1,0
BRDA:124,11,0,0
BRDA:124,11,1,0
BRDA:124,12,0,0
BRDA:124,12,1,0
BRDA:129,13,0,0
BRDA:129,13,1,0
BRDA:130,14,0,0
BRDA:130,14,1,0
BRDA:131,15,0,0
BRDA:131,15,1,0
BRDA:137,16,0,0
BRDA:137,16,1,0
BRDA:137,17,0,0
BRDA:137,17,1,0
BRDA:179,18,0,0
BRDA:179,18,1,0
BRDA:184,19,0,0
BRDA:184,19,1,0
BRDA:184,20,0,0
BRDA:184,20,1,0
BRDA:226,21,0,0
BRDA:226,21,1,0
BRDA:227,22,0,0
BRDA:227,22,1,0
BRDA:232,23,0,0
BRDA:232,23,1,0
BRDA:238,24,0,0
BRDA:238,24,1,0
BRDA:299,25,0,0
BRDA:299,25,1,0
BRDA:346,26,0,0
BRDA:346,26,1,0
BRDA:373,27,0,0
BRDA:373,27,1,0
BRDA:382,28,0,0
BRDA:382,28,1,0
BRDA:390,29,0,0
BRDA:390,29,1,0
BRF:60
BRH:0
end_of_record
TN:
SF:server\controllers\timeTrackingController.js
FN:3,(anonymous_0)
FN:21,(anonymous_1)
FN:38,(anonymous_2)
FNF:3
FNH:0
FNDA:0,(anonymous_0)
FNDA:0,(anonymous_1)
FNDA:0,(anonymous_2)
DA:3,0
DA:4,0
DA:5,0
DA:6,0
DA:8,0
DA:14,0
DA:15,0
DA:17,0
DA:21,0
DA:22,0
DA:23,0
DA:24,0
DA:25,0
DA:26,0
DA:29,0
DA:30,0
DA:31,0
DA:32,0
DA:34,0
DA:38,0
DA:39,0
DA:40,0
DA:41,0
DA:42,0
DA:43,0
DA:45,0
LF:26
LH:0
BRDA:25,0,0,0
BRDA:25,0,1,0
BRF:2
BRH:0
end_of_record
TN:
SF:server\controllers\transactionController.js
FN:3,(anonymous_0)
FN:13,(anonymous_1)
FN:38,(anonymous_2)
FNF:3
FNH:0
FNDA:0,(anonymous_0)
FNDA:0,(anonymous_1)
FNDA:0,(anonymous_2)
DA:3,0
DA:4,0
DA:5,0
DA:6,0
DA:7,0
DA:9,0
DA:13,0
DA:14,0
DA:15,0
DA:16,0
DA:18,0
DA:31,0
DA:32,0
DA:34,0
DA:38,0
DA:39,0
DA:40,0
DA:41,0
DA:45,0
DA:47,0
LF:20
LH:0
BRF:0
BRH:0
end_of_record
TN:
SF:server\controllers\twoFactorController.js
FN:6,(anonymous_0)
FN:45,(anonymous_1)
FN:81,(anonymous_2)
FN:121,(anonymous_3)
FN:131,(anonymous_4)
FN:173,(anonymous_5)
FN:211,(anonymous_6)
FNF:7
FNH:0
FNDA:0,(anonymous_0)
FNDA:0,(anonymous_1)
FNDA:0,(anonymous_2)
FNDA:0,(anonymous_3)
FNDA:0,(anonymous_4)
FNDA:0,(anonymous_5)
FNDA:0,(anonymous_6)
DA:6,0
DA:7,0
DA:8,0
DA:11,0
DA:16,0
DA:19,0
DA:25,0
DA:26,0
DA:27,0
DA:29,0
DA:36,0
DA:37,0
DA:45,0
DA:46,0
DA:47,0
DA:48,0
DA:50,0
DA:51,0
DA:52,0
DA:55,0
DA:61,0
DA:62,0
DA:65,0
DA:66,0
DA:68,0
DA:72,0
DA:73,0
DA:81,0
DA:82,0
DA:83,0
DA:84,0
DA:86,0
DA:87,0
DA:88,0
DA:92,0
DA:98,0
DA:99,0
DA:103,0
DA:104,0
DA:105,0
DA:106,0
DA:108,0
DA:112,0
DA:113,0
DA:121,0
DA:122,0
DA:123,0
DA:125,0
DA:126,0
DA:127,0
DA:131,0
DA:132,0
DA:133,0
DA:134,0
DA:138,0
DA:139,0
DA:141,0
DA:148,0
DA:155,0
DA:156,0
DA:159,0
DA:164,0
DA:165,0
DA:173,0
DA:174,0
DA:175,0
DA:176,0
DA:178,0
DA:179,0
DA:180,0
DA:184,0
DA:190,0
DA:191,0
DA:194,0
DA:195,0
DA:197,0
DA:202,0
DA:203,0
DA:211,0
DA:212,0
DA:213,0
DA:214,0
DA:216,0
DA:220,0
DA:221,0
LF:85
LH:0
BRDA:39,0,0,0
BRDA:39,0,1,0
BRDA:51,1,0,0
BRDA:51,1,1,0
BRDA:61,2,0,0
BRDA:61,2,1,0
BRDA:75,3,0,0
BRDA:75,3,1,0
BRDA:87,4,0,0
BRDA:87,4,1,0
BRDA:98,5,0,0
BRDA:98,5,1,0
BRDA:115,6,0,0
BRDA:115,6,1,0
BRDA:126,7,0,0
BRDA:126,7,1,0
BRDA:132,8,0,0
BRDA:132,8,1,0
BRDA:133,9,0,0
BRDA:133,9,1,0
BRDA:155,10,0,0
BRDA:155,10,1,0
BRDA:167,11,0,0
BRDA:167,11,1,0
BRDA:179,12,0,0
BRDA:179,12,1,0
BRDA:190,13,0,0
BRDA:190,13,1,0
BRDA:205,14,0,0
BRDA:205,14,1,0
BRDA:223,15,0,0
BRDA:223,15,1,0
BRF:32
BRH:0
end_of_record
TN:
SF:server\controllers\userController.js
FN:6,(anonymous_0)
FN:19,(anonymous_1)
FN:58,(anonymous_2)
FN:71,(anonymous_3)
FN:101,(anonymous_4)
FNF:5
FNH:0
FNDA:0,(anonymous_0)
FNDA:0,(anonymous_1)
FNDA:0,(anonymous_2)
FNDA:0,(anonymous_3)
FNDA:0,(anonymous_4)
DA:6,1
DA:7,0
DA:8,0
DA:9,0
DA:10,0
DA:12,0
DA:14,0
DA:15,0
DA:19,1
DA:20,0
DA:21,0
DA:23,0
DA:24,0
DA:27,0
DA:28,0
DA:31,0
DA:32,0
DA:35,0
DA:36,0
DA:37,0
DA:40,0
DA:41,0
DA:42,0
DA:43,0
DA:44,0
DA:46,0
DA:49,0
DA:50,0
DA:51,0
DA:53,0
DA:54,0
DA:58,1
DA:59,0
DA:60,0
DA:61,0
DA:62,0
DA:64,0
DA:66,0
DA:67,0
DA:71,1
DA:72,0
DA:73,0
DA:74,0
DA:75,0
DA:77,0
DA:79,0
DA:87,0
DA:96,0
DA:97,0
DA:101,1
DA:102,0
DA:104,0
DA:105,0
DA:108,0
DA:109,0
DA:110,0
DA:114,0
DA:115,0
DA:117,0
DA:119,0
DA:120,0
LF:61
LH:5
BRDA:9,0,0,0
BRDA:9,0,1,0
BRDA:23,1,0,0
BRDA:23,1,1,0
BRDA:23,2,0,0
BRDA:23,2,1,0
BRDA:27,3,0,0
BRDA:27,3,1,0
BRDA:27,4,0,0
BRDA:27,4,1,0
BRDA:27,4,2,0
BRDA:31,5,0,0
BRDA:31,5,1,0
BRDA:31,6,0,0
BRDA:31,6,1,0
BRDA:31,6,2,0
BRDA:36,7,0,0
BRDA:36,7,1,0
BRDA:40,8,0,0
BRDA:40,8,1,0
BRDA:41,9,0,0
BRDA:41,9,1,0
BRDA:43,10,0,0
BRDA:43,10,1,0
BRDA:61,11,0,0
BRDA:61,11,1,0
BRDA:73,12,0,0
BRDA:73,12,1,0
BRDA:74,13,0,0
BRDA:74,13,1,0
BRDA:77,14,0,0
BRDA:77,14,1,0
BRDA:104,15,0,0
BRDA:104,15,1,0
BRDA:104,16,0,0
BRDA:104,16,1,0
BRDA:109,17,0,0
BRDA:109,17,1,0
BRF:38
BRH:0
end_of_record
TN:
SF:server\controllers\workDiaryController.js
FN:6,(anonymous_0)
FN:18,(anonymous_1)
FN:68,(anonymous_2)
FN:108,(anonymous_3)
FN:145,(anonymous_4)
FN:165,(anonymous_5)
FN:213,(anonymous_6)
FN:225,(anonymous_7)
FN:254,(anonymous_8)
FN:259,(anonymous_9)
FN:260,(anonymous_10)
FN:277,(anonymous_11)
FNF:12
FNH:0
FNDA:0,(anonymous_0)
FNDA:0,(anonymous_1)
FNDA:0,(anonymous_2)
FNDA:0,(anonymous_3)
FNDA:0,(anonymous_4)
FNDA:0,(anonymous_5)
FNDA:0,(anonymous_6)
FNDA:0,(anonymous_7)
FNDA:0,(anonymous_8)
FNDA:0,(anonymous_9)
FNDA:0,(anonymous_10)
FNDA:0,(anonymous_11)
DA:6,0
DA:7,0
DA:8,0
DA:9,0
DA:12,0
DA:13,0
DA:14,0
DA:17,0
DA:18,0
DA:21,0
DA:22,0
DA:26,0
DA:27,0
DA:29,0
DA:35,0
DA:36,0
DA:44,0
DA:51,0
DA:52,0
DA:54,0
DA:59,0
DA:60,0
DA:68,0
DA:69,0
DA:70,0
DA:71,0
DA:73,0
DA:74,0
DA:76,0
DA:82,0
DA:83,0
DA:86,0
DA:87,0
DA:88,0
DA:91,0
DA:92,0
DA:94,0
DA:99,0
DA:100,0
DA:108,0
DA:109,0
DA:110,0
DA:111,0
DA:112,0
DA:114,0
DA:115,0
DA:117,0
DA:123,0
DA:124,0
DA:127,0
DA:128,0
DA:129,0
DA:132,0
DA:143,0
DA:144,0
DA:145,0
DA:146,0
DA:149,0
DA:151,0
DA:156,0
DA:157,0
DA:165,0
DA:166,0
DA:167,0
DA:168,0
DA:170,0
DA:176,0
DA:177,0
DA:180,0
DA:181,0
DA:184,0
DA:185,0
DA:188,0
DA:189,0
DA:190,0
DA:198,0
DA:204,0
DA:205,0
DA:213,0
DA:214,0
DA:215,0
DA:216,0
DA:218,0
DA:219,0
DA:220,0
DA:224,0
DA:225,0
DA:227,0
DA:228,0
DA:231,0
DA:236,0
DA:237,0
DA:243,0
DA:245,0
DA:246,0
DA:254,0
DA:255,0
DA:256,0
DA:258,0
DA:259,0
DA:260,0
DA:262,0
DA:268,0
DA:269,0
DA:277,0
DA:278,0
DA:279,0
DA:280,0
DA:281,0
DA:283,0
DA:284,0
DA:285,0
DA:289,0
DA:290,0
DA:293,0
DA:298,0
DA:299,0
DA:302,0
DA:303,0
DA:308,0
DA:311,0
DA:318,0
DA:323,0
DA:324,0
LF:124
LH:0
BRDA:13,0,0,0
BRDA:13,0,1,0
BRDA:18,1,0,0
BRDA:18,1,1,0
BRDA:21,2,0,0
BRDA:21,2,1,0
BRDA:35,3,0,0
BRDA:35,3,1,0
BRDA:62,4,0,0
BRDA:62,4,1,0
BRDA:82,5,0,0
BRDA:82,5,1,0
BRDA:87,6,0,0
BRDA:87,6,1,0
BRDA:102,7,0,0
BRDA:102,7,1,0
BRDA:123,8,0,0
BRDA:123,8,1,0
BRDA:128,9,0,0
BRDA:128,9,1,0
BRDA:144,10,0,0
BRDA:144,10,1,0
BRDA:145,11,0,0
BRDA:145,11,1,0
BRDA:159,12,0,0
BRDA:159,12,1,0
BRDA:176,13,0,0
BRDA:176,13,1,0
BRDA:180,14,0,0
BRDA:180,14,1,0
BRDA:189,15,0,0
BRDA:189,15,1,0
BRDA:207,16,0,0
BRDA:207,16,1,0
BRDA:219,17,0,0
BRDA:219,17,1,0
BRDA:224,18,0,0
BRDA:224,18,1,0
BRDA:225,19,0,0
BRDA:225,19,1,0
BRDA:227,20,0,0
BRDA:227,20,1,0
BRDA:236,21,0,0
BRDA:236,21,1,0
BRDA:248,22,0,0
BRDA:248,22,1,0
BRDA:259,23,0,0
BRDA:259,23,1,0
BRDA:260,24,0,0
BRDA:260,24,1,0
BRDA:271,25,0,0
BRDA:271,25,1,0
BRDA:284,26,0,0
BRDA:284,26,1,0
BRDA:289,27,0,0
BRDA:289,27,1,0
BRDA:298,28,0,0
BRDA:298,28,1,0
BRDA:326,29,0,0
BRDA:326,29,1,0
BRF:60
BRH:0
end_of_record
TN:
SF:server\middleware\auth.js
FN:7,(anonymous_0)
FN:43,(anonymous_1)
FN:44,(anonymous_2)
FN:56,(anonymous_3)
FN:64,(anonymous_4)
FN:65,(anonymous_5)
FN:68,(anonymous_6)
FN:69,(anonymous_7)
FN:82,(anonymous_8)
FN:85,(anonymous_9)
FNF:10
FNH:3
FNDA:0,(anonymous_0)
FNDA:8,(anonymous_1)
FNDA:0,(anonymous_2)
FNDA:0,(anonymous_3)
FNDA:17,(anonymous_4)
FNDA:0,(anonymous_5)
FNDA:0,(anonymous_6)
FNDA:0,(anonymous_7)
FNDA:16,(anonymous_8)
FNDA:0,(anonymous_9)
DA:7,1
DA:8,0
DA:11,0
DA:12,0
DA:15,0
DA:16,0
DA:19,0
DA:20,0
DA:21,0
DA:22,0
DA:24,0
DA:25,0
DA:29,0
DA:30,0
DA:33,0
DA:34,0
DA:36,0
DA:39,0
DA:43,1
DA:44,8
DA:45,0
DA:46,0
DA:52,0
DA:56,1
DA:57,0
DA:58,0
DA:60,0
DA:64,1
DA:65,17
DA:66,0
DA:67,0
DA:68,0
DA:69,0
DA:70,0
DA:71,0
DA:75,0
DA:77,0
DA:82,1
DA:84,16
DA:85,16
DA:88,0
LF:41
LH:9
BRDA:11,0,0,0
BRDA:11,0,1,0
BRDA:15,1,0,0
BRDA:15,1,1,0
BRDA:20,2,0,0
BRDA:20,2,1,0
BRDA:24,3,0,0
BRDA:24,3,1,0
BRDA:29,4,0,0
BRDA:29,4,1,0
BRDA:45,5,0,0
BRDA:45,5,1,0
BRDA:57,6,0,0
BRDA:57,6,1,0
BRDA:70,7,0,0
BRDA:70,7,1,0
BRDA:84,8,0,16
BRDA:84,8,1,0
BRF:18
BRH:1
end_of_record
TN:
SF:server\middleware\sanitization.js
FN:13,(anonymous_0)
FN:19,(anonymous_1)
FN:41,(anonymous_2)
FN:67,(anonymous_3)
FN:68,(anonymous_4)
FN:113,(anonymous_5)
FN:147,(anonymous_6)
FN:155,(anonymous_7)
FNF:8
FNH:0
FNDA:0,(anonymous_0)
FNDA:0,(anonymous_1)
FNDA:0,(anonymous_2)
FNDA:0,(anonymous_3)
FNDA:0,(anonymous_4)
FNDA:0,(anonymous_5)
FNDA:0,(anonymous_6)
FNDA:0,(anonymous_7)
DA:5,0
DA:6,0
DA:13,0
DA:14,0
DA:15,0
DA:18,0
DA:19,0
DA:22,0
DA:23,0
DA:24,0
DA:25,0
DA:29,0
DA:30,0
DA:32,0
DA:35,0
DA:41,0
DA:42,0
DA:44,0
DA:45,0
DA:49,0
DA:50,0
DA:54,0
DA:55,0
DA:58,0
DA:60,0
DA:67,0
DA:68,0
DA:69,0
DA:70,0
DA:73,0
DA:82,0
DA:84,0
DA:85,0
DA:87,0
DA:89,0
DA:90,0
DA:94,0
DA:95,0
DA:99,0
DA:103,0
DA:105,0
DA:113,0
DA:114,0
DA:115,0
DA:118,0
DA:119,0
DA:120,0
DA:125,0
DA:126,0
DA:127,0
DA:132,0
DA:133,0
DA:134,0
DA:138,0
DA:140,0
DA:147,0
DA:148,0
DA:155,0
DA:156,0
DA:157,0
DA:158,0
DA:159,0
DA:162,0
DA:163,0
DA:167,0
DA:168,0
DA:169,0
DA:170,0
DA:171,0
DA:173,0
LF:70
LH:0
BRDA:14,0,0,0
BRDA:14,0,1,0
BRDA:14,1,0,0
BRDA:14,1,1,0
BRDA:18,2,0,0
BRDA:18,2,1,0
BRDA:24,3,0,0
BRDA:24,3,1,0
BRDA:29,4,0,0
BRDA:29,4,1,0
BRDA:29,5,0,0
BRDA:29,5,1,0
BRDA:44,6,0,0
BRDA:44,6,1,0
BRDA:49,7,0,0
BRDA:49,7,1,0
BRDA:54,8,0,0
BRDA:54,8,1,0
BRDA:69,9,0,0
BRDA:69,9,1,0
BRDA:69,10,0,0
BRDA:69,10,1,0
BRDA:85,11,0,0
BRDA:85,11,1,0
BRDA:89,12,0,0
BRDA:89,12,1,0
BRDA:94,13,0,0
BRDA:94,13,1,0
BRDA:119,14,0,0
BRDA:119,14,1,0
BRDA:119,15,0,0
BRDA:119,15,1,0
BRDA:126,16,0,0
BRDA:126,16,1,0
BRDA:126,17,0,0
BRDA:126,17,1,0
BRDA:133,18,0,0
BRDA:133,18,1,0
BRDA:133,19,0,0
BRDA:133,19,1,0
BRDA:156,20,0,0
BRDA:156,20,1,0
BRDA:158,21,0,0
BRDA:158,21,1,0
BRDA:162,22,0,0
BRDA:162,22,1,0
BRDA:162,23,0,0
BRDA:162,23,1,0
BRF:48
BRH:0
end_of_record
TN:
SF:server\middleware\upload.js
FN:19,(anonymous_0)
FN:22,(anonymous_1)
FN:35,(anonymous_2)
FN:45,(anonymous_3)
FN:85,(anonymous_4)
FN:103,(anonymous_5)
FN:114,(anonymous_6)
FN:117,(anonymous_7)
FN:119,(anonymous_8)
FN:120,(anonymous_9)
FN:159,(anonymous_10)
FN:162,(anonymous_11)
FN:164,(anonymous_12)
FN:165,(anonymous_13)
FN:185,(anonymous_14)
FN:205,(anonymous_15)
FN:206,(anonymous_16)
FN:230,(anonymous_17)
FNF:18
FNH:0
FNDA:0,(anonymous_0)
FNDA:0,(anonymous_1)
FNDA:0,(anonymous_2)
FNDA:0,(anonymous_3)
FNDA:0,(anonymous_4)
FNDA:0,(anonymous_5)
FNDA:0,(anonymous_6)
FNDA:0,(anonymous_7)
FNDA:0,(anonymous_8)
FNDA:0,(anonymous_9)
FNDA:0,(anonymous_10)
FNDA:0,(anonymous_11)
FNDA:0,(anonymous_12)
FNDA:0,(anonymous_13)
FNDA:0,(anonymous_14)
FNDA:0,(anonymous_15)
FNDA:0,(anonymous_16)
FNDA:0,(anonymous_17)
DA:11,1
DA:18,1
DA:20,0
DA:24,0
DA:25,0
DA:30,1
DA:36,0
DA:39,0
DA:45,1
DA:47,0
DA:56,0
DA:57,0
DA:59,0
DA:64,1
DA:73,1
DA:85,1
DA:88,0
DA:96,0
DA:97,0
DA:99,0
DA:100,0
DA:102,0
DA:103,0
DA:106,0
DA:114,1
DA:115,0
DA:117,0
DA:118,0
DA:119,0
DA:120,0
DA:121,0
DA:122,0
DA:123,0
DA:129,0
DA:132,0
DA:137,0
DA:138,0
DA:145,0
DA:147,0
DA:148,0
DA:159,1
DA:160,0
DA:162,0
DA:163,0
DA:164,0
DA:165,0
DA:166,0
DA:167,0
DA:168,0
DA:174,0
DA:177,0
DA:182,0
DA:183,0
DA:185,0
DA:193,0
DA:195,0
DA:196,0
DA:205,1
DA:206,0
DA:207,0
DA:208,0
DA:210,0
DA:212,0
DA:215,0
DA:218,0
DA:219,0
DA:221,0
DA:222,0
DA:230,1
DA:231,0
DA:233,0
DA:234,0
DA:238,0
DA:240,0
DA:241,0
DA:245,0
DA:246,0
DA:247,0
DA:248,0
DA:253,0
DA:254,0
DA:258,0
DA:262,1
LF:83
LH:12
BRDA:56,0,0,0
BRDA:56,0,1,0
BRDA:97,1,0,0
BRDA:97,1,1,0
BRDA:102,2,0,0
BRDA:102,2,1,0
BRDA:114,3,0,0
BRDA:115,4,0,0
BRDA:115,4,1,0
BRDA:121,5,0,0
BRDA:121,5,1,0
BRDA:122,6,0,0
BRDA:122,6,1,0
BRDA:137,7,0,0
BRDA:137,7,1,0
BRDA:148,8,0,0
BRDA:148,8,1,0
BRDA:159,9,0,0
BRDA:159,10,0,0
BRDA:160,11,0,0
BRDA:160,11,1,0
BRDA:166,12,0,0
BRDA:166,12,1,0
BRDA:167,13,0,0
BRDA:167,13,1,0
BRDA:182,14,0,0
BRDA:182,14,1,0
BRDA:196,15,0,0
BRDA:196,15,1,0
BRDA:205,16,0,0
BRDA:210,17,0,0
BRDA:210,17,1,0
BRDA:231,18,0,0
BRDA:231,18,1,0
BRDA:231,19,0,0
BRDA:231,19,1,0
BRDA:233,20,0,0
BRDA:233,20,1,0
BRDA:240,21,0,0
BRDA:240,21,1,0
BRDA:247,22,0,0
BRDA:247,22,1,0
BRDA:253,23,0,0
BRDA:253,23,1,0
BRF:44
BRH:0
end_of_record
TN:
SF:server\middleware\validation\schemas.js
FNF:0
FNH:0
DA:4,1
DA:10,1
DA:18,1
DA:39,1
DA:64,1
DA:92,1
DA:141,1
DA:151,1
DA:164,1
DA:175,1
DA:188,1
LF:11
LH:11
BRF:0
BRH:0
end_of_record
TN:
SF:server\middleware\validation\validator.js
FN:9,(anonymous_0)
FN:10,(anonymous_1)
FN:23,(anonymous_2)
FN:37,(anonymous_3)
FN:55,(anonymous_4)
FN:56,(anonymous_5)
FN:57,(anonymous_6)
FN:75,(anonymous_7)
FN:87,(anonymous_8)
FN:88,(anonymous_9)
FN:119,(anonymous_10)
FN:126,(anonymous_11)
FN:145,(anonymous_12)
FN:179,(anonymous_13)
FN:180,(anonymous_14)
FN:187,(anonymous_15)
FNF:16
FNH:1
FNDA:0,(anonymous_0)
FNDA:0,(anonymous_1)
FNDA:0,(anonymous_2)
FNDA:0,(anonymous_3)
FNDA:14,(anonymous_4)
FNDA:0,(anonymous_5)
FNDA:0,(anonymous_6)
FNDA:0,(anonymous_7)
FNDA:0,(anonymous_8)
FNDA:0,(anonymous_9)
FNDA:0,(anonymous_10)
FNDA:0,(anonymous_11)
FNDA:0,(anonymous_12)
FNDA:0,(anonymous_13)
FNDA:0,(anonymous_14)
FNDA:0,(anonymous_15)
DA:9,1
DA:10,0
DA:11,0
DA:21,0
DA:22,0
DA:23,0
DA:26,0
DA:35,0
DA:37,0
DA:45,0
DA:46,0
DA:55,1
DA:56,14
DA:57,0
DA:58,0
DA:59,0
DA:62,0
DA:72,0
DA:73,0
DA:75,0
DA:82,0
DA:83,0
DA:86,0
DA:87,0
DA:89,0
DA:95,0
DA:119,1
DA:124,0
DA:126,0
DA:127,0
DA:128,0
DA:134,0
DA:136,0
DA:137,0
DA:143,0
DA:145,0
DA:146,0
DA:147,0
DA:153,0
DA:154,0
DA:161,0
DA:162,0
DA:168,0
DA:174,0
DA:179,1
DA:180,0
DA:181,0
DA:182,0
DA:185,0
DA:187,0
DA:188,0
DA:189,0
DA:193,0
DA:195,0
DA:198,0
DA:199,0
DA:201,0
DA:202,0
LF:58
LH:5
BRDA:9,0,0,0
BRDA:21,1,0,0
BRDA:21,1,1,0
BRDA:30,2,0,0
BRDA:30,2,1,0
BRDA:31,3,0,0
BRDA:31,3,1,0
BRDA:32,4,0,0
BRDA:32,4,1,0
BRDA:58,5,0,0
BRDA:58,5,1,0
BRDA:72,6,0,0
BRDA:72,6,1,0
BRDA:119,7,0,0
BRDA:121,8,0,0
BRDA:122,9,0,0
BRDA:123,10,0,0
BRDA:127,11,0,0
BRDA:127,11,1,0
BRDA:127,12,0,0
BRDA:127,12,1,0
BRDA:134,13,0,0
BRDA:134,13,1,0
BRDA:136,14,0,0
BRDA:136,14,1,0
BRDA:146,15,0,0
BRDA:146,15,1,0
BRDA:153,16,0,0
BRDA:153,16,1,0
BRDA:161,17,0,0
BRDA:161,17,1,0
BRDA:181,18,0,0
BRDA:181,18,1,0
BRDA:181,19,0,0
BRDA:181,19,1,0
BRDA:188,20,0,0
BRDA:188,20,1,0
BRF:37
BRH:0
end_of_record
TN:
SF:server\models\AuditLog.js
FN:43,(anonymous_0)
FN:165,(anonymous_1)
FN:188,(anonymous_2)
FN:212,(anonymous_3)
FN:234,(anonymous_4)
FN:256,(anonymous_5)
FN:277,(anonymous_6)
FN:301,(anonymous_7)
FN:346,(anonymous_8)
FNF:9
FNH:0
FNDA:0,(anonymous_0)
FNDA:0,(anonymous_1)
FNDA:0,(anonymous_2)
FNDA:0,(anonymous_3)
FNDA:0,(anonymous_4)
FNDA:0,(anonymous_5)
FNDA:0,(anonymous_6)
FNDA:0,(anonymous_7)
FNDA:0,(anonymous_8)
DA:4,1
DA:44,0
DA:156,1
DA:157,1
DA:158,1
DA:159,1
DA:160,1
DA:163,1
DA:166,0
DA:167,0
DA:179,0
DA:180,0
DA:182,0
DA:183,0
DA:189,0
DA:190,0
DA:203,0
DA:204,0
DA:206,0
DA:207,0
DA:213,0
DA:214,0
DA:225,0
DA:226,0
DA:228,0
DA:229,0
DA:235,0
DA:239,0
DA:240,0
DA:242,0
DA:243,0
DA:245,0
DA:246,0
DA:249,0
DA:257,0
DA:261,0
DA:262,0
DA:264,0
DA:265,0
DA:267,0
DA:268,0
DA:271,0
DA:278,0
DA:282,0
DA:283,0
DA:285,0
DA:286,0
DA:288,0
DA:289,0
DA:291,0
DA:292,0
DA:295,0
DA:302,0
DA:304,0
DA:305,0
DA:307,0
DA:308,0
DA:311,0
DA:347,0
DA:360,0
DA:361,0
DA:362,0
DA:366,0
DA:370,1
LF:64
LH:8
BRDA:44,0,0,0
BRDA:44,0,1,0
BRDA:44,0,2,0
BRDA:170,1,0,0
BRDA:170,1,1,0
BRDA:193,2,0,0
BRDA:193,2,1,0
BRDA:217,3,0,0
BRDA:217,3,1,0
BRDA:234,4,0,0
BRDA:239,5,0,0
BRDA:239,5,1,0
BRDA:242,6,0,0
BRDA:242,6,1,0
BRDA:245,7,0,0
BRDA:245,7,1,0
BRDA:251,8,0,0
BRDA:251,8,1,0
BRDA:256,9,0,0
BRDA:261,10,0,0
BRDA:261,10,1,0
BRDA:264,11,0,0
BRDA:264,11,1,0
BRDA:267,12,0,0
BRDA:267,12,1,0
BRDA:273,13,0,0
BRDA:273,13,1,0
BRDA:277,14,0,0
BRDA:282,15,0,0
BRDA:282,15,1,0
BRDA:285,16,0,0
BRDA:285,16,1,0
BRDA:288,17,0,0
BRDA:288,17,1,0
BRDA:291,18,0,0
BRDA:291,18,1,0
BRDA:297,19,0,0
BRDA:297,19,1,0
BRDA:301,20,0,0
BRDA:304,21,0,0
BRDA:304,21,1,0
BRDA:307,22,0,0
BRDA:307,22,1,0
BRDA:361,23,0,0
BRDA:361,23,1,0
BRF:45
BRH:0
end_of_record
TN:
SF:server\models\Chat.js
FNF:0
FNH:0
DA:3,0
LF:1
LH:0
BRF:0
BRH:0
end_of_record
TN:
SF:server\models\DirectContract.js
FN:356,(anonymous_0)
FN:378,(anonymous_1)
FN:383,(anonymous_2)
FN:391,(anonymous_3)
FN:394,(anonymous_4)
FN:403,(anonymous_5)
FN:406,(anonymous_6)
FN:419,(anonymous_7)
FN:431,(anonymous_8)
FN:450,(anonymous_9)
FN:479,(anonymous_10)
FN:495,(anonymous_11)
FNF:12
FNH:0
FNDA:0,(anonymous_0)
FNDA:0,(anonymous_1)
FNDA:0,(anonymous_2)
FNDA:0,(anonymous_3)
FNDA:0,(anonymous_4)
FNDA:0,(anonymous_5)
FNDA:0,(anonymous_6)
FNDA:0,(anonymous_7)
FNDA:0,(anonymous_8)
FNDA:0,(anonymous_9)
FNDA:0,(anonymous_10)
FNDA:0,(anonymous_11)
DA:4,1
DA:348,1
DA:349,1
DA:350,1
DA:351,1
DA:352,1
DA:353,1
DA:356,1
DA:357,0
DA:359,0
DA:360,0
DA:364,0
DA:365,0
DA:368,0
DA:370,0
DA:371,0
DA:376,1
DA:379,0
DA:381,0
DA:383,0
DA:384,0
DA:385,0
DA:390,0
DA:391,0
DA:393,0
DA:394,0
DA:399,0
DA:405,0
DA:406,0
DA:407,0
DA:408,0
DA:409,0
DA:411,0
DA:414,0
DA:420,0
DA:421,0
DA:422,0
DA:423,0
DA:425,0
DA:426,0
DA:432,0
DA:433,0
DA:434,0
DA:437,0
DA:438,0
DA:439,0
DA:441,0
DA:442,0
DA:444,0
DA:445,0
DA:451,0
DA:452,0
DA:453,0
DA:456,0
DA:463,0
DA:464,0
DA:465,0
DA:468,0
DA:470,0
DA:471,0
DA:477,1
DA:480,0
DA:496,0
DA:497,0
DA:509,1
LF:65
LH:11
BRDA:359,0,0,0
BRDA:359,0,1,0
BRDA:359,1,0,0
BRDA:359,1,1,0
BRDA:364,2,0,0
BRDA:364,2,1,0
BRDA:364,3,0,0
BRDA:364,3,1,0
BRDA:381,4,0,0
BRDA:381,4,1,0
BRDA:384,5,0,0
BRDA:384,5,1,0
BRDA:405,6,0,0
BRDA:405,6,1,0
BRDA:407,7,0,0
BRDA:407,7,1,0
BRDA:408,8,0,0
BRDA:408,8,1,0
BRDA:433,9,0,0
BRDA:433,9,1,0
BRDA:452,10,0,0
BRDA:452,10,1,0
BRDA:463,11,0,0
BRDA:463,11,1,0
BRDA:463,12,0,0
BRDA:463,12,1,0
BRDA:479,13,0,0
BRDA:479,14,0,0
BRDA:479,15,0,0
BRF:29
BRH:0
end_of_record
TN:
SF:server\models\DirectMessage.js
FNF:0
FNH:0
DA:3,0
LF:1
LH:0
BRF:0
BRH:0
end_of_record
TN:
SF:server\models\Dispute.js
FN:293,(anonymous_0)
FN:316,(anonymous_1)
FN:334,(anonymous_2)
FN:349,(anonymous_3)
FN:365,(anonymous_4)
FN:386,(anonymous_5)
FN:405,(anonymous_6)
FN:424,(anonymous_7)
FN:436,(anonymous_8)
FNF:9
FNH:2
FNDA:17,(anonymous_0)
FNDA:0,(anonymous_1)
FNDA:0,(anonymous_2)
FNDA:0,(anonymous_3)
FNDA:17,(anonymous_4)
FNDA:0,(anonymous_5)
FNDA:0,(anonymous_6)
FNDA:0,(anonymous_7)
FNDA:0,(anonymous_8)
DA:4,1
DA:284,1
DA:285,1
DA:286,1
DA:287,1
DA:288,1
DA:289,1
DA:290,1
DA:293,1
DA:294,17
DA:295,17
DA:297,17
DA:300,17
DA:304,17
DA:306,17
DA:308,0
DA:309,0
DA:314,1
DA:317,0
DA:318,0
DA:325,0
DA:326,0
DA:328,0
DA:329,0
DA:335,0
DA:336,0
DA:340,0
DA:341,0
DA:343,0
DA:344,0
DA:350,0
DA:351,0
DA:356,0
DA:357,0
DA:359,0
DA:360,0
DA:366,17
DA:367,17
DA:369,17
DA:370,17
DA:372,0
DA:373,0
DA:375,0
DA:376,0
DA:378,0
DA:379,0
DA:381,0
DA:387,0
DA:388,0
DA:389,0
DA:390,0
DA:394,0
DA:396,0
DA:397,0
DA:403,1
DA:406,0
DA:414,0
DA:425,0
DA:426,0
DA:437,0
DA:452,1
LF:61
LH:22
BRDA:295,0,0,17
BRDA:295,0,1,0
BRDA:316,1,0,0
BRDA:367,2,0,17
BRDA:367,2,1,0
BRDA:367,2,2,0
BRDA:367,2,3,0
BRDA:367,2,4,0
BRDA:405,3,0,0
BRDA:405,4,0,0
BRDA:405,5,0,0
BRDA:436,6,0,0
BRF:12
BRH:2
end_of_record
TN:
SF:server\models\Job.js
FN:310,(anonymous_0)
FN:319,(anonymous_1)
FN:324,(anonymous_2)
FN:325,(anonymous_3)
FN:328,(anonymous_4)
FN:342,(anonymous_5)
FN:345,(anonymous_6)
FN:368,(anonymous_7)
FN:393,(anonymous_8)
FN:407,(anonymous_9)
FN:435,(anonymous_10)
FNF:11
FNH:0
FNDA:0,(anonymous_0)
FNDA:0,(anonymous_1)
FNDA:0,(anonymous_2)
FNDA:0,(anonymous_3)
FNDA:0,(anonymous_4)
FNDA:0,(anonymous_5)
FNDA:0,(anonymous_6)
FNDA:0,(anonymous_7)
FNDA:0,(anonymous_8)
FNDA:0,(anonymous_9)
FNDA:0,(anonymous_10)
DA:5,1
DA:301,1
DA:302,1
DA:303,1
DA:304,1
DA:305,1
DA:306,1
DA:307,1
DA:310,1
DA:311,0
DA:312,0
DA:313,0
DA:316,0
DA:317,0
DA:318,0
DA:319,0
DA:323,0
DA:324,0
DA:325,0
DA:327,0
DA:328,0
DA:332,0
DA:334,0
DA:335,0
DA:340,1
DA:343,0
DA:344,0
DA:345,0
DA:348,0
DA:349,0
DA:352,0
DA:353,0
DA:359,0
DA:360,0
DA:362,0
DA:363,0
DA:369,0
DA:370,0
DA:371,0
DA:372,0
DA:375,0
DA:376,0
DA:378,0
DA:384,0
DA:385,0
DA:387,0
DA:388,0
DA:394,0
DA:395,0
DA:396,0
DA:398,0
DA:399,0
DA:405,1
DA:408,0
DA:410,0
DA:411,0
DA:414,0
DA:415,0
DA:418,0
DA:419,0
DA:420,0
DA:421,0
DA:425,0
DA:426,0
DA:429,0
DA:436,0
DA:454,1
LF:67
LH:12
BRDA:312,0,0,0
BRDA:312,0,1,0
BRDA:316,1,0,0
BRDA:316,1,1,0
BRDA:324,2,0,0
BRDA:324,2,1,0
BRDA:327,3,0,0
BRDA:327,3,1,0
BRDA:348,4,0,0
BRDA:348,4,1,0
BRDA:371,5,0,0
BRDA:371,5,1,0
BRDA:410,6,0,0
BRDA:410,6,1,0
BRDA:414,7,0,0
BRDA:414,7,1,0
BRDA:418,8,0,0
BRDA:418,8,1,0
BRDA:420,9,0,0
BRDA:420,9,1,0
BRDA:425,10,0,0
BRDA:425,10,1,0
BRDA:431,11,0,0
BRDA:431,11,1,0
BRDA:438,12,0,0
BRDA:438,12,1,0
BRF:26
BRH:0
end_of_record
TN:
SF:server\models\JobAlert.js
FN:282,(anonymous_0)
FN:306,(anonymous_1)
FN:310,(anonymous_2)
FN:323,(anonymous_3)
FN:337,(anonymous_4)
FN:358,(anonymous_5)
FN:361,(anonymous_6)
FN:390,(anonymous_7)
FN:419,(anonymous_8)
FNF:9
FNH:0
FNDA:0,(anonymous_0)
FNDA:0,(anonymous_1)
FNDA:0,(anonymous_2)
FNDA:0,(anonymous_3)
FNDA:0,(anonymous_4)
FNDA:0,(anonymous_5)
FNDA:0,(anonymous_6)
FNDA:0,(anonymous_7)
FNDA:0,(anonymous_8)
DA:4,1
DA:276,1
DA:277,1
DA:278,1
DA:279,1
DA:282,1
DA:283,0
DA:285,0
DA:286,0
DA:287,0
DA:288,0
DA:296,0
DA:298,0
DA:299,0
DA:304,1
DA:307,0
DA:308,0
DA:310,0
DA:311,0
DA:312,0
DA:319,0
DA:324,0
DA:325,0
DA:326,0
DA:327,0
DA:329,0
DA:331,0
DA:332,0
DA:338,0
DA:339,0
DA:345,0
DA:346,0
DA:347,0
DA:350,0
DA:352,0
DA:353,0
DA:359,0
DA:360,0
DA:361,0
DA:364,0
DA:365,0
DA:366,0
DA:367,0
DA:374,0
DA:375,0
DA:378,0
DA:381,0
DA:382,0
DA:388,1
DA:391,0
DA:397,0
DA:398,0
DA:404,0
DA:405,0
DA:408,0
DA:409,0
DA:413,0
DA:420,0
DA:435,1
LF:59
LH:9
BRDA:285,0,0,0
BRDA:285,0,1,0
BRDA:285,1,0,0
BRDA:285,1,1,0
BRDA:287,2,0,0
BRDA:287,2,1,0
BRDA:311,3,0,0
BRDA:311,3,1,0
BRDA:311,4,0,0
BRDA:311,4,1,0
BRDA:326,5,0,0
BRDA:326,5,1,0
BRDA:346,6,0,0
BRDA:346,6,1,0
BRDA:358,7,0,0
BRDA:364,8,0,0
BRDA:364,8,1,0
BRDA:366,9,0,0
BRDA:366,9,1,0
BRDA:374,10,0,0
BRDA:374,10,1,0
BRDA:397,11,0,0
BRDA:397,11,1,0
BRDA:397,12,0,0
BRDA:397,12,1,0
BRDA:404,13,0,0
BRDA:404,13,1,0
BRDA:408,14,0,0
BRDA:408,14,1,0
BRF:29
BRH:0
end_of_record
TN:
SF:server\models\JobMatch.js
FN:97,(anonymous_0)
FN:99,(anonymous_1)
FN:104,(anonymous_2)
FN:106,(anonymous_3)
FN:112,(anonymous_4)
FN:114,(anonymous_5)
FN:120,(anonymous_6)
FN:131,(anonymous_7)
FN:145,(anonymous_8)
FN:146,(anonymous_9)
FN:164,(anonymous_10)
FN:165,(anonymous_11)
FNF:12
FNH:0
FNDA:0,(anonymous_0)
FNDA:0,(anonymous_1)
FNDA:0,(anonymous_2)
FNDA:0,(anonymous_3)
FNDA:0,(anonymous_4)
FNDA:0,(anonymous_5)
FNDA:0,(anonymous_6)
FNDA:0,(anonymous_7)
FNDA:0,(anonymous_8)
FNDA:0,(anonymous_9)
FNDA:0,(anonymous_10)
FNDA:0,(anonymous_11)
DA:3,0
DA:20,0
DA:92,0
DA:93,0
DA:94,0
DA:97,0
DA:98,0
DA:99,0
DA:104,0
DA:105,0
DA:106,0
DA:108,0
DA:112,0
DA:113,0
DA:114,0
DA:117,0
DA:120,0
DA:121,0
DA:122,0
DA:123,0
DA:127,0
DA:131,0
DA:132,0
DA:133,0
DA:135,0
DA:140,0
DA:141,0
DA:144,0
DA:145,0
DA:146,0
DA:147,0
DA:148,0
DA:150,0
DA:153,0
DA:164,0
DA:165,0
DA:166,0
DA:167,0
DA:168,0
DA:171,0
LF:40
LH:0
BRDA:97,0,0,0
BRDA:108,1,0,0
BRDA:108,1,1,0
BRDA:117,2,0,0
BRDA:117,2,1,0
BRDA:121,3,0,0
BRDA:121,3,1,0
BRDA:140,4,0,0
BRDA:140,4,1,0
BRDA:147,5,0,0
BRDA:147,5,1,0
BRDA:147,6,0,0
BRDA:147,6,1,0
BRDA:158,7,0,0
BRDA:158,7,1,0
BRDA:158,8,0,0
BRDA:158,8,1,0
BRDA:166,9,0,0
BRDA:166,9,1,0
BRDA:167,10,0,0
BRDA:167,10,1,0
BRF:21
BRH:0
end_of_record
TN:
SF:server\models\Meeting.js
FN:180,(anonymous_0)
FN:185,(anonymous_1)
FN:192,(anonymous_2)
FN:198,(anonymous_3)
FN:216,(anonymous_4)
FN:218,(anonymous_5)
FN:230,(anonymous_6)
FN:236,(anonymous_7)
FNF:8
FNH:0
FNDA:0,(anonymous_0)
FNDA:0,(anonymous_1)
FNDA:0,(anonymous_2)
FNDA:0,(anonymous_3)
FNDA:0,(anonymous_4)
FNDA:0,(anonymous_5)
FNDA:0,(anonymous_6)
FNDA:0,(anonymous_7)
DA:3,0
DA:31,0
DA:48,0
DA:75,0
DA:89,0
DA:174,0
DA:175,0
DA:176,0
DA:177,0
DA:180,0
DA:181,0
DA:185,0
DA:186,0
DA:187,0
DA:188,0
DA:192,0
DA:193,0
DA:194,0
DA:197,0
DA:198,0
DA:201,0
DA:202,0
DA:205,0
DA:211,0
DA:212,0
DA:216,0
DA:217,0
DA:218,0
DA:221,0
DA:222,0
DA:223,0
DA:226,0
DA:230,0
DA:231,0
DA:232,0
DA:233,0
DA:236,0
DA:237,0
DA:238,0
DA:242,0
DA:243,0
DA:246,0
LF:42
LH:0
BRDA:186,0,0,0
BRDA:186,0,1,0
BRDA:187,1,0,0
BRDA:187,1,1,0
BRDA:193,2,0,0
BRDA:193,2,1,0
BRDA:198,3,0,0
BRDA:198,3,1,0
BRDA:201,4,0,0
BRDA:201,4,1,0
BRDA:207,5,0,0
BRDA:207,5,1,0
BRDA:218,6,0,0
BRDA:218,6,1,0
BRDA:221,7,0,0
BRDA:221,7,1,0
BRDA:237,8,0,0
BRDA:237,8,1,0
BRF:18
BRH:0
end_of_record
TN:
SF:server\models\Notification.js
FN:196,(anonymous_0)
FN:215,(anonymous_1)
FN:227,(anonymous_2)
FN:239,(anonymous_3)
FN:242,(anonymous_4)
FN:265,(anonymous_5)
FN:283,(anonymous_6)
FN:309,(anonymous_7)
FN:334,(anonymous_8)
FNF:9
FNH:0
FNDA:0,(anonymous_0)
FNDA:0,(anonymous_1)
FNDA:0,(anonymous_2)
FNDA:0,(anonymous_3)
FNDA:0,(anonymous_4)
FNDA:0,(anonymous_5)
FNDA:0,(anonymous_6)
FNDA:0,(anonymous_7)
FNDA:0,(anonymous_8)
DA:4,1
DA:189,1
DA:190,1
DA:191,1
DA:192,1
DA:193,1
DA:196,1
DA:197,0
DA:199,0
DA:200,0
DA:205,0
DA:207,0
DA:208,0
DA:213,1
DA:216,0
DA:217,0
DA:218,0
DA:219,0
DA:221,0
DA:222,0
DA:228,0
DA:229,0
DA:230,0
DA:231,0
DA:233,0
DA:234,0
DA:240,0
DA:241,0
DA:242,0
DA:245,0
DA:246,0
DA:247,0
DA:248,0
DA:249,0
DA:252,0
DA:253,0
DA:256,0
DA:259,0
DA:260,0
DA:266,0
DA:267,0
DA:272,0
DA:274,0
DA:275,0
DA:281,1
DA:284,0
DA:289,0
DA:290,0
DA:293,0
DA:294,0
DA:295,0
DA:296,0
DA:299,0
DA:300,0
DA:303,0
DA:310,0
DA:335,0
DA:340,0
DA:341,0
DA:344,0
DA:351,1
LF:61
LH:10
BRDA:199,0,0,0
BRDA:199,0,1,0
BRDA:239,1,0,0
BRDA:245,2,0,0
BRDA:245,2,1,0
BRDA:246,3,0,0
BRDA:246,3,1,0
BRDA:248,4,0,0
BRDA:248,4,1,0
BRDA:252,5,0,0
BRDA:252,5,1,0
BRDA:265,6,0,0
BRDA:283,7,0,0
BRDA:289,8,0,0
BRDA:289,8,1,0
BRDA:293,9,0,0
BRDA:293,9,1,0
BRDA:295,10,0,0
BRDA:295,10,1,0
BRDA:299,11,0,0
BRDA:299,11,1,0
BRDA:305,12,0,0
BRDA:305,12,1,0
BRDA:334,13,0,0
BRDA:340,14,0,0
BRDA:340,14,1,0
BRF:26
BRH:0
end_of_record
TN:
SF:server\models\PaymentGateway.js
FN:235,(anonymous_0)
FN:258,(anonymous_1)
FN:276,(anonymous_2)
FN:300,(anonymous_3)
FN:316,(anonymous_4)
FN:326,(anonymous_5)
FN:343,(anonymous_6)
FN:349,(anonymous_7)
FN:358,(anonymous_8)
FNF:9
FNH:0
FNDA:0,(anonymous_0)
FNDA:0,(anonymous_1)
FNDA:0,(anonymous_2)
FNDA:0,(anonymous_3)
FNDA:0,(anonymous_4)
FNDA:0,(anonymous_5)
FNDA:0,(anonymous_6)
FNDA:0,(anonymous_7)
FNDA:0,(anonymous_8)
DA:4,1
DA:229,1
DA:230,1
DA:231,1
DA:232,1
DA:235,1
DA:236,0
DA:238,0
DA:239,0
DA:248,0
DA:250,0
DA:251,0
DA:256,1
DA:259,0
DA:260,0
DA:268,0
DA:270,0
DA:271,0
DA:277,0
DA:278,0
DA:280,0
DA:281,0
DA:282,0
DA:284,0
DA:288,0
DA:292,0
DA:294,0
DA:295,0
DA:301,0
DA:302,0
DA:303,0
DA:308,0
DA:310,0
DA:311,0
DA:317,0
DA:318,0
DA:319,0
DA:320,0
DA:321,0
DA:325,0
DA:326,0
DA:328,0
DA:329,0
DA:332,0
DA:334,0
DA:335,0
DA:341,1
DA:344,0
DA:350,0
DA:359,0
DA:386,1
LF:51
LH:9
BRDA:238,0,0,0
BRDA:238,0,1,0
BRDA:258,1,0,0
BRDA:280,2,0,0
BRDA:280,2,1,0
BRDA:319,3,0,0
BRDA:319,3,1,0
BRDA:328,4,0,0
BRDA:328,4,1,0
BRF:9
BRH:0
end_of_record
TN:
SF:server\models\Profile.js
FN:136,(anonymous_0)
FN:155,(anonymous_1)
FN:160,(anonymous_2)
FN:179,(anonymous_3)
FN:185,(anonymous_4)
FN:186,(anonymous_5)
FN:190,(anonymous_6)
FN:194,(anonymous_7)
FN:206,(anonymous_8)
FNF:9
FNH:3
FNDA:85,(anonymous_0)
FNDA:170,(anonymous_1)
FNDA:340,(anonymous_2)
FNDA:0,(anonymous_3)
FNDA:0,(anonymous_4)
FNDA:0,(anonymous_5)
FNDA:0,(anonymous_6)
FNDA:0,(anonymous_7)
FNDA:0,(anonymous_8)
DA:4,1
DA:28,1
DA:41,1
DA:56,1
DA:73,1
DA:131,1
DA:132,1
DA:133,1
DA:136,1
DA:137,85
DA:138,85
DA:140,85
DA:141,0
DA:148,85
DA:149,85
DA:151,85
DA:152,85
DA:155,85
DA:156,170
DA:160,85
DA:161,340
DA:162,0
DA:163,0
DA:167,85
DA:168,85
DA:170,85
DA:172,0
DA:173,0
DA:178,1
DA:180,0
DA:181,0
DA:182,0
DA:186,0
DA:187,0
DA:191,0
DA:192,0
DA:194,0
DA:195,0
DA:197,0
DA:199,0
DA:200,0
DA:205,1
DA:207,0
DA:214,1
LF:44
LH:26
BRDA:138,0,0,85
BRDA:138,0,1,0
BRDA:140,1,0,0
BRDA:140,1,1,85
BRDA:156,2,0,170
BRDA:156,2,1,0
BRDA:161,3,0,0
BRDA:161,3,1,340
BRDA:161,4,0,340
BRDA:161,4,1,340
BRDA:180,5,0,0
BRDA:180,5,1,0
BRDA:192,6,0,0
BRDA:192,6,1,0
BRDA:197,7,0,0
BRDA:197,7,1,0
BRF:16
BRH:6
end_of_record
TN:
SF:server\models\ProjectTemplate.js
FNF:0
FNH:0
DA:3,0
LF:1
LH:0
BRF:0
BRH:0
end_of_record
TN:
SF:server\models\Review.js
FN:59,(anonymous_0)
FN:62,(anonymous_1)
FN:66,(anonymous_2)
FN:256,(anonymous_3)
FN:261,(anonymous_4)
FN:264,(anonymous_5)
FN:284,(anonymous_6)
FN:299,(anonymous_7)
FN:303,(anonymous_8)
FN:306,(anonymous_9)
FN:327,(anonymous_10)
FN:350,(anonymous_11)
FN:363,(anonymous_12)
FNF:13
FNH:0
FNDA:0,(anonymous_0)
FNDA:0,(anonymous_1)
FNDA:0,(anonymous_2)
FNDA:0,(anonymous_3)
FNDA:0,(anonymous_4)
FNDA:0,(anonymous_5)
FNDA:0,(anonymous_6)
FNDA:0,(anonymous_7)
FNDA:0,(anonymous_8)
FNDA:0,(anonymous_9)
FNDA:0,(anonymous_10)
FNDA:0,(anonymous_11)
FNDA:0,(anonymous_12)
DA:4,1
DA:60,0
DA:61,0
DA:62,0
DA:64,0
DA:66,0
DA:67,0
DA:248,1
DA:249,1
DA:250,1
DA:251,1
DA:252,1
DA:253,1
DA:256,1
DA:257,0
DA:259,0
DA:260,0
DA:261,0
DA:263,0
DA:264,0
DA:265,0
DA:270,0
DA:271,0
DA:274,0
DA:276,0
DA:277,0
DA:282,1
DA:285,0
DA:286,0
DA:291,0
DA:293,0
DA:294,0
DA:300,0
DA:302,0
DA:303,0
DA:305,0
DA:306,0
DA:310,0
DA:314,0
DA:319,0
DA:321,0
DA:322,0
DA:328,0
DA:329,0
DA:335,0
DA:336,0
DA:339,0
DA:341,0
DA:342,0
DA:348,1
DA:351,0
DA:355,0
DA:364,0
DA:394,1
LF:54
LH:11
BRDA:60,0,0,0
BRDA:60,0,1,0
BRDA:62,1,0,0
BRDA:62,1,1,0
BRDA:64,2,0,0
BRDA:64,2,1,0
BRDA:259,3,0,0
BRDA:259,3,1,0
BRDA:261,4,0,0
BRDA:261,4,1,0
BRDA:263,5,0,0
BRDA:263,5,1,0
BRDA:270,6,0,0
BRDA:270,6,1,0
BRDA:310,7,0,0
BRDA:310,7,1,0
BRDA:335,8,0,0
BRDA:335,8,1,0
BRDA:351,9,0,0
BRDA:351,9,1,0
BRF:20
BRH:0
end_of_record
TN:
SF:server\models\TimeEntry.js
FNF:0
FNH:0
DA:3,0
LF:1
LH:0
BRF:0
BRH:0
end_of_record
TN:
SF:server\models\Transaction.js
FN:285,(anonymous_0)
FN:312,(anonymous_1)
FN:334,(anonymous_2)
FN:357,(anonymous_3)
FN:388,(anonymous_4)
FNF:5
FNH:1
FNDA:34,(anonymous_0)
FNDA:0,(anonymous_1)
FNDA:0,(anonymous_2)
FNDA:0,(anonymous_3)
FNDA:0,(anonymous_4)
DA:4,1
DA:277,1
DA:278,1
DA:279,1
DA:280,1
DA:281,1
DA:282,1
DA:285,1
DA:286,34
DA:288,34
DA:289,0
DA:290,0
DA:291,0
DA:295,34
DA:296,34
DA:302,34
DA:304,0
DA:305,0
DA:310,1
DA:313,0
DA:314,0
DA:315,0
DA:322,0
DA:323,0
DA:326,0
DA:328,0
DA:329,0
DA:335,0
DA:336,0
DA:342,0
DA:343,0
DA:346,0
DA:348,0
DA:349,0
DA:355,1
DA:358,0
DA:365,0
DA:366,0
DA:369,0
DA:370,0
DA:373,0
DA:374,0
DA:377,0
DA:378,0
DA:381,0
DA:389,0
DA:391,0
DA:392,0
DA:398,0
DA:399,0
DA:402,0
DA:403,0
DA:406,0
DA:436,1
LF:54
LH:16
BRDA:288,0,0,0
BRDA:288,0,1,34
BRDA:295,1,0,34
BRDA:295,1,1,0
BRDA:322,2,0,0
BRDA:322,2,1,0
BRDA:334,3,0,0
BRDA:342,4,0,0
BRDA:342,4,1,0
BRDA:357,5,0,0
BRDA:365,6,0,0
BRDA:365,6,1,0
BRDA:369,7,0,0
BRDA:369,7,1,0
BRDA:373,8,0,0
BRDA:373,8,1,0
BRDA:377,9,0,0
BRDA:377,9,1,0
BRDA:388,10,0,0
BRDA:391,11,0,0
BRDA:391,11,1,0
BRDA:398,12,0,0
BRDA:398,12,1,0
BRDA:402,13,0,0
BRDA:402,13,1,0
BRF:25
BRH:2
end_of_record
TN:
SF:server\models\User.js
FN:55,(anonymous_0)
FN:71,(anonymous_1)
FNF:2
FNH:1
FNDA:170,(anonymous_0)
FNDA:0,(anonymous_1)
DA:6,1
DA:50,1
DA:51,1
DA:52,1
DA:55,1
DA:56,170
DA:57,85
DA:58,85
DA:61,85
DA:62,85
DA:63,85
DA:65,0
DA:66,0
DA:71,1
DA:72,0
DA:73,0
DA:75,0
DA:76,0
DA:80,1
LF:19
LH:13
BRDA:56,0,0,85
BRDA:56,0,1,85
BRF:2
BRH:2
end_of_record
TN:
SF:server\models\WorkDiary.js
FN:135,(anonymous_0)
FN:140,(anonymous_1)
FN:142,(anonymous_2)
FN:148,(anonymous_3)
FN:157,(anonymous_4)
FN:157,(anonymous_5)
FN:159,(anonymous_6)
FN:166,(anonymous_7)
FN:171,(anonymous_8)
FN:173,(anonymous_9)
FN:180,(anonymous_10)
FNF:11
FNH:0
FNDA:0,(anonymous_0)
FNDA:0,(anonymous_1)
FNDA:0,(anonymous_2)
FNDA:0,(anonymous_3)
FNDA:0,(anonymous_4)
FNDA:0,(anonymous_5)
FNDA:0,(anonymous_6)
FNDA:0,(anonymous_7)
FNDA:0,(anonymous_8)
FNDA:0,(anonymous_9)
FNDA:0,(anonymous_10)
DA:3,0
DA:24,0
DA:51,0
DA:130,0
DA:131,0
DA:132,0
DA:135,0
DA:136,0
DA:140,0
DA:142,0
DA:143,0
DA:144,0
DA:148,0
DA:149,0
DA:150,0
DA:151,0
DA:153,0
DA:157,0
DA:158,0
DA:159,0
DA:162,0
DA:166,0
DA:167,0
DA:171,0
DA:173,0
DA:174,0
DA:180,0
DA:181,0
DA:182,0
DA:184,0
DA:203,0
LF:31
LH:0
BRDA:149,0,0,0
BRDA:149,0,1,0
BRDA:158,1,0,0
BRDA:158,1,1,0
BRDA:167,2,0,0
BRDA:167,2,1,0
BRDA:174,3,0,0
BRDA:174,3,1,0
BRDA:174,3,2,0
BRDA:174,3,3,0
BRF:10
BRH:0
end_of_record
TN:
SF:server\routes\admin.js
FN:21,(anonymous_0)
FNF:1
FNH:0
FNDA:0,(anonymous_0)
DA:18,1
DA:21,1
DA:22,0
DA:23,0
DA:25,0
DA:29,1
DA:32,1
DA:33,1
DA:34,1
DA:35,1
DA:38,1
DA:41,1
DA:42,1
DA:45,1
DA:46,1
DA:49,1
LF:16
LH:13
BRDA:22,0,0,0
BRDA:22,0,1,0
BRF:2
BRH:0
end_of_record
TN:
SF:server\routes\auth.js
FN:125,(anonymous_0)
FN:145,(anonymous_1)
FN:192,(anonymous_2)
FN:240,(anonymous_3)
FNF:4
FNH:0
FNDA:0,(anonymous_0)
FNDA:0,(anonymous_1)
FNDA:0,(anonymous_2)
FNDA:0,(anonymous_3)
DA:23,1
DA:30,1
DA:40,1
DA:50,1
DA:60,1
DA:74,1
DA:84,1
DA:94,1
DA:103,1
DA:120,1
DA:126,0
DA:127,0
DA:128,0
DA:130,0
DA:140,1
DA:146,0
DA:147,0
DA:148,0
DA:150,0
DA:151,0
DA:154,0
DA:155,0
DA:157,0
DA:172,0
DA:177,0
DA:187,1
DA:193,0
DA:194,0
DA:195,0
DA:197,0
DA:198,0
DA:201,0
DA:202,0
DA:204,0
DA:219,0
DA:224,0
DA:238,1
DA:241,0
DA:242,0
DA:243,0
DA:244,0
DA:246,0
DA:258,0
DA:263,0
LF:44
LH:13
BRDA:150,0,0,0
BRDA:150,0,1,0
BRDA:197,1,0,0
BRDA:197,1,1,0
BRF:4
BRH:0
end_of_record
TN:
SF:server\routes\chat.js
FNF:0
FNH:0
DA:6,0
DA:7,0
DA:9,0
DA:10,0
DA:11,0
LF:5
LH:0
BRF:0
BRH:0
end_of_record
TN:
SF:server\routes\directContract.js
FNF:0
FNH:0
DA:5,1
DA:8,1
DA:11,1
DA:14,1
DA:17,1
LF:5
LH:5
BRF:0
BRH:0
end_of_record
TN:
SF:server\routes\directMessage.js
FNF:0
FNH:0
DA:6,0
DA:7,0
DA:9,0
DA:10,0
DA:11,0
LF:5
LH:0
BRF:0
BRH:0
end_of_record
TN:
SF:server\routes\endorsement.js
FNF:0
FNH:0
DA:5,0
DA:7,0
DA:8,0
DA:9,0
LF:4
LH:0
BRF:0
BRH:0
end_of_record
TN:
SF:server\routes\job.js
FN:29,(anonymous_0)
FNF:1
FNH:0
FNDA:0,(anonymous_0)
DA:20,1
DA:23,1
DA:26,1
DA:27,1
DA:28,1
DA:29,1
DA:30,0
DA:31,0
DA:32,0
DA:33,0
DA:36,0
DA:39,0
DA:40,0
DA:41,0
DA:43,0
DA:44,0
DA:48,0
DA:49,0
DA:52,0
DA:57,0
DA:59,0
DA:61,0
DA:62,0
DA:63,0
DA:65,0
DA:70,1
DA:71,1
DA:72,1
DA:73,1
DA:74,1
DA:77,1
DA:78,1
LF:32
LH:13
BRDA:31,0,0,0
BRDA:31,0,1,0
BRDA:31,1,0,0
BRDA:31,1,1,0
BRDA:62,2,0,0
BRDA:62,2,1,0
BRF:6
BRH:0
end_of_record
TN:
SF:server\routes\jobAlert.js
FNF:0
FNH:0
DA:5,0
DA:7,0
DA:8,0
DA:9,0
DA:10,0
LF:5
LH:0
BRF:0
BRH:0
end_of_record
TN:
SF:server\routes\jobMatch.js
FNF:0
FNH:0
DA:13,0
DA:20,0
DA:30,0
DA:37,0
DA:44,0
DA:55,0
DA:62,0
DA:69,0
LF:8
LH:0
BRF:0
BRH:0
end_of_record
TN:
SF:server\routes\meeting.js
FNF:0
FNH:0
DA:13,0
DA:41,0
DA:57,0
DA:64,0
DA:71,0
DA:78,0
DA:85,0
DA:98,0
LF:8
LH:0
BRF:0
BRH:0
end_of_record
TN:
SF:server\routes\milestone.js
FNF:0
FNH:0
DA:11,0
DA:28,0
DA:39,0
DA:53,0
DA:64,0
DA:75,0
LF:6
LH:0
BRF:0
BRH:0
end_of_record
TN:
SF:server\routes\ml.js
FNF:0
FNH:0
DA:13,0
DA:26,0
DA:33,0
DA:40,0
DA:47,0
DA:58,0
DA:69,0
DA:79,0
LF:8
LH:0
BRF:0
BRH:0
end_of_record
TN:
SF:server\routes\payment.js
FN:242,(anonymous_0)
FNF:1
FNH:0
FNDA:0,(anonymous_0)
DA:9,1
DA:16,1
DA:53,1
DA:82,1
DA:118,1
DA:157,1
DA:180,1
DA:195,1
DA:243,0
DA:252,0
DA:254,0
DA:255,0
DA:256,0
DA:258,0
DA:259,0
DA:260,0
DA:262,0
DA:269,0
DA:271,0
DA:282,0
DA:283,0
LF:21
LH:8
BRDA:245,0,0,0
BRDA:246,1,0,0
BRDA:255,2,0,0
BRDA:255,2,1,0
BRDA:255,3,0,0
BRDA:255,3,1,0
BRDA:258,4,0,0
BRDA:258,4,1,0
BRDA:259,5,0,0
BRDA:259,5,1,0
BRDA:260,6,0,0
BRDA:260,6,1,0
BRF:12
BRH:0
end_of_record
TN:
SF:server\routes\projectTemplate.js
FNF:0
FNH:0
DA:5,0
DA:7,0
DA:8,0
DA:9,0
DA:10,0
DA:11,0
LF:6
LH:0
BRF:0
BRH:0
end_of_record
TN:
SF:server\routes\review.js
FN:151,(anonymous_0)
FN:210,(anonymous_1)
FN:229,(anonymous_2)
FNF:3
FNH:0
FNDA:0,(anonymous_0)
FNDA:0,(anonymous_1)
FNDA:0,(anonymous_2)
DA:13,1
DA:20,1
DA:37,1
DA:57,1
DA:76,1
DA:96,1
DA:111,1
DA:138,1
DA:152,0
DA:153,0
DA:154,0
DA:155,0
DA:158,0
DA:159,0
DA:160,0
DA:163,0
DA:171,0
DA:173,0
DA:184,0
DA:185,0
DA:195,1
DA:211,0
DA:212,0
DA:213,0
DA:215,0
DA:216,0
DA:219,0
DA:220,0
DA:223,0
DA:226,0
DA:229,0
DA:230,0
DA:231,0
DA:232,0
DA:233,0
DA:235,0
DA:239,0
DA:255,0
DA:260,0
DA:261,0
LF:40
LH:9
BRDA:153,0,0,0
BRDA:153,0,1,0
BRDA:154,1,0,0
BRDA:154,1,1,0
BRDA:159,2,0,0
BRDA:159,2,1,0
BRDA:215,3,0,0
BRDA:215,3,1,0
BRDA:219,4,0,0
BRDA:219,4,1,0
BRDA:257,5,0,0
BRDA:257,5,1,0
BRF:12
BRH:0
end_of_record
TN:
SF:server\routes\timeTracking.js
FNF:0
FNH:0
DA:5,0
DA:7,0
DA:8,0
DA:9,0
LF:4
LH:0
BRF:0
BRH:0
end_of_record
TN:
SF:server\routes\transaction.js
FNF:0
FNH:0
DA:5,0
DA:7,0
DA:8,0
DA:9,0
LF:4
LH:0
BRF:0
BRH:0
end_of_record
TN:
SF:server\routes\twoFactor.js
FNF:0
FNH:0
DA:12,0
DA:25,0
DA:35,0
DA:45,0
DA:56,0
DA:66,0
DA:73,0
LF:7
LH:0
BRF:0
BRH:0
end_of_record
TN:
SF:server\routes\user.js
FNF:0
FNH:0
DA:8,1
DA:11,1
DA:12,1
DA:13,1
DA:14,1
DA:15,1
DA:18,1
DA:19,1
DA:20,1
DA:21,1
DA:24,1
DA:25,1
DA:26,1
DA:27,1
DA:28,1
DA:29,1
LF:16
LH:16
BRF:0
BRH:0
end_of_record
TN:
SF:server\routes\workDiary.js
FNF:0
FNH:0
DA:13,0
DA:23,0
DA:30,0
DA:45,0
DA:52,0
DA:59,0
DA:66,0
DA:77,0
LF:8
LH:0
BRF:0
BRH:0
end_of_record
TN:
SF:server\services\aiMatchingService.js
FN:12,(anonymous_0)
FN:15,(anonymous_1)
FN:16,(anonymous_2)
FN:25,(anonymous_3)
FN:29,(anonymous_4)
FN:43,(anonymous_5)
FN:52,(anonymous_6)
FN:61,(anonymous_7)
FN:69,(anonymous_8)
FN:75,(anonymous_9)
FN:86,(anonymous_10)
FN:143,(anonymous_11)
FN:191,(anonymous_12)
FN:202,(anonymous_13)
FN:232,(anonymous_14)
FN:234,(anonymous_15)
FN:245,(anonymous_16)
FN:255,(anonymous_17)
FN:268,(anonymous_18)
FN:277,(anonymous_19)
FN:278,(anonymous_20)
FN:285,(anonymous_21)
FN:287,(anonymous_22)
FNF:23
FNH:0
FNDA:0,(anonymous_0)
FNDA:0,(anonymous_1)
FNDA:0,(anonymous_2)
FNDA:0,(anonymous_3)
FNDA:0,(anonymous_4)
FNDA:0,(anonymous_5)
FNDA:0,(anonymous_6)
FNDA:0,(anonymous_7)
FNDA:0,(anonymous_8)
FNDA:0,(anonymous_9)
FNDA:0,(anonymous_10)
FNDA:0,(anonymous_11)
FNDA:0,(anonymous_12)
FNDA:0,(anonymous_13)
FNDA:0,(anonymous_14)
FNDA:0,(anonymous_15)
FNDA:0,(anonymous_16)
FNDA:0,(anonymous_17)
FNDA:0,(anonymous_18)
FNDA:0,(anonymous_19)
FNDA:0,(anonymous_20)
FNDA:0,(anonymous_21)
FNDA:0,(anonymous_22)
DA:7,0
DA:8,0
DA:13,0
DA:15,0
DA:16,0
DA:17,0
DA:22,0
DA:25,0
DA:30,0
DA:33,0
DA:36,0
DA:37,0
DA:40,0
DA:41,0
DA:43,0
DA:44,0
DA:45,0
DA:48,0
DA:53,0
DA:54,0
DA:56,0
DA:57,0
DA:62,0
DA:64,0
DA:65,0
DA:70,0
DA:71,0
DA:76,0
DA:77,0
DA:78,0
DA:81,0
DA:86,0
DA:88,0
DA:93,0
DA:98,0
DA:103,0
DA:109,0
DA:114,0
DA:118,0
DA:121,0
DA:130,0
DA:137,0
DA:144,0
DA:169,0
DA:183,0
DA:185,0
DA:186,0
DA:192,0
DA:193,0
DA:194,0
DA:197,0
DA:202,0
DA:203,0
DA:208,0
DA:213,0
DA:219,0
DA:224,0
DA:231,0
DA:232,0
DA:234,0
DA:239,0
DA:240,0
DA:246,0
DA:247,0
DA:249,0
DA:250,0
DA:256,0
DA:258,0
DA:263,0
DA:264,0
DA:268,0
DA:277,0
DA:278,0
DA:279,0
DA:282,0
DA:285,0
DA:286,0
DA:287,0
DA:290,0
DA:296,0
DA:297,0
LF:81
LH:0
BRDA:13,0,0,0
BRDA:13,0,1,0
BRDA:13,1,0,0
BRDA:13,1,1,0
BRDA:36,2,0,0
BRDA:36,2,1,0
BRDA:36,3,0,0
BRDA:36,3,1,0
BRDA:53,4,0,0
BRDA:53,4,1,0
BRDA:54,5,0,0
BRDA:54,5,1,0
BRDA:62,6,0,0
BRDA:62,6,1,0
BRDA:62,7,0,0
BRDA:62,7,1,0
BRDA:70,8,0,0
BRDA:70,8,1,0
BRDA:78,9,0,0
BRDA:78,9,1,0
BRDA:157,10,0,0
BRDA:157,10,1,0
BRDA:161,11,0,0
BRDA:161,11,1,0
BRDA:191,12,0,0
BRDA:194,13,0,0
BRDA:194,13,1,0
BRDA:263,14,0,0
BRDA:263,14,1,0
BRF:29
BRH:0
end_of_record
TN:
SF:server\services\cacheService.js
FN:5,(anonymous_0)
FN:13,(anonymous_1)
FN:20,(anonymous_2)
FN:39,(anonymous_3)
FN:54,(anonymous_4)
FN:69,(anonymous_5)
FN:83,(anonymous_6)
FN:108,(anonymous_7)
FN:112,(anonymous_8)
FN:120,(anonymous_9)
FN:127,(anonymous_10)
FN:134,(anonymous_11)
FN:141,(anonymous_12)
FN:148,(anonymous_13)
FN:155,(anonymous_14)
FN:162,(anonymous_15)
FN:169,(anonymous_16)
FN:176,(anonymous_17)
FN:183,(anonymous_18)
FN:190,(anonymous_19)
FN:197,(anonymous_20)
FN:204,(anonymous_21)
FN:222,(anonymous_22)
FN:239,(anonymous_23)
FN:241,(anonymous_24)
FN:243,(anonymous_25)
FN:253,(anonymous_26)
FN:256,(anonymous_27)
FNF:28
FNH:1
FNDA:1,(anonymous_0)
FNDA:0,(anonymous_1)
FNDA:0,(anonymous_2)
FNDA:0,(anonymous_3)
FNDA:0,(anonymous_4)
FNDA:0,(anonymous_5)
FNDA:0,(anonymous_6)
FNDA:0,(anonymous_7)
FNDA:0,(anonymous_8)
FNDA:0,(anonymous_9)
FNDA:0,(anonymous_10)
FNDA:0,(anonymous_11)
FNDA:0,(anonymous_12)
FNDA:0,(anonymous_13)
FNDA:0,(anonymous_14)
FNDA:0,(anonymous_15)
FNDA:0,(anonymous_16)
FNDA:0,(anonymous_17)
FNDA:0,(anonymous_18)
FNDA:0,(anonymous_19)
FNDA:0,(anonymous_20)
FNDA:0,(anonymous_21)
FNDA:0,(anonymous_22)
FNDA:0,(anonymous_23)
FNDA:0,(anonymous_24)
FNDA:0,(anonymous_25)
FNDA:0,(anonymous_26)
FNDA:0,(anonymous_27)
DA:6,1
DA:7,1
DA:14,0
DA:21,0
DA:22,0
DA:23,0
DA:24,0
DA:25,0
DA:26,0
DA:28,0
DA:29,0
DA:31,0
DA:32,0
DA:40,0
DA:41,0
DA:42,0
DA:43,0
DA:44,0
DA:46,0
DA:47,0
DA:55,0
DA:56,0
DA:57,0
DA:58,0
DA:59,0
DA:61,0
DA:62,0
DA:70,0
DA:71,0
DA:72,0
DA:73,0
DA:75,0
DA:76,0
DA:84,0
DA:86,0
DA:87,0
DA:88,0
DA:92,0
DA:95,0
DA:97,0
DA:99,0
DA:101,0
DA:109,0
DA:112,0
DA:121,0
DA:128,0
DA:135,0
DA:142,0
DA:149,0
DA:156,0
DA:163,0
DA:170,0
DA:177,0
DA:184,0
DA:191,0
DA:198,0
DA:205,0
DA:206,0
DA:212,0
DA:214,0
DA:215,0
DA:223,0
DA:224,0
DA:229,0
DA:231,0
DA:232,0
DA:240,0
DA:241,0
DA:242,0
DA:243,0
DA:245,0
DA:246,0
DA:254,0
DA:255,0
DA:256,0
DA:257,0
DA:258,0
DA:260,0
DA:261,0
DA:263,0
DA:264,0
DA:270,1
LF:82
LH:3
BRDA:24,0,0,0
BRDA:24,0,1,0
BRDA:39,1,0,0
BRDA:83,2,0,0
BRDA:87,3,0,0
BRDA:87,3,1,0
BRDA:108,4,0,0
BRDA:120,5,0,0
BRDA:134,6,0,0
BRDA:148,7,0,0
BRDA:162,8,0,0
BRDA:176,9,0,0
BRDA:190,10,0,0
BRDA:243,11,0,0
BRDA:243,11,1,0
BRDA:253,12,0,0
BRF:16
BRH:0
end_of_record
TN:
SF:server\services\mlService.js
FN:9,(anonymous_0)
FN:16,(anonymous_1)
FN:23,(anonymous_2)
FN:34,(anonymous_3)
FN:45,(anonymous_4)
FN:107,(anonymous_5)
FN:113,(anonymous_6)
FN:115,(anonymous_7)
FN:128,(anonymous_8)
FN:137,(anonymous_9)
FN:145,(anonymous_10)
FN:160,(anonymous_11)
FN:170,(anonymous_12)
FN:171,(anonymous_13)
FN:175,(anonymous_14)
FN:197,(anonymous_15)
FN:214,(anonymous_16)
FNF:17
FNH:0
FNDA:0,(anonymous_0)
FNDA:0,(anonymous_1)
FNDA:0,(anonymous_2)
FNDA:0,(anonymous_3)
FNDA:0,(anonymous_4)
FNDA:0,(anonymous_5)
FNDA:0,(anonymous_6)
FNDA:0,(anonymous_7)
FNDA:0,(anonymous_8)
FNDA:0,(anonymous_9)
FNDA:0,(anonymous_10)
FNDA:0,(anonymous_11)
FNDA:0,(anonymous_12)
FNDA:0,(anonymous_13)
FNDA:0,(anonymous_14)
FNDA:0,(anonymous_15)
FNDA:0,(anonymous_16)
DA:2,0
DA:10,0
DA:11,0
DA:12,0
DA:15,0
DA:16,0
DA:19,0
DA:22,0
DA:23,0
DA:24,0
DA:30,0
DA:35,0
DA:41,0
DA:46,0
DA:47,0
DA:52,0
DA:53,0
DA:57,0
DA:62,0
DA:67,0
DA:72,0
DA:76,0
DA:79,0
DA:86,0
DA:91,0
DA:101,0
DA:102,0
DA:108,0
DA:110,0
DA:111,0
DA:113,0
DA:114,0
DA:115,0
DA:116,0
DA:117,0
DA:119,0
DA:120,0
DA:123,0
DA:129,0
DA:130,0
DA:132,0
DA:133,0
DA:139,0
DA:140,0
DA:141,0
DA:146,0
DA:148,0
DA:155,0
DA:156,0
DA:160,0
DA:161,0
DA:162,0
DA:166,0
DA:170,0
DA:171,0
DA:172,0
DA:175,0
DA:176,0
DA:177,0
DA:180,0
DA:182,0
DA:191,0
DA:192,0
DA:198,0
DA:199,0
DA:202,0
DA:203,0
DA:207,0
DA:214,0
DA:215,0
DA:219,0
DA:220,0
DA:221,0
DA:224,0
DA:228,0
DA:229,0
DA:230,0
DA:231,0
DA:234,0
LF:79
LH:0
BRDA:9,0,0,0
BRDA:52,1,0,0
BRDA:52,1,1,0
BRDA:52,2,0,0
BRDA:52,2,1,0
BRDA:76,3,0,0
BRDA:76,3,1,0
BRDA:108,4,0,0
BRDA:108,4,1,0
BRDA:108,5,0,0
BRDA:108,5,1,0
BRDA:119,6,0,0
BRDA:119,6,1,0
BRDA:129,7,0,0
BRDA:129,7,1,0
BRDA:130,8,0,0
BRDA:130,8,1,0
BRDA:155,9,0,0
BRDA:155,9,1,0
BRDA:202,10,0,0
BRDA:202,10,1,0
BRDA:214,11,0,0
BRDA:214,11,1,0
BRDA:219,12,0,0
BRDA:219,12,1,0
BRDA:220,13,0,0
BRDA:220,13,1,0
BRDA:220,14,0,0
BRDA:220,14,1,0
BRDA:228,15,0,0
BRDA:228,15,1,0
BRDA:230,16,0,0
BRDA:230,16,1,0
BRF:33
BRH:0
end_of_record
TN:
SF:server\services\monitoringService.js
FN:7,(anonymous_0)
FN:51,(anonymous_1)
FN:53,(anonymous_2)
FN:58,(anonymous_3)
FN:66,(anonymous_4)
FN:118,(anonymous_5)
FN:154,(anonymous_6)
FN:173,(anonymous_7)
FN:198,(anonymous_8)
FN:233,(anonymous_9)
FN:250,(anonymous_10)
FN:263,(anonymous_11)
FN:289,(anonymous_12)
FN:295,(anonymous_13)
FN:300,(anonymous_14)
FN:305,(anonymous_15)
FN:310,(anonymous_16)
FN:319,(anonymous_17)
FN:329,(anonymous_18)
FN:361,(anonymous_19)
FNF:20
FNH:0
FNDA:0,(anonymous_0)
FNDA:0,(anonymous_1)
FNDA:0,(anonymous_2)
FNDA:0,(anonymous_3)
FNDA:0,(anonymous_4)
FNDA:0,(anonymous_5)
FNDA:0,(anonymous_6)
FNDA:0,(anonymous_7)
FNDA:0,(anonymous_8)
FNDA:0,(anonymous_9)
FNDA:0,(anonymous_10)
FNDA:0,(anonymous_11)
FNDA:0,(anonymous_12)
FNDA:0,(anonymous_13)
FNDA:0,(anonymous_14)
FNDA:0,(anonymous_15)
FNDA:0,(anonymous_16)
FNDA:0,(anonymous_17)
FNDA:0,(anonymous_18)
FNDA:0,(anonymous_19)
DA:1,0
DA:2,0
DA:3,0
DA:4,0
DA:8,0
DA:32,0
DA:45,0
DA:53,0
DA:54,0
DA:58,0
DA:59,0
DA:67,0
DA:69,0
DA:70,0
DA:71,0
DA:72,0
DA:75,0
DA:78,0
DA:79,0
DA:86,0
DA:92,0
DA:98,0
DA:104,0
DA:111,0
DA:119,0
DA:120,0
DA:122,0
DA:123,0
DA:124,0
DA:126,0
DA:129,0
DA:138,0
DA:139,0
DA:143,0
DA:155,0
DA:156,0
DA:163,0
DA:174,0
DA:175,0
DA:184,0
DA:185,0
DA:189,0
DA:192,0
DA:199,0
DA:200,0
DA:203,0
DA:204,0
DA:212,0
DA:213,0
DA:221,0
DA:222,0
DA:226,0
DA:234,0
DA:235,0
DA:237,0
DA:238,0
DA:239,0
DA:251,0
DA:264,0
DA:266,0
DA:273,0
DA:276,0
DA:282,0
DA:290,0
DA:291,0
DA:294,0
DA:295,0
DA:299,0
DA:300,0
DA:304,0
DA:305,0
DA:309,0
DA:310,0
DA:313,0
DA:320,0
DA:330,0
DA:332,0
DA:335,0
DA:338,0
DA:341,0
DA:360,0
DA:361,0
DA:363,0
DA:366,0
DA:367,0
DA:377,0
DA:379,0
LF:87
LH:0
BRDA:123,0,0,0
BRDA:123,0,1,0
BRDA:138,1,0,0
BRDA:138,1,1,0
BRDA:173,2,0,0
BRDA:184,3,0,0
BRDA:184,3,1,0
BRDA:203,4,0,0
BRDA:203,4,1,0
BRDA:212,5,0,0
BRDA:212,5,1,0
BRDA:221,6,0,0
BRDA:221,6,1,0
BRDA:235,7,0,0
BRDA:235,7,1,0
BRDA:238,8,0,0
BRDA:238,8,1,0
BRDA:338,9,0,0
BRDA:338,9,1,0
BRDA:345,10,0,0
BRDA:345,10,1,0
BRDA:348,11,0,0
BRDA:348,11,1,0
BRDA:352,12,0,0
BRDA:352,12,1,0
BRF:25
BRH:0
end_of_record
TN:
SF:server\services\paymentService.js
FN:4,(anonymous_0)
FNF:1
FNH:0
FNDA:0,(anonymous_0)
DA:4,0
DA:5,0
DA:6,0
DA:39,0
DA:40,0
DA:46,0
DA:48,0
LF:7
LH:0
BRF:0
BRH:0
end_of_record
TN:
SF:server\socketHandlers\meetingHandler.js
FN:3,setupMeetingHandlers
FN:7,(anonymous_1)
FN:11,(anonymous_2)
FN:26,(anonymous_3)
FN:42,(anonymous_4)
FN:43,(anonymous_5)
FN:59,(anonymous_6)
FN:69,(anonymous_7)
FN:79,(anonymous_8)
FN:90,(anonymous_9)
FN:98,(anonymous_10)
FN:106,(anonymous_11)
FN:113,(anonymous_12)
FN:121,(anonymous_13)
FN:146,(anonymous_14)
FN:155,(anonymous_15)
FN:162,(anonymous_16)
FN:175,(anonymous_17)
FNF:18
FNH:0
FNDA:0,setupMeetingHandlers
FNDA:0,(anonymous_1)
FNDA:0,(anonymous_2)
FNDA:0,(anonymous_3)
FNDA:0,(anonymous_4)
FNDA:0,(anonymous_5)
FNDA:0,(anonymous_6)
FNDA:0,(anonymous_7)
FNDA:0,(anonymous_8)
FNDA:0,(anonymous_9)
FNDA:0,(anonymous_10)
FNDA:0,(anonymous_11)
FNDA:0,(anonymous_12)
FNDA:0,(anonymous_13)
FNDA:0,(anonymous_14)
FNDA:0,(anonymous_15)
FNDA:0,(anonymous_16)
FNDA:0,(anonymous_17)
DA:5,0
DA:7,0
DA:8,0
DA:9,0
DA:11,0
DA:12,0
DA:13,0
DA:14,0
DA:15,0
DA:16,0
DA:20,0
DA:21,0
DA:22,0
DA:25,0
DA:26,0
DA:29,0
DA:30,0
DA:31,0
DA:35,0
DA:41,0
DA:42,0
DA:43,0
DA:48,0
DA:53,0
DA:54,0
DA:59,0
DA:60,0
DA:61,0
DA:69,0
DA:70,0
DA:71,0
DA:79,0
DA:80,0
DA:81,0
DA:90,0
DA:91,0
DA:92,0
DA:98,0
DA:99,0
DA:100,0
DA:106,0
DA:107,0
DA:108,0
DA:113,0
DA:114,0
DA:115,0
DA:121,0
DA:122,0
DA:123,0
DA:124,0
DA:125,0
DA:127,0
DA:135,0
DA:136,0
DA:138,0
DA:140,0
DA:141,0
DA:146,0
DA:147,0
DA:148,0
DA:155,0
DA:156,0
DA:157,0
DA:158,0
DA:159,0
DA:161,0
DA:162,0
DA:164,0
DA:165,0
DA:166,0
DA:170,0
DA:175,0
DA:176,0
DA:177,0
DA:178,0
DA:179,0
DA:181,0
DA:187,0
DA:193,0
LF:79
LH:0
BRDA:14,0,0,0
BRDA:14,0,1,0
BRDA:26,1,0,0
BRDA:26,1,1,0
BRDA:29,2,0,0
BRDA:29,2,1,0
BRDA:37,3,0,0
BRDA:37,3,1,0
BRDA:45,4,0,0
BRDA:45,4,1,0
BRDA:60,5,0,0
BRDA:60,5,1,0
BRDA:70,6,0,0
BRDA:70,6,1,0
BRDA:80,7,0,0
BRDA:80,7,1,0
BRDA:91,8,0,0
BRDA:91,8,1,0
BRDA:99,9,0,0
BRDA:99,9,1,0
BRDA:107,10,0,0
BRDA:107,10,1,0
BRDA:114,11,0,0
BRDA:114,11,1,0
BRDA:121,12,0,0
BRDA:121,13,0,0
BRDA:122,14,0,0
BRDA:122,14,1,0
BRDA:125,15,0,0
BRDA:125,15,1,0
BRDA:147,16,0,0
BRDA:147,16,1,0
BRDA:156,17,0,0
BRDA:156,17,1,0
BRDA:156,18,0,0
BRDA:156,18,1,0
BRDA:159,19,0,0
BRDA:159,19,1,0
BRDA:162,20,0,0
BRDA:162,20,1,0
BRDA:164,21,0,0
BRDA:164,21,1,0
BRDA:176,22,0,0
BRDA:176,22,1,0
BRDA:176,23,0,0
BRDA:176,23,1,0
BRF:46
BRH:0
end_of_record
TN:
SF:server\utils\errorHandler.js
FN:5,(anonymous_0)
FN:17,(anonymous_1)
FN:26,(anonymous_2)
FN:73,(anonymous_3)
FN:74,(anonymous_4)
FN:79,(anonymous_5)
FN:85,(anonymous_6)
FN:90,(anonymous_7)
FN:93,(anonymous_8)
FN:97,(anonymous_9)
FNF:10
FNH:0
FNDA:0,(anonymous_0)
FNDA:0,(anonymous_1)
FNDA:0,(anonymous_2)
FNDA:0,(anonymous_3)
FNDA:0,(anonymous_4)
FNDA:0,(anonymous_5)
FNDA:0,(anonymous_6)
FNDA:0,(anonymous_7)
FNDA:0,(anonymous_8)
FNDA:0,(anonymous_9)
DA:6,0
DA:7,0
DA:8,0
DA:9,0
DA:10,0
DA:12,0
DA:17,1
DA:18,0
DA:26,1
DA:27,0
DA:28,0
DA:31,0
DA:44,0
DA:45,0
DA:55,0
DA:57,0
DA:65,0
DA:66,0
DA:73,1
DA:74,0
DA:75,0
DA:76,0
DA:79,1
DA:80,0
DA:81,0
DA:82,0
DA:85,1
DA:86,0
DA:87,0
DA:90,1
DA:91,0
DA:93,1
DA:94,0
DA:97,1
DA:98,0
DA:99,0
DA:100,0
DA:101,0
DA:102,0
DA:103,0
LF:40
LH:8
BRDA:5,0,0,0
BRDA:9,1,0,0
BRDA:9,1,1,0
BRDA:17,2,0,0
BRDA:19,3,0,0
BRDA:19,3,1,0
BRDA:27,4,0,0
BRDA:27,4,1,0
BRDA:28,5,0,0
BRDA:28,5,1,0
BRDA:40,6,0,0
BRDA:40,6,1,0
BRDA:44,7,0,0
BRDA:44,7,1,0
BRDA:55,8,0,0
BRDA:55,8,1,0
BRDA:98,9,0,0
BRDA:98,9,1,0
BRDA:99,10,0,0
BRDA:99,10,1,0
BRDA:100,11,0,0
BRDA:100,11,1,0
BRDA:101,12,0,0
BRDA:101,12,1,0
BRDA:102,13,0,0
BRDA:102,13,1,0
BRF:26
BRH:0
end_of_record
